<?xml version="1.0" encoding="UTF-8"?>
<coverage generated="1771315621061" clover="3.2.0">
  <project timestamp="1771315621061" name="All files">
    <metrics statements="2146" coveredstatements="1064" conditionals="1155" coveredconditionals="363" methods="467" coveredmethods="224" elements="3768" coveredelements="1651" complexity="0" loc="2146" ncloc="2146" packages="5" files="24" classes="24"/>
    <package name="lib">
      <metrics statements="362" coveredstatements="107" conditionals="249" coveredconditionals="92" methods="72" coveredmethods="27"/>
      <file name="components.tsx" path="/Users/waqar/Documents/projects/personal/budget-tracker-app-development/lib/components.tsx">
        <metrics statements="67" coveredstatements="0" conditionals="90" coveredconditionals="0" methods="21" coveredmethods="0"/>
        <line num="1" count="0" type="stmt"/>
        <line num="2" count="0" type="stmt"/>
        <line num="18" count="0" type="stmt"/>
        <line num="27" count="0" type="stmt"/>
        <line num="28" count="0" type="stmt"/>
        <line num="29" count="0" type="stmt"/>
        <line num="30" count="0" type="stmt"/>
        <line num="42" count="0" type="stmt"/>
        <line num="43" count="0" type="stmt"/>
        <line num="44" count="0" type="stmt"/>
        <line num="46" count="0" type="cond" truecount="0" falsecount="2"/>
        <line num="47" count="0" type="stmt"/>
        <line num="54" count="0" type="stmt"/>
        <line num="72" count="0" type="stmt"/>
        <line num="83" count="0" type="stmt"/>
        <line num="84" count="0" type="stmt"/>
        <line num="93" count="0" type="stmt"/>
        <line num="99" count="0" type="stmt"/>
        <line num="136" count="0" type="stmt"/>
        <line num="147" count="0" type="stmt"/>
        <line num="148" count="0" type="stmt"/>
        <line num="179" count="0" type="stmt"/>
        <line num="184" count="0" type="stmt"/>
        <line num="185" count="0" type="cond" truecount="0" falsecount="2"/>
        <line num="186" count="0" type="stmt"/>
        <line num="192" count="0" type="stmt"/>
        <line num="221" count="0" type="stmt"/>
        <line num="229" count="0" type="stmt"/>
        <line num="230" count="0" type="cond" truecount="0" falsecount="2"/>
        <line num="231" count="0" type="stmt"/>
        <line num="272" count="0" type="stmt"/>
        <line num="279" count="0" type="stmt"/>
        <line num="280" count="0" type="stmt"/>
        <line num="302" count="0" type="stmt"/>
        <line num="303" count="0" type="stmt"/>
        <line num="304" count="0" type="stmt"/>
        <line num="320" count="0" type="stmt"/>
        <line num="324" count="0" type="stmt"/>
        <line num="325" count="0" type="stmt"/>
        <line num="348" count="0" type="stmt"/>
        <line num="355" count="0" type="stmt"/>
        <line num="356" count="0" type="stmt"/>
        <line num="357" count="0" type="cond" truecount="0" falsecount="2"/>
        <line num="358" count="0" type="cond" truecount="0" falsecount="2"/>
        <line num="360" count="0" type="stmt"/>
        <line num="398" count="0" type="stmt"/>
        <line num="404" count="0" type="stmt"/>
        <line num="405" count="0" type="stmt"/>
        <line num="419" count="0" type="stmt"/>
        <line num="465" count="0" type="stmt"/>
        <line num="472" count="0" type="stmt"/>
        <line num="473" count="0" type="stmt"/>
        <line num="474" count="0" type="stmt"/>
        <line num="476" count="0" type="stmt"/>
        <line num="481" count="0" type="stmt"/>
        <line num="503" count="0" type="stmt"/>
        <line num="507" count="0" type="stmt"/>
        <line num="514" count="0" type="stmt"/>
        <line num="515" count="0" type="stmt"/>
        <line num="551" count="0" type="stmt"/>
        <line num="559" count="0" type="stmt"/>
        <line num="561" count="0" type="stmt"/>
        <line num="571" count="0" type="cond" truecount="0" falsecount="2"/>
        <line num="572" count="0" type="stmt"/>
        <line num="579" count="0" type="stmt"/>
        <line num="585" count="0" type="stmt"/>
        <line num="586" count="0" type="stmt"/>
      </file>
      <file name="currencies.ts" path="/Users/waqar/Documents/projects/personal/budget-tracker-app-development/lib/currencies.ts">
        <metrics statements="38" coveredstatements="37" conditionals="39" coveredconditionals="37" methods="12" coveredmethods="12"/>
        <line num="27" count="3" type="stmt"/>
        <line num="43" count="3" type="stmt"/>
        <line num="1081" count="3" type="stmt"/>
        <line num="1082" count="339" type="stmt"/>
        <line num="1087" count="3" type="stmt"/>
        <line num="1088" count="60" type="stmt"/>
        <line num="1094" count="3" type="stmt"/>
        <line num="1095" count="3" type="cond" truecount="6" falsecount="0"/>
        <line num="1101" count="3" type="stmt"/>
        <line num="1110" count="10" type="stmt"/>
        <line num="1111" count="10" type="cond" truecount="2" falsecount="0"/>
        <line num="1112" count="1" type="stmt"/>
        <line num="1115" count="9" type="cond" truecount="6" falsecount="0"/>
        <line num="1120" count="9" type="cond" truecount="8" falsecount="0"/>
        <line num="1121" count="2" type="cond" truecount="2" falsecount="0"/>
        <line num="1122" count="1" type="stmt"/>
        <line num="1123" count="1" type="cond" truecount="1" falsecount="1"/>
        <line num="1124" count="1" type="stmt"/>
        <line num="1126" count="0" type="stmt"/>
        <line num="1129" count="7" type="stmt"/>
        <line num="1136" count="9" type="stmt"/>
        <line num="1138" count="9" type="cond" truecount="6" falsecount="0"/>
        <line num="1139" count="1" type="stmt"/>
        <line num="1142" count="8" type="stmt"/>
        <line num="1148" count="3" type="stmt"/>
        <line num="1149" count="339" type="stmt"/>
        <line num="1155" count="3" type="stmt"/>
        <line num="1156" count="12" type="stmt"/>
        <line num="1157" count="12" type="stmt"/>
        <line num="1164" count="3" type="stmt"/>
        <line num="1165" count="7" type="stmt"/>
        <line num="1166" count="7" type="cond" truecount="2" falsecount="0"/>
        <line num="1168" count="5" type="stmt"/>
        <line num="1170" count="565" type="cond" truecount="4" falsecount="0"/>
        <line num="1180" count="3" type="stmt"/>
        <line num="1194" count="3" type="stmt"/>
        <line num="1195" count="2" type="stmt"/>
        <line num="1201" count="3" type="stmt"/>
      </file>
      <file name="database.ts" path="/Users/waqar/Documents/projects/personal/budget-tracker-app-development/lib/database.ts">
        <metrics statements="117" coveredstatements="0" conditionals="45" coveredconditionals="0" methods="9" coveredmethods="0"/>
        <line num="1" count="0" type="stmt"/>
        <line num="3" count="0" type="stmt"/>
        <line num="4" count="0" type="stmt"/>
        <line num="113" count="0" type="stmt"/>
        <line num="114" count="0" type="stmt"/>
        <line num="125" count="0" type="stmt"/>
        <line num="127" count="0" type="stmt"/>
        <line num="129" count="0" type="stmt"/>
        <line num="132" count="0" type="cond" truecount="0" falsecount="2"/>
        <line num="133" count="0" type="stmt"/>
        <line num="134" count="0" type="stmt"/>
        <line num="135" count="0" type="stmt"/>
        <line num="136" count="0" type="stmt"/>
        <line num="140" count="0" type="stmt"/>
        <line num="141" count="0" type="stmt"/>
        <line num="152" count="0" type="stmt"/>
        <line num="153" count="0" type="stmt"/>
        <line num="154" count="0" type="stmt"/>
        <line num="158" count="0" type="stmt"/>
        <line num="159" count="0" type="stmt"/>
        <line num="170" count="0" type="stmt"/>
        <line num="173" count="0" type="stmt"/>
        <line num="174" count="0" type="stmt"/>
        <line num="176" count="0" type="stmt"/>
        <line num="178" count="0" type="stmt"/>
        <line num="180" count="0" type="stmt"/>
        <line num="183" count="0" type="stmt"/>
        <line num="184" count="0" type="stmt"/>
        <line num="201" count="0" type="stmt"/>
        <line num="203" count="0" type="stmt"/>
        <line num="206" count="0" type="stmt"/>
        <line num="218" count="0" type="cond" truecount="0" falsecount="12"/>
        <line num="221" count="0" type="stmt"/>
        <line num="222" count="0" type="stmt"/>
        <line num="226" count="0" type="stmt"/>
        <line num="227" count="0" type="stmt"/>
        <line num="230" count="0" type="stmt"/>
        <line num="234" count="0" type="stmt"/>
        <line num="235" count="0" type="stmt"/>
        <line num="238" count="0" type="stmt"/>
        <line num="242" count="0" type="stmt"/>
        <line num="243" count="0" type="stmt"/>
        <line num="246" count="0" type="stmt"/>
        <line num="250" count="0" type="stmt"/>
        <line num="251" count="0" type="stmt"/>
        <line num="269" count="0" type="stmt"/>
        <line num="272" count="0" type="stmt"/>
        <line num="276" count="0" type="stmt"/>
        <line num="277" count="0" type="stmt"/>
        <line num="288" count="0" type="stmt"/>
        <line num="292" count="0" type="stmt"/>
        <line num="293" count="0" type="stmt"/>
        <line num="302" count="0" type="stmt"/>
        <line num="306" count="0" type="stmt"/>
        <line num="307" count="0" type="stmt"/>
        <line num="318" count="0" type="stmt"/>
        <line num="321" count="0" type="stmt"/>
        <line num="325" count="0" type="stmt"/>
        <line num="326" count="0" type="stmt"/>
        <line num="331" count="0" type="stmt"/>
        <line num="335" count="0" type="stmt"/>
        <line num="338" count="0" type="stmt"/>
        <line num="362" count="0" type="stmt"/>
        <line num="366" count="0" type="stmt"/>
        <line num="367" count="0" type="stmt"/>
        <line num="371" count="0" type="stmt"/>
        <line num="376" count="0" type="stmt"/>
        <line num="379" count="0" type="stmt"/>
        <line num="383" count="0" type="stmt"/>
        <line num="385" count="0" type="cond" truecount="0" falsecount="2"/>
        <line num="388" count="0" type="cond" truecount="0" falsecount="2"/>
        <line num="391" count="0" type="stmt"/>
        <line num="392" count="0" type="stmt"/>
        <line num="395" count="0" type="stmt"/>
        <line num="398" count="0" type="stmt"/>
        <line num="399" count="0" type="stmt"/>
        <line num="400" count="0" type="stmt"/>
        <line num="403" count="0" type="cond" truecount="0" falsecount="8"/>
        <line num="404" count="0" type="stmt"/>
        <line num="407" count="0" type="cond" truecount="0" falsecount="2"/>
        <line num="408" count="0" type="stmt"/>
        <line num="410" count="0" type="stmt"/>
        <line num="413" count="0" type="stmt"/>
        <line num="414" count="0" type="stmt"/>
        <line num="416" count="0" type="stmt"/>
        <line num="417" count="0" type="stmt"/>
        <line num="419" count="0" type="cond" truecount="0" falsecount="5"/>
        <line num="420" count="0" type="stmt"/>
        <line num="424" count="0" type="stmt"/>
        <line num="429" count="0" type="stmt"/>
        <line num="432" count="0" type="cond" truecount="0" falsecount="2"/>
        <line num="433" count="0" type="stmt"/>
        <line num="436" count="0" type="cond" truecount="0" falsecount="6"/>
        <line num="437" count="0" type="stmt"/>
        <line num="440" count="0" type="stmt"/>
        <line num="444" count="0" type="stmt"/>
        <line num="447" count="0" type="stmt"/>
        <line num="575" count="0" type="stmt"/>
        <line num="576" count="0" type="stmt"/>
        <line num="579" count="0" type="stmt"/>
        <line num="582" count="0" type="stmt"/>
        <line num="583" count="0" type="cond" truecount="0" falsecount="2"/>
        <line num="584" count="0" type="stmt"/>
        <line num="588" count="0" type="stmt"/>
        <line num="589" count="0" type="stmt"/>
        <line num="590" count="0" type="stmt"/>
        <line num="593" count="0" type="stmt"/>
        <line num="594" count="0" type="stmt"/>
        <line num="595" count="0" type="stmt"/>
        <line num="596" count="0" type="stmt"/>
        <line num="600" count="0" type="stmt"/>
        <line num="601" count="0" type="cond" truecount="0" falsecount="2"/>
        <line num="602" count="0" type="stmt"/>
        <line num="603" count="0" type="stmt"/>
        <line num="605" count="0" type="stmt"/>
        <line num="607" count="0" type="stmt"/>
        <line num="608" count="0" type="stmt"/>
      </file>
      <file name="design-system.tsx" path="/Users/waqar/Documents/projects/personal/budget-tracker-app-development/lib/design-system.tsx">
        <metrics statements="8" coveredstatements="0" conditionals="0" coveredconditionals="0" methods="0" coveredmethods="0"/>
        <line num="4" count="0" type="stmt"/>
        <line num="23" count="0" type="stmt"/>
        <line num="37" count="0" type="stmt"/>
        <line num="48" count="0" type="stmt"/>
        <line num="57" count="0" type="stmt"/>
        <line num="82" count="0" type="stmt"/>
        <line num="95" count="0" type="stmt"/>
        <line num="111" count="0" type="stmt"/>
      </file>
      <file name="smartCategories.ts" path="/Users/waqar/Documents/projects/personal/budget-tracker-app-development/lib/smartCategories.ts">
        <metrics statements="70" coveredstatements="70" conditionals="57" coveredconditionals="55" methods="15" coveredmethods="15"/>
        <line num="24" count="1" type="stmt"/>
        <line num="1709" count="1" type="stmt"/>
        <line num="1713" count="16" type="cond" truecount="4" falsecount="0"/>
        <line num="1714" count="2" type="stmt"/>
        <line num="1717" count="14" type="stmt"/>
        <line num="1718" count="14" type="stmt"/>
        <line num="1720" count="14" type="stmt"/>
        <line num="1721" count="14" type="stmt"/>
        <line num="1723" count="434" type="stmt"/>
        <line num="1725" count="14" type="stmt"/>
        <line num="1726" count="269" type="stmt"/>
        <line num="1729" count="269" type="stmt"/>
        <line num="1730" count="11873" type="stmt"/>
        <line num="1733" count="11873" type="cond" truecount="2" falsecount="0"/>
        <line num="1735" count="29" type="stmt"/>
        <line num="1738" count="29" type="cond" truecount="2" falsecount="0"/>
        <line num="1739" count="27" type="stmt"/>
        <line num="1744" count="11873" type="stmt"/>
        <line num="1745" count="24909" type="cond" truecount="4" falsecount="0"/>
        <line num="1746" count="55" type="stmt"/>
        <line num="1751" count="269" type="cond" truecount="2" falsecount="0"/>
        <line num="1752" count="18" type="stmt"/>
        <line num="1753" count="18" type="stmt"/>
        <line num="1758" count="14" type="cond" truecount="2" falsecount="0"/>
        <line num="1764" count="1" type="stmt"/>
        <line num="1769" count="5" type="cond" truecount="4" falsecount="0"/>
        <line num="1770" count="1" type="stmt"/>
        <line num="1773" count="4" type="stmt"/>
        <line num="1774" count="4" type="stmt"/>
        <line num="1776" count="124" type="stmt"/>
        <line num="1777" count="4" type="stmt"/>
        <line num="1779" count="4" type="stmt"/>
        <line num="1780" count="75" type="stmt"/>
        <line num="1782" count="75" type="stmt"/>
        <line num="1783" count="3259" type="stmt"/>
        <line num="1785" count="3259" type="cond" truecount="2" falsecount="0"/>
        <line num="1786" count="10" type="stmt"/>
        <line num="1787" count="10" type="cond" truecount="2" falsecount="0"/>
        <line num="1788" count="7" type="stmt"/>
        <line num="1792" count="3259" type="stmt"/>
        <line num="1793" count="8614" type="cond" truecount="4" falsecount="0"/>
        <line num="1794" count="51" type="stmt"/>
        <line num="1799" count="75" type="cond" truecount="2" falsecount="0"/>
        <line num="1800" count="18" type="stmt"/>
        <line num="1804" count="4" type="stmt"/>
        <line num="1805" count="26" type="stmt"/>
        <line num="1807" count="13" type="stmt"/>
        <line num="1813" count="1" type="stmt"/>
        <line num="1816" count="4" type="stmt"/>
        <line num="1817" count="34" type="stmt"/>
        <line num="1819" count="4" type="cond" truecount="6" falsecount="0"/>
        <line num="1825" count="1" type="stmt"/>
        <line num="1826" count="4" type="stmt"/>
        <line num="1827" count="41" type="stmt"/>
        <line num="1829" count="4" type="cond" truecount="6" falsecount="0"/>
        <line num="1835" count="1" type="stmt"/>
        <line num="1836" count="2" type="stmt"/>
        <line num="1837" count="36" type="stmt"/>
        <line num="1839" count="2" type="cond" truecount="6" falsecount="0"/>
        <line num="1845" count="1" type="stmt"/>
        <line num="1848" count="124" type="stmt"/>
        <line num="1854" count="1" type="stmt"/>
        <line num="1918" count="1" type="stmt"/>
        <line num="1919" count="13" type="stmt"/>
        <line num="1922" count="13" type="cond" truecount="2" falsecount="0"/>
        <line num="1923" count="10" type="stmt"/>
        <line num="1927" count="3" type="stmt"/>
        <line num="1928" count="57" type="cond" truecount="4" falsecount="0"/>
        <line num="1929" count="2" type="stmt"/>
        <line num="1933" count="1" type="stmt"/>
      </file>
      <file name="theme.ts" path="/Users/waqar/Documents/projects/personal/budget-tracker-app-development/lib/theme.ts">
        <metrics statements="28" coveredstatements="0" conditionals="14" coveredconditionals="0" methods="6" coveredmethods="0"/>
        <line num="2" count="0" type="stmt"/>
        <line num="3" count="0" type="stmt"/>
        <line num="7" count="0" type="stmt"/>
        <line num="51" count="0" type="stmt"/>
        <line num="97" count="0" type="stmt"/>
        <line num="98" count="0" type="stmt"/>
        <line num="99" count="0" type="stmt"/>
        <line num="100" count="0" type="stmt"/>
        <line num="102" count="0" type="cond" truecount="0" falsecount="4"/>
        <line num="103" count="0" type="cond" truecount="0" falsecount="2"/>
        <line num="105" count="0" type="stmt"/>
        <line num="109" count="0" type="stmt"/>
        <line num="113" count="0" type="stmt"/>
        <line num="123" count="0" type="stmt"/>
        <line num="131" count="0" type="stmt"/>
        <line num="157" count="0" type="stmt"/>
        <line num="182" count="0" type="stmt"/>
        <line num="216" count="0" type="stmt"/>
        <line num="223" count="0" type="stmt"/>
        <line num="225" count="0" type="stmt"/>
        <line num="229" count="0" type="stmt"/>
        <line num="233" count="0" type="cond" truecount="0" falsecount="1"/>
        <line num="234" count="0" type="stmt"/>
        <line num="235" count="0" type="cond" truecount="0" falsecount="6"/>
        <line num="239" count="0" type="stmt"/>
        <line num="240" count="0" type="stmt"/>
        <line num="247" count="0" type="stmt"/>
        <line num="248" count="0" type="stmt"/>
      </file>
      <file name="utils.ts" path="/Users/waqar/Documents/projects/personal/budget-tracker-app-development/lib/utils.ts">
        <metrics statements="34" coveredstatements="0" conditionals="4" coveredconditionals="0" methods="9" coveredmethods="0"/>
        <line num="1" count="0" type="stmt"/>
        <line num="2" count="0" type="stmt"/>
        <line num="4" count="0" type="stmt"/>
        <line num="5" count="0" type="stmt"/>
        <line num="8" count="0" type="stmt"/>
        <line num="9" count="0" type="cond" truecount="0" falsecount="2"/>
        <line num="10" count="0" type="stmt"/>
        <line num="17" count="0" type="stmt"/>
        <line num="18" count="0" type="cond" truecount="0" falsecount="2"/>
        <line num="19" count="0" type="stmt"/>
        <line num="26" count="0" type="stmt"/>
        <line num="27" count="0" type="stmt"/>
        <line num="41" count="0" type="stmt"/>
        <line num="44" count="0" type="stmt"/>
        <line num="45" count="0" type="stmt"/>
        <line num="46" count="0" type="stmt"/>
        <line num="47" count="0" type="stmt"/>
        <line num="56" count="0" type="stmt"/>
        <line num="59" count="0" type="stmt"/>
        <line num="60" count="0" type="stmt"/>
        <line num="61" count="0" type="stmt"/>
        <line num="62" count="0" type="stmt"/>
        <line num="63" count="0" type="stmt"/>
        <line num="66" count="0" type="stmt"/>
        <line num="67" count="0" type="stmt"/>
        <line num="68" count="0" type="stmt"/>
        <line num="69" count="0" type="stmt"/>
        <line num="70" count="0" type="stmt"/>
        <line num="71" count="0" type="stmt"/>
        <line num="72" count="0" type="stmt"/>
        <line num="75" count="0" type="stmt"/>
        <line num="76" count="0" type="stmt"/>
        <line num="79" count="0" type="stmt"/>
        <line num="80" count="0" type="stmt"/>
      </file>
    </package>
    <package name="lib.components">
      <metrics statements="326" coveredstatements="0" conditionals="331" coveredconditionals="0" methods="79" coveredmethods="0"/>
      <file name="Charts.tsx" path="/Users/waqar/Documents/projects/personal/budget-tracker-app-development/lib/components/Charts.tsx">
        <metrics statements="21" coveredstatements="0" conditionals="7" coveredconditionals="0" methods="6" coveredmethods="0"/>
        <line num="1" count="0" type="stmt"/>
        <line num="2" count="0" type="stmt"/>
        <line num="3" count="0" type="stmt"/>
        <line num="4" count="0" type="stmt"/>
        <line num="6" count="0" type="stmt"/>
        <line num="7" count="0" type="stmt"/>
        <line num="8" count="0" type="stmt"/>
        <line num="9" count="0" type="stmt"/>
        <line num="27" count="0" type="stmt"/>
        <line num="31" count="0" type="stmt"/>
        <line num="33" count="0" type="cond" truecount="0" falsecount="2"/>
        <line num="34" count="0" type="stmt"/>
        <line num="41" count="0" type="stmt"/>
        <line num="42" count="0" type="stmt"/>
        <line num="45" count="0" type="stmt"/>
        <line num="47" count="0" type="stmt"/>
        <line num="68" count="0" type="stmt"/>
        <line num="69" count="0" type="stmt"/>
        <line num="70" count="0" type="stmt"/>
        <line num="109" count="0" type="stmt"/>
        <line num="110" count="0" type="stmt"/>
      </file>
      <file name="CurrencyPicker.tsx" path="/Users/waqar/Documents/projects/personal/budget-tracker-app-development/lib/components/CurrencyPicker.tsx">
        <metrics statements="64" coveredstatements="0" conditionals="81" coveredconditionals="0" methods="26" coveredmethods="0"/>
        <line num="1" count="0" type="stmt"/>
        <line num="2" count="0" type="stmt"/>
        <line num="12" count="0" type="stmt"/>
        <line num="13" count="0" type="stmt"/>
        <line num="14" count="0" type="stmt"/>
        <line num="15" count="0" type="stmt"/>
        <line num="25" count="0" type="stmt"/>
        <line num="27" count="0" type="cond" truecount="0" falsecount="2"/>
        <line num="31" count="0" type="stmt"/>
        <line num="42" count="0" type="stmt"/>
        <line num="47" count="0" type="stmt"/>
        <line num="48" count="0" type="stmt"/>
        <line num="49" count="0" type="stmt"/>
        <line num="50" count="0" type="stmt"/>
        <line num="52" count="0" type="stmt"/>
        <line num="53" count="0" type="stmt"/>
        <line num="57" count="0" type="stmt"/>
        <line num="60" count="0" type="stmt"/>
        <line num="61" count="0" type="cond" truecount="0" falsecount="2"/>
        <line num="62" count="0" type="stmt"/>
        <line num="64" count="0" type="stmt"/>
        <line num="68" count="0" type="stmt"/>
        <line num="69" count="0" type="stmt"/>
        <line num="70" count="0" type="stmt"/>
        <line num="71" count="0" type="stmt"/>
        <line num="75" count="0" type="stmt"/>
        <line num="78" count="0" type="stmt"/>
        <line num="81" count="0" type="stmt"/>
        <line num="82" count="0" type="cond" truecount="0" falsecount="2"/>
        <line num="83" count="0" type="stmt"/>
        <line num="87" count="0" type="stmt"/>
        <line num="88" count="0" type="stmt"/>
        <line num="89" count="0" type="stmt"/>
        <line num="90" count="0" type="cond" truecount="0" falsecount="2"/>
        <line num="91" count="0" type="stmt"/>
        <line num="93" count="0" type="stmt"/>
        <line num="96" count="0" type="stmt"/>
        <line num="98" count="0" type="stmt"/>
        <line num="99" count="0" type="stmt"/>
        <line num="100" count="0" type="stmt"/>
        <line num="101" count="0" type="stmt"/>
        <line num="102" count="0" type="stmt"/>
        <line num="107" count="0" type="stmt"/>
        <line num="149" count="0" type="stmt"/>
        <line num="171" count="0" type="stmt"/>
        <line num="172" count="0" type="stmt"/>
        <line num="176" count="0" type="stmt"/>
        <line num="211" count="0" type="stmt"/>
        <line num="212" count="0" type="stmt"/>
        <line num="216" count="0" type="stmt"/>
        <line num="247" count="0" type="stmt"/>
        <line num="250" count="0" type="stmt"/>
        <line num="251" count="0" type="stmt"/>
        <line num="255" count="0" type="stmt"/>
        <line num="304" count="0" type="stmt"/>
        <line num="309" count="0" type="stmt"/>
        <line num="310" count="0" type="stmt"/>
        <line num="312" count="0" type="cond" truecount="0" falsecount="2"/>
        <line num="313" count="0" type="stmt"/>
        <line num="336" count="0" type="stmt"/>
        <line num="373" count="0" type="stmt"/>
        <line num="377" count="0" type="stmt"/>
        <line num="378" count="0" type="stmt"/>
        <line num="504" count="0" type="stmt"/>
      </file>
      <file name="QuickAddModal.tsx" path="/Users/waqar/Documents/projects/personal/budget-tracker-app-development/lib/components/QuickAddModal.tsx">
        <metrics statements="241" coveredstatements="0" conditionals="243" coveredconditionals="0" methods="47" coveredmethods="0"/>
        <line num="1" count="0" type="stmt"/>
        <line num="8" count="0" type="stmt"/>
        <line num="21" count="0" type="stmt"/>
        <line num="22" count="0" type="stmt"/>
        <line num="23" count="0" type="stmt"/>
        <line num="24" count="0" type="stmt"/>
        <line num="25" count="0" type="stmt"/>
        <line num="26" count="0" type="stmt"/>
        <line num="27" count="0" type="stmt"/>
        <line num="28" count="0" type="stmt"/>
        <line num="29" count="0" type="stmt"/>
        <line num="30" count="0" type="stmt"/>
        <line num="31" count="0" type="stmt"/>
        <line num="32" count="0" type="stmt"/>
        <line num="33" count="0" type="stmt"/>
        <line num="39" count="0" type="stmt"/>
        <line num="47" count="0" type="stmt"/>
        <line num="50" count="0" type="stmt"/>
        <line num="99" count="0" type="stmt"/>
        <line num="125" count="0" type="stmt"/>
        <line num="128" count="0" type="stmt"/>
        <line num="129" count="0" type="cond" truecount="0" falsecount="2"/>
        <line num="130" count="0" type="stmt"/>
        <line num="133" count="0" type="stmt"/>
        <line num="136" count="0" type="stmt"/>
        <line num="140" count="0" type="stmt"/>
        <line num="141" count="0" type="stmt"/>
        <line num="142" count="0" type="stmt"/>
        <line num="143" count="0" type="stmt"/>
        <line num="144" count="0" type="stmt"/>
        <line num="145" count="0" type="stmt"/>
        <line num="146" count="0" type="stmt"/>
        <line num="147" count="0" type="stmt"/>
        <line num="148" count="0" type="stmt"/>
        <line num="150" count="0" type="stmt"/>
        <line num="151" count="0" type="stmt"/>
        <line num="152" count="0" type="stmt"/>
        <line num="153" count="0" type="stmt"/>
        <line num="156" count="0" type="stmt"/>
        <line num="159" count="0" type="stmt"/>
        <line num="161" count="0" type="stmt"/>
        <line num="162" count="0" type="stmt"/>
        <line num="165" count="0" type="stmt"/>
        <line num="170" count="0" type="stmt"/>
        <line num="171" count="0" type="cond" truecount="0" falsecount="6"/>
        <line num="174" count="0" type="stmt"/>
        <line num="176" count="0" type="stmt"/>
        <line num="177" count="0" type="stmt"/>
        <line num="181" count="0" type="stmt"/>
        <line num="182" count="0" type="stmt"/>
        <line num="183" count="0" type="stmt"/>
        <line num="184" count="0" type="stmt"/>
        <line num="187" count="0" type="cond" truecount="0" falsecount="2"/>
        <line num="190" count="0" type="stmt"/>
        <line num="191" count="0" type="cond" truecount="0" falsecount="2"/>
        <line num="192" count="0" type="stmt"/>
        <line num="193" count="0" type="stmt"/>
        <line num="196" count="0" type="cond" truecount="0" falsecount="4"/>
        <line num="197" count="0" type="stmt"/>
        <line num="198" count="0" type="stmt"/>
        <line num="200" count="0" type="cond" truecount="0" falsecount="2"/>
        <line num="201" count="0" type="stmt"/>
        <line num="205" count="0" type="stmt"/>
        <line num="210" count="0" type="stmt"/>
        <line num="212" count="0" type="stmt"/>
        <line num="213" count="0" type="stmt"/>
        <line num="218" count="0" type="stmt"/>
        <line num="219" count="0" type="stmt"/>
        <line num="220" count="0" type="stmt"/>
        <line num="221" count="0" type="stmt"/>
        <line num="224" count="0" type="stmt"/>
        <line num="225" count="0" type="cond" truecount="0" falsecount="2"/>
        <line num="226" count="0" type="stmt"/>
        <line num="227" count="0" type="stmt"/>
        <line num="228" count="0" type="stmt"/>
        <line num="229" count="0" type="stmt"/>
        <line num="230" count="0" type="stmt"/>
        <line num="231" count="0" type="stmt"/>
        <line num="232" count="0" type="stmt"/>
        <line num="233" count="0" type="stmt"/>
        <line num="234" count="0" type="stmt"/>
        <line num="235" count="0" type="stmt"/>
        <line num="236" count="0" type="stmt"/>
        <line num="238" count="0" type="stmt"/>
        <line num="241" count="0" type="stmt"/>
        <line num="242" count="0" type="stmt"/>
        <line num="246" count="0" type="stmt"/>
        <line num="247" count="0" type="stmt"/>
        <line num="248" count="0" type="stmt"/>
        <line num="249" count="0" type="stmt"/>
        <line num="250" count="0" type="stmt"/>
        <line num="251" count="0" type="stmt"/>
        <line num="252" count="0" type="stmt"/>
        <line num="253" count="0" type="stmt"/>
        <line num="254" count="0" type="stmt"/>
        <line num="255" count="0" type="stmt"/>
        <line num="256" count="0" type="stmt"/>
        <line num="257" count="0" type="stmt"/>
        <line num="258" count="0" type="stmt"/>
        <line num="261" count="0" type="stmt"/>
        <line num="262" count="0" type="cond" truecount="0" falsecount="2"/>
        <line num="263" count="0" type="stmt"/>
        <line num="267" count="0" type="stmt"/>
        <line num="268" count="0" type="stmt"/>
        <line num="269" count="0" type="stmt"/>
        <line num="270" count="0" type="cond" truecount="0" falsecount="4"/>
        <line num="271" count="0" type="cond" truecount="0" falsecount="4"/>
        <line num="272" count="0" type="cond" truecount="0" falsecount="8"/>
        <line num="273" count="0" type="cond" truecount="0" falsecount="2"/>
        <line num="274" count="0" type="stmt"/>
        <line num="278" count="0" type="stmt"/>
        <line num="279" count="0" type="stmt"/>
        <line num="280" count="0" type="stmt"/>
        <line num="281" count="0" type="cond" truecount="0" falsecount="2"/>
        <line num="282" count="0" type="stmt"/>
        <line num="286" count="0" type="stmt"/>
        <line num="287" count="0" type="stmt"/>
        <line num="288" count="0" type="cond" truecount="0" falsecount="2"/>
        <line num="289" count="0" type="cond" truecount="0" falsecount="2"/>
        <line num="290" count="0" type="stmt"/>
        <line num="292" count="0" type="stmt"/>
        <line num="295" count="0" type="stmt"/>
        <line num="296" count="0" type="stmt"/>
        <line num="302" count="0" type="stmt"/>
        <line num="303" count="0" type="cond" truecount="0" falsecount="4"/>
        <line num="306" count="0" type="stmt"/>
        <line num="309" count="0" type="stmt"/>
        <line num="310" count="0" type="stmt"/>
        <line num="311" count="0" type="cond" truecount="0" falsecount="2"/>
        <line num="313" count="0" type="stmt"/>
        <line num="317" count="0" type="stmt"/>
        <line num="319" count="0" type="stmt"/>
        <line num="323" count="0" type="stmt"/>
        <line num="327" count="0" type="stmt"/>
        <line num="328" count="0" type="stmt"/>
        <line num="330" count="0" type="cond" truecount="0" falsecount="2"/>
        <line num="331" count="0" type="stmt"/>
        <line num="334" count="0" type="cond" truecount="0" falsecount="4"/>
        <line num="335" count="0" type="stmt"/>
        <line num="338" count="0" type="stmt"/>
        <line num="344" count="0" type="stmt"/>
        <line num="347" count="0" type="stmt"/>
        <line num="348" count="0" type="stmt"/>
        <line num="349" count="0" type="cond" truecount="0" falsecount="2"/>
        <line num="350" count="0" type="cond" truecount="0" falsecount="2"/>
        <line num="351" count="0" type="stmt"/>
        <line num="353" count="0" type="stmt"/>
        <line num="355" count="0" type="cond" truecount="0" falsecount="2"/>
        <line num="356" count="0" type="cond" truecount="0" falsecount="2"/>
        <line num="357" count="0" type="stmt"/>
        <line num="359" count="0" type="stmt"/>
        <line num="361" count="0" type="cond" truecount="0" falsecount="2"/>
        <line num="362" count="0" type="cond" truecount="0" falsecount="2"/>
        <line num="363" count="0" type="stmt"/>
        <line num="365" count="0" type="stmt"/>
        <line num="368" count="0" type="stmt"/>
        <line num="370" count="0" type="stmt"/>
        <line num="371" count="0" type="cond" truecount="0" falsecount="6"/>
        <line num="373" count="0" type="stmt"/>
        <line num="385" count="0" type="stmt"/>
        <line num="387" count="0" type="cond" truecount="0" falsecount="2"/>
        <line num="388" count="0" type="stmt"/>
        <line num="391" count="0" type="stmt"/>
        <line num="392" count="0" type="stmt"/>
        <line num="400" count="0" type="stmt"/>
        <line num="403" count="0" type="cond" truecount="0" falsecount="2"/>
        <line num="404" count="0" type="stmt"/>
        <line num="407" count="0" type="stmt"/>
        <line num="423" count="0" type="stmt"/>
        <line num="424" count="0" type="stmt"/>
        <line num="427" count="0" type="cond" truecount="0" falsecount="2"/>
        <line num="428" count="0" type="stmt"/>
        <line num="429" count="0" type="stmt"/>
        <line num="433" count="0" type="cond" truecount="0" falsecount="2"/>
        <line num="434" count="0" type="stmt"/>
        <line num="438" count="0" type="stmt"/>
        <line num="442" count="0" type="cond" truecount="0" falsecount="2"/>
        <line num="443" count="0" type="stmt"/>
        <line num="447" count="0" type="stmt"/>
        <line num="450" count="0" type="cond" truecount="0" falsecount="2"/>
        <line num="452" count="0" type="stmt"/>
        <line num="454" count="0" type="stmt"/>
        <line num="455" count="0" type="stmt"/>
        <line num="465" count="0" type="stmt"/>
        <line num="466" count="0" type="stmt"/>
        <line num="468" count="0" type="cond" truecount="0" falsecount="2"/>
        <line num="469" count="0" type="stmt"/>
        <line num="472" count="0" type="stmt"/>
        <line num="473" count="0" type="stmt"/>
        <line num="481" count="0" type="stmt"/>
        <line num="486" count="0" type="cond" truecount="0" falsecount="2"/>
        <line num="487" count="0" type="stmt"/>
        <line num="489" count="0" type="cond" truecount="0" falsecount="2"/>
        <line num="490" count="0" type="stmt"/>
        <line num="493" count="0" type="stmt"/>
        <line num="509" count="0" type="stmt"/>
        <line num="510" count="0" type="cond" truecount="0" falsecount="2"/>
        <line num="513" count="0" type="stmt"/>
        <line num="520" count="0" type="stmt"/>
        <line num="525" count="0" type="stmt"/>
        <line num="610" count="0" type="stmt"/>
        <line num="611" count="0" type="stmt"/>
        <line num="638" count="0" type="stmt"/>
        <line num="639" count="0" type="stmt"/>
        <line num="689" count="0" type="stmt"/>
        <line num="691" count="0" type="stmt"/>
        <line num="695" count="0" type="cond" truecount="0" falsecount="2"/>
        <line num="730" count="0" type="stmt"/>
        <line num="731" count="0" type="stmt"/>
        <line num="806" count="0" type="stmt"/>
        <line num="841" count="0" type="stmt"/>
        <line num="842" count="0" type="cond" truecount="0" falsecount="4"/>
        <line num="844" count="0" type="cond" truecount="0" falsecount="2"/>
        <line num="849" count="0" type="stmt"/>
        <line num="857" count="0" type="stmt"/>
        <line num="858" count="0" type="stmt"/>
        <line num="924" count="0" type="stmt"/>
        <line num="925" count="0" type="stmt"/>
        <line num="958" count="0" type="stmt"/>
        <line num="959" count="0" type="stmt"/>
        <line num="961" count="0" type="cond" truecount="0" falsecount="2"/>
        <line num="962" count="0" type="stmt"/>
        <line num="963" count="0" type="stmt"/>
        <line num="972" count="0" type="stmt"/>
        <line num="973" count="0" type="stmt"/>
        <line num="1033" count="0" type="stmt"/>
        <line num="1035" count="0" type="cond" truecount="0" falsecount="2"/>
        <line num="1038" count="0" type="stmt"/>
        <line num="1047" count="0" type="stmt"/>
        <line num="1048" count="0" type="stmt"/>
        <line num="1189" count="0" type="stmt"/>
        <line num="1205" count="0" type="stmt"/>
        <line num="1213" count="0" type="stmt"/>
        <line num="1214" count="0" type="stmt"/>
        <line num="1240" count="0" type="stmt"/>
        <line num="1250" count="0" type="stmt"/>
        <line num="1251" count="0" type="stmt"/>
        <line num="1340" count="0" type="stmt"/>
        <line num="1342" count="0" type="stmt"/>
        <line num="1343" count="0" type="stmt"/>
        <line num="1859" count="0" type="stmt"/>
      </file>
    </package>
    <package name="lib.contexts">
      <metrics statements="1109" coveredstatements="732" conditionals="353" coveredconditionals="140" methods="236" coveredmethods="151"/>
      <file name="AccountContext.tsx" path="/Users/waqar/Documents/projects/personal/budget-tracker-app-development/lib/contexts/AccountContext.tsx">
        <metrics statements="124" coveredstatements="94" conditionals="39" coveredconditionals="19" methods="29" coveredmethods="23"/>
        <line num="1" count="1" type="stmt"/>
        <line num="8" count="1" type="stmt"/>
        <line num="9" count="1" type="stmt"/>
        <line num="10" count="1" type="stmt"/>
        <line num="11" count="1" type="stmt"/>
        <line num="42" count="1" type="stmt"/>
        <line num="44" count="1" type="stmt"/>
        <line num="45" count="35" type="stmt"/>
        <line num="46" count="35" type="stmt"/>
        <line num="47" count="35" type="stmt"/>
        <line num="50" count="35" type="stmt"/>
        <line num="51" count="35" type="stmt"/>
        <line num="52" count="35" type="cond" truecount="2" falsecount="0"/>
        <line num="54" count="26" type="cond" truecount="2" falsecount="0"/>
        <line num="55" count="24" type="stmt"/>
        <line num="58" count="35" type="stmt"/>
        <line num="59" count="20" type="stmt"/>
        <line num="60" count="20" type="stmt"/>
        <line num="61" count="20" type="stmt"/>
        <line num="62" count="20" type="stmt"/>
        <line num="63" count="20" type="stmt"/>
        <line num="67" count="20" type="cond" truecount="1" falsecount="1"/>
        <line num="71" count="20" type="stmt"/>
        <line num="73" count="0" type="cond" truecount="0" falsecount="2"/>
        <line num="74" count="0" type="stmt"/>
        <line num="76" count="20" type="stmt"/>
        <line num="80" count="35" type="stmt"/>
        <line num="81" count="14" type="stmt"/>
        <line num="84" count="35" type="stmt"/>
        <line num="85" count="5" type="cond" truecount="1" falsecount="0"/>
        <line num="86" count="5" type="stmt"/>
        <line num="88" count="5" type="stmt"/>
        <line num="93" count="4" type="stmt"/>
        <line num="94" count="3" type="stmt"/>
        <line num="100" count="3" type="stmt"/>
        <line num="101" count="3" type="stmt"/>
        <line num="104" count="3" type="stmt"/>
        <line num="107" count="3" type="cond" truecount="1" falsecount="1"/>
        <line num="109" count="3" type="stmt"/>
        <line num="122" count="3" type="stmt"/>
        <line num="123" count="3" type="stmt"/>
        <line num="125" count="0" type="stmt"/>
        <line num="127" count="2" type="cond" truecount="1" falsecount="1"/>
        <line num="128" count="0" type="stmt"/>
        <line num="129" count="0" type="stmt"/>
        <line num="132" count="2" type="cond" truecount="1" falsecount="1"/>
        <line num="133" count="2" type="stmt"/>
        <line num="134" count="2" type="stmt"/>
        <line num="140" count="35" type="stmt"/>
        <line num="141" count="2" type="stmt"/>
        <line num="142" count="2" type="stmt"/>
        <line num="144" count="2" type="stmt"/>
        <line num="145" count="2" type="stmt"/>
        <line num="150" count="2" type="stmt"/>
        <line num="154" count="2" type="cond" truecount="1" falsecount="1"/>
        <line num="162" count="2" type="stmt"/>
        <line num="164" count="2" type="cond" truecount="1" falsecount="1"/>
        <line num="165" count="2" type="stmt"/>
        <line num="170" count="0" type="stmt"/>
        <line num="176" count="2" type="stmt"/>
        <line num="177" count="2" type="stmt"/>
        <line num="179" count="0" type="stmt"/>
        <line num="181" count="0" type="cond" truecount="0" falsecount="2"/>
        <line num="182" count="0" type="stmt"/>
        <line num="183" count="0" type="stmt"/>
        <line num="186" count="0" type="cond" truecount="0" falsecount="2"/>
        <line num="187" count="0" type="stmt"/>
        <line num="188" count="0" type="stmt"/>
        <line num="194" count="35" type="stmt"/>
        <line num="195" count="2" type="stmt"/>
        <line num="197" count="2" type="cond" truecount="2" falsecount="0"/>
        <line num="198" count="1" type="stmt"/>
        <line num="203" count="2" type="stmt"/>
        <line num="206" count="1" type="stmt"/>
        <line num="207" count="2" type="stmt"/>
        <line num="208" count="1" type="stmt"/>
        <line num="210" count="1" type="stmt"/>
        <line num="211" count="1" type="stmt"/>
        <line num="214" count="1" type="stmt"/>
        <line num="215" count="1" type="stmt"/>
        <line num="217" count="1" type="stmt"/>
        <line num="219" count="1" type="stmt"/>
        <line num="222" count="1" type="cond" truecount="4" falsecount="2"/>
        <line num="223" count="0" type="stmt"/>
        <line num="224" count="0" type="cond" truecount="0" falsecount="2"/>
        <line num="225" count="0" type="stmt"/>
        <line num="232" count="1" type="stmt"/>
        <line num="234" count="0" type="stmt"/>
        <line num="235" count="0" type="stmt"/>
        <line num="238" count="1" type="stmt"/>
        <line num="240" count="1" type="stmt"/>
        <line num="242" count="0" type="stmt"/>
        <line num="245" count="0" type="stmt"/>
        <line num="247" count="0" type="cond" truecount="0" falsecount="2"/>
        <line num="248" count="0" type="stmt"/>
        <line num="249" count="0" type="stmt"/>
        <line num="255" count="35" type="stmt"/>
        <line num="256" count="1" type="stmt"/>
        <line num="257" count="1" type="stmt"/>
        <line num="259" count="1" type="stmt"/>
        <line num="260" count="2" type="stmt"/>
        <line num="266" count="1" type="stmt"/>
        <line num="267" count="1" type="stmt"/>
        <line num="269" count="1" type="stmt"/>
        <line num="270" count="1" type="stmt"/>
        <line num="271" count="1" type="stmt"/>
        <line num="272" count="1" type="stmt"/>
        <line num="275" count="1" type="stmt"/>
        <line num="277" count="0" type="stmt"/>
        <line num="278" count="0" type="stmt"/>
        <line num="282" count="0" type="stmt"/>
        <line num="284" count="0" type="cond" truecount="0" falsecount="2"/>
        <line num="285" count="0" type="stmt"/>
        <line num="286" count="0" type="stmt"/>
        <line num="292" count="35" type="stmt"/>
        <line num="294" count="0" type="stmt"/>
        <line num="299" count="35" type="stmt"/>
        <line num="300" count="2" type="stmt"/>
        <line num="303" count="35" type="stmt"/>
        <line num="324" count="1" type="stmt"/>
        <line num="325" count="39" type="stmt"/>
        <line num="326" count="39" type="cond" truecount="2" falsecount="0"/>
        <line num="327" count="4" type="stmt"/>
        <line num="329" count="35" type="stmt"/>
      </file>
      <file name="BudgetContext.tsx" path="/Users/waqar/Documents/projects/personal/budget-tracker-app-development/lib/contexts/BudgetContext.tsx">
        <metrics statements="191" coveredstatements="105" conditionals="69" coveredconditionals="18" methods="39" coveredmethods="16"/>
        <line num="1" count="1" type="stmt"/>
        <line num="8" count="1" type="stmt"/>
        <line num="14" count="1" type="stmt"/>
        <line num="20" count="1" type="stmt"/>
        <line num="21" count="1" type="stmt"/>
        <line num="27" count="1" type="stmt"/>
        <line num="65" count="1" type="stmt"/>
        <line num="67" count="1" type="stmt"/>
        <line num="68" count="30" type="stmt"/>
        <line num="69" count="30" type="stmt"/>
        <line num="72" count="30" type="stmt"/>
        <line num="73" count="30" type="stmt"/>
        <line num="75" count="30" type="stmt"/>
        <line num="76" count="16" type="stmt"/>
        <line num="77" count="16" type="stmt"/>
        <line num="78" count="16" type="stmt"/>
        <line num="79" count="16" type="stmt"/>
        <line num="80" count="16" type="stmt"/>
        <line num="83" count="16" type="cond" truecount="1" falsecount="1"/>
        <line num="85" count="0" type="cond" truecount="0" falsecount="2"/>
        <line num="86" count="0" type="stmt"/>
        <line num="88" count="16" type="stmt"/>
        <line num="92" count="30" type="stmt"/>
        <line num="93" count="14" type="stmt"/>
        <line num="94" count="14" type="stmt"/>
        <line num="95" count="14" type="stmt"/>
        <line num="96" count="14" type="stmt"/>
        <line num="97" count="14" type="stmt"/>
        <line num="98" count="14" type="stmt"/>
        <line num="102" count="14" type="cond" truecount="2" falsecount="0"/>
        <line num="104" count="0" type="stmt"/>
        <line num="108" count="30" type="stmt"/>
        <line num="109" count="12" type="stmt"/>
        <line num="110" count="12" type="stmt"/>
        <line num="113" count="30" type="stmt"/>
        <line num="120" count="3" type="stmt"/>
        <line num="121" count="3" type="stmt"/>
        <line num="123" count="3" type="stmt"/>
        <line num="124" count="3" type="stmt"/>
        <line num="129" count="1" type="stmt"/>
        <line num="134" count="1" type="stmt"/>
        <line num="135" count="1" type="stmt"/>
        <line num="136" count="1" type="stmt"/>
        <line num="148" count="1" type="stmt"/>
        <line num="151" count="1" type="stmt"/>
        <line num="155" count="1" type="cond" truecount="1" falsecount="1"/>
        <line num="156" count="0" type="stmt"/>
        <line num="159" count="1" type="stmt"/>
        <line num="174" count="1" type="stmt"/>
        <line num="175" count="1" type="stmt"/>
        <line num="177" count="0" type="stmt"/>
        <line num="179" count="2" type="cond" truecount="1" falsecount="1"/>
        <line num="180" count="0" type="stmt"/>
        <line num="183" count="2" type="cond" truecount="1" falsecount="1"/>
        <line num="184" count="2" type="stmt"/>
        <line num="185" count="2" type="stmt"/>
        <line num="191" count="30" type="stmt"/>
        <line num="197" count="2" type="stmt"/>
        <line num="198" count="2" type="stmt"/>
        <line num="200" count="2" type="stmt"/>
        <line num="201" count="2" type="stmt"/>
        <line num="206" count="2" type="cond" truecount="2" falsecount="0"/>
        <line num="213" count="2" type="stmt"/>
        <line num="214" count="2" type="cond" truecount="2" falsecount="0"/>
        <line num="215" count="1" type="stmt"/>
        <line num="220" count="1" type="stmt"/>
        <line num="226" count="2" type="stmt"/>
        <line num="227" count="2" type="stmt"/>
        <line num="229" count="0" type="stmt"/>
        <line num="231" count="0" type="cond" truecount="0" falsecount="2"/>
        <line num="232" count="0" type="stmt"/>
        <line num="235" count="0" type="cond" truecount="0" falsecount="2"/>
        <line num="236" count="0" type="stmt"/>
        <line num="237" count="0" type="stmt"/>
        <line num="243" count="30" type="stmt"/>
        <line num="244" count="3" type="cond" truecount="0" falsecount="1"/>
        <line num="245" count="3" type="stmt"/>
        <line num="247" count="3" type="stmt"/>
        <line num="252" count="2" type="stmt"/>
        <line num="257" count="2" type="stmt"/>
        <line num="258" count="2" type="stmt"/>
        <line num="259" count="2" type="stmt"/>
        <line num="260" count="2" type="stmt"/>
        <line num="261" count="2" type="stmt"/>
        <line num="262" count="2" type="stmt"/>
        <line num="266" count="2" type="cond" truecount="2" falsecount="0"/>
        <line num="267" count="1" type="stmt"/>
        <line num="272" count="1" type="stmt"/>
        <line num="284" count="2" type="stmt"/>
        <line num="285" count="2" type="stmt"/>
        <line num="287" count="0" type="stmt"/>
        <line num="289" count="1" type="cond" truecount="1" falsecount="1"/>
        <line num="290" count="0" type="stmt"/>
        <line num="293" count="1" type="cond" truecount="1" falsecount="1"/>
        <line num="296" count="1" type="stmt"/>
        <line num="297" count="1" type="stmt"/>
        <line num="303" count="30" type="stmt"/>
        <line num="304" count="0" type="stmt"/>
        <line num="305" count="0" type="stmt"/>
        <line num="306" count="0" type="stmt"/>
        <line num="307" count="0" type="stmt"/>
        <line num="308" count="0" type="stmt"/>
        <line num="309" count="0" type="stmt"/>
        <line num="310" count="0" type="stmt"/>
        <line num="314" count="0" type="stmt"/>
        <line num="317" count="0" type="cond" truecount="0" falsecount="2"/>
        <line num="318" count="0" type="stmt"/>
        <line num="319" count="0" type="stmt"/>
        <line num="323" count="30" type="stmt"/>
        <line num="324" count="1" type="stmt"/>
        <line num="325" count="1" type="stmt"/>
        <line num="327" count="1" type="stmt"/>
        <line num="329" count="1" type="stmt"/>
        <line num="330" count="1" type="stmt"/>
        <line num="332" count="1" type="stmt"/>
        <line num="333" count="1" type="stmt"/>
        <line num="335" count="0" type="stmt"/>
        <line num="337" count="0" type="cond" truecount="0" falsecount="2"/>
        <line num="338" count="0" type="stmt"/>
        <line num="341" count="0" type="cond" truecount="0" falsecount="2"/>
        <line num="342" count="0" type="stmt"/>
        <line num="343" count="0" type="stmt"/>
        <line num="349" count="30" type="stmt"/>
        <line num="351" count="0" type="stmt"/>
        <line num="356" count="30" type="stmt"/>
        <line num="358" count="0" type="stmt"/>
        <line num="363" count="30" type="stmt"/>
        <line num="365" count="0" type="stmt"/>
        <line num="370" count="30" type="stmt"/>
        <line num="371" count="0" type="stmt"/>
        <line num="374" count="30" type="stmt"/>
        <line num="375" count="0" type="stmt"/>
        <line num="376" count="0" type="stmt"/>
        <line num="377" count="0" type="cond" truecount="0" falsecount="2"/>
        <line num="378" count="0" type="stmt"/>
        <line num="382" count="0" type="stmt"/>
        <line num="383" count="0" type="cond" truecount="0" falsecount="2"/>
        <line num="384" count="0" type="stmt"/>
        <line num="386" count="0" type="stmt"/>
        <line num="387" count="0" type="stmt"/>
        <line num="388" count="0" type="stmt"/>
        <line num="394" count="0" type="cond" truecount="0" falsecount="2"/>
        <line num="396" count="0" type="cond" truecount="0" falsecount="2"/>
        <line num="397" count="0" type="stmt"/>
        <line num="398" count="0" type="stmt"/>
        <line num="406" count="30" type="stmt"/>
        <line num="407" count="0" type="stmt"/>
        <line num="409" count="0" type="stmt"/>
        <line num="411" count="0" type="stmt"/>
        <line num="414" count="0" type="stmt"/>
        <line num="417" count="0" type="cond" truecount="0" falsecount="6"/>
        <line num="418" count="0" type="cond" truecount="0" falsecount="4"/>
        <line num="420" count="0" type="cond" truecount="0" falsecount="2"/>
        <line num="421" count="0" type="stmt"/>
        <line num="422" count="0" type="stmt"/>
        <line num="425" count="0" type="stmt"/>
        <line num="428" count="0" type="stmt"/>
        <line num="429" count="0" type="cond" truecount="0" falsecount="4"/>
        <line num="430" count="0" type="stmt"/>
        <line num="434" count="0" type="stmt"/>
        <line num="435" count="0" type="stmt"/>
        <line num="436" count="0" type="stmt"/>
        <line num="437" count="0" type="stmt"/>
        <line num="439" count="0" type="stmt"/>
        <line num="443" count="0" type="stmt"/>
        <line num="446" count="0" type="stmt"/>
        <line num="447" count="0" type="stmt"/>
        <line num="448" count="0" type="stmt"/>
        <line num="451" count="0" type="stmt"/>
        <line num="461" count="0" type="stmt"/>
        <line num="462" count="0" type="stmt"/>
        <line num="465" count="0" type="stmt"/>
        <line num="468" count="0" type="stmt"/>
        <line num="485" count="0" type="stmt"/>
        <line num="489" count="0" type="cond" truecount="0" falsecount="2"/>
        <line num="490" count="0" type="stmt"/>
        <line num="498" count="0" type="stmt"/>
        <line num="501" count="0" type="stmt"/>
        <line num="504" count="0" type="stmt"/>
        <line num="505" count="0" type="stmt"/>
        <line num="507" count="0" type="stmt"/>
        <line num="509" count="0" type="stmt"/>
        <line num="510" count="0" type="stmt"/>
        <line num="515" count="30" type="stmt"/>
        <line num="516" count="7" type="stmt"/>
        <line num="523" count="30" type="stmt"/>
        <line num="550" count="1" type="stmt"/>
        <line num="551" count="28" type="stmt"/>
        <line num="552" count="28" type="cond" truecount="2" falsecount="0"/>
        <line num="553" count="4" type="stmt"/>
        <line num="555" count="24" type="stmt"/>
      </file>
      <file name="CategoryContext.tsx" path="/Users/waqar/Documents/projects/personal/budget-tracker-app-development/lib/contexts/CategoryContext.tsx">
        <metrics statements="127" coveredstatements="97" conditionals="32" coveredconditionals="19" methods="29" coveredmethods="24"/>
        <line num="1" count="1" type="stmt"/>
        <line num="9" count="1" type="stmt"/>
        <line num="10" count="1" type="stmt"/>
        <line num="15" count="1" type="stmt"/>
        <line num="35" count="1" type="stmt"/>
        <line num="40" count="1" type="stmt"/>
        <line num="76" count="1" type="stmt"/>
        <line num="77" count="25" type="stmt"/>
        <line num="78" count="25" type="stmt"/>
        <line num="79" count="25" type="stmt"/>
        <line num="80" count="25" type="stmt"/>
        <line num="83" count="25" type="stmt"/>
        <line num="84" count="11" type="stmt"/>
        <line num="85" count="11" type="stmt"/>
        <line num="88" count="11" type="stmt"/>
        <line num="90" count="11" type="stmt"/>
        <line num="94" count="11" type="stmt"/>
        <line num="96" count="16" type="cond" truecount="1" falsecount="1"/>
        <line num="97" count="0" type="stmt"/>
        <line num="100" count="0" type="stmt"/>
        <line num="103" count="0" type="stmt"/>
        <line num="104" count="0" type="stmt"/>
        <line num="106" count="0" type="stmt"/>
        <line num="112" count="0" type="stmt"/>
        <line num="116" count="0" type="stmt"/>
        <line num="120" count="0" type="stmt"/>
        <line num="126" count="0" type="stmt"/>
        <line num="128" count="0" type="stmt"/>
        <line num="129" count="0" type="stmt"/>
        <line num="131" count="0" type="stmt"/>
        <line num="132" count="0" type="stmt"/>
        <line num="138" count="11" type="stmt"/>
        <line num="140" count="0" type="stmt"/>
        <line num="144" count="25" type="stmt"/>
        <line num="145" count="1" type="stmt"/>
        <line num="146" count="1" type="stmt"/>
        <line num="149" count="1" type="stmt"/>
        <line num="151" count="31" type="stmt"/>
        <line num="152" count="31" type="stmt"/>
        <line num="158" count="0" type="stmt"/>
        <line num="162" count="25" type="stmt"/>
        <line num="163" count="13" type="stmt"/>
        <line num="164" count="13" type="stmt"/>
        <line num="165" count="13" type="stmt"/>
        <line num="166" count="13" type="stmt"/>
        <line num="169" count="13" type="cond" truecount="2" falsecount="0"/>
        <line num="170" count="11" type="stmt"/>
        <line num="171" count="11" type="stmt"/>
        <line num="174" count="13" type="stmt"/>
        <line num="179" count="13" type="cond" truecount="4" falsecount="0"/>
        <line num="180" count="1" type="stmt"/>
        <line num="181" count="1" type="stmt"/>
        <line num="186" count="13" type="cond" truecount="1" falsecount="1"/>
        <line num="188" count="0" type="stmt"/>
        <line num="191" count="0" type="stmt"/>
        <line num="193" count="13" type="stmt"/>
        <line num="197" count="25" type="stmt"/>
        <line num="198" count="11" type="stmt"/>
        <line num="201" count="25" type="stmt"/>
        <line num="202" count="2" type="stmt"/>
        <line num="203" count="2" type="stmt"/>
        <line num="205" count="2" type="stmt"/>
        <line num="209" count="1" type="stmt"/>
        <line num="214" count="1" type="stmt"/>
        <line num="215" count="1" type="stmt"/>
        <line num="216" count="1" type="stmt"/>
        <line num="221" count="1" type="stmt"/>
        <line num="223" count="1" type="cond" truecount="1" falsecount="1"/>
        <line num="224" count="0" type="stmt"/>
        <line num="227" count="1" type="cond" truecount="1" falsecount="1"/>
        <line num="228" count="1" type="stmt"/>
        <line num="229" count="1" type="stmt"/>
        <line num="235" count="25" type="stmt"/>
        <line num="236" count="2" type="stmt"/>
        <line num="237" count="2" type="stmt"/>
        <line num="238" count="2" type="cond" truecount="2" falsecount="0"/>
        <line num="239" count="1" type="stmt"/>
        <line num="243" count="1" type="stmt"/>
        <line num="244" count="1" type="stmt"/>
        <line num="245" count="1" type="stmt"/>
        <line num="246" count="1" type="cond" truecount="1" falsecount="1"/>
        <line num="247" count="0" type="stmt"/>
        <line num="249" count="1" type="stmt"/>
        <line num="251" count="1" type="stmt"/>
        <line num="253" count="1" type="stmt"/>
        <line num="254" count="1" type="stmt"/>
        <line num="258" count="1" type="stmt"/>
        <line num="263" count="1" type="stmt"/>
        <line num="264" count="1" type="stmt"/>
        <line num="269" count="1" type="stmt"/>
        <line num="271" count="0" type="cond" truecount="0" falsecount="2"/>
        <line num="272" count="0" type="stmt"/>
        <line num="275" count="0" type="cond" truecount="0" falsecount="2"/>
        <line num="276" count="0" type="stmt"/>
        <line num="277" count="0" type="stmt"/>
        <line num="283" count="25" type="stmt"/>
        <line num="284" count="3" type="stmt"/>
        <line num="286" count="3" type="stmt"/>
        <line num="288" count="3" type="stmt"/>
        <line num="292" count="3" type="cond" truecount="2" falsecount="0"/>
        <line num="293" count="1" type="stmt"/>
        <line num="298" count="2" type="stmt"/>
        <line num="302" count="2" type="cond" truecount="2" falsecount="0"/>
        <line num="303" count="1" type="stmt"/>
        <line num="309" count="1" type="stmt"/>
        <line num="310" count="2" type="stmt"/>
        <line num="311" count="1" type="stmt"/>
        <line num="313" count="1" type="stmt"/>
        <line num="314" count="1" type="stmt"/>
        <line num="317" count="0" type="stmt"/>
        <line num="319" count="0" type="cond" truecount="0" falsecount="2"/>
        <line num="320" count="0" type="stmt"/>
        <line num="321" count="0" type="stmt"/>
        <line num="327" count="25" type="stmt"/>
        <line num="329" count="0" type="stmt"/>
        <line num="334" count="25" type="stmt"/>
        <line num="336" count="0" type="stmt"/>
        <line num="341" count="25" type="stmt"/>
        <line num="342" count="23" type="stmt"/>
        <line num="345" count="25" type="stmt"/>
        <line num="346" count="23" type="stmt"/>
        <line num="350" count="25" type="stmt"/>
        <line num="371" count="1" type="stmt"/>
        <line num="372" count="27" type="stmt"/>
        <line num="373" count="27" type="cond" truecount="2" falsecount="0"/>
        <line num="374" count="4" type="stmt"/>
        <line num="376" count="23" type="stmt"/>
      </file>
      <file name="CurrencyContext.tsx" path="/Users/waqar/Documents/projects/personal/budget-tracker-app-development/lib/contexts/CurrencyContext.tsx">
        <metrics statements="37" coveredstatements="37" conditionals="10" coveredconditionals="9" methods="8" coveredmethods="8"/>
        <line num="1" count="1" type="stmt"/>
        <line num="9" count="1" type="stmt"/>
        <line num="10" count="1" type="stmt"/>
        <line num="17" count="1" type="stmt"/>
        <line num="35" count="1" type="stmt"/>
        <line num="39" count="1" type="stmt"/>
        <line num="40" count="28" type="stmt"/>
        <line num="43" count="28" type="stmt"/>
        <line num="46" count="28" type="stmt"/>
        <line num="47" count="13" type="stmt"/>
        <line num="50" count="28" type="stmt"/>
        <line num="51" count="13" type="stmt"/>
        <line num="52" count="13" type="stmt"/>
        <line num="53" count="12" type="cond" truecount="2" falsecount="0"/>
        <line num="55" count="2" type="stmt"/>
        <line num="56" count="2" type="cond" truecount="2" falsecount="0"/>
        <line num="57" count="1" type="stmt"/>
        <line num="61" count="1" type="stmt"/>
        <line num="63" count="13" type="stmt"/>
        <line num="67" count="28" type="stmt"/>
        <line num="68" count="4" type="stmt"/>
        <line num="69" count="4" type="cond" truecount="2" falsecount="0"/>
        <line num="70" count="1" type="stmt"/>
        <line num="71" count="1" type="stmt"/>
        <line num="74" count="3" type="stmt"/>
        <line num="75" count="3" type="stmt"/>
        <line num="76" count="2" type="stmt"/>
        <line num="78" count="1" type="stmt"/>
        <line num="82" count="28" type="stmt"/>
        <line num="83" count="3" type="stmt"/>
        <line num="87" count="28" type="cond" truecount="1" falsecount="1"/>
        <line num="89" count="28" type="stmt"/>
        <line num="105" count="1" type="stmt"/>
        <line num="106" count="32" type="stmt"/>
        <line num="107" count="32" type="cond" truecount="2" falsecount="0"/>
        <line num="108" count="4" type="stmt"/>
        <line num="110" count="28" type="stmt"/>
      </file>
      <file name="GoalContext.tsx" path="/Users/waqar/Documents/projects/personal/budget-tracker-app-development/lib/contexts/GoalContext.tsx">
        <metrics statements="102" coveredstatements="82" conditionals="27" coveredconditionals="9" methods="20" coveredmethods="14"/>
        <line num="1" count="1" type="stmt"/>
        <line num="8" count="1" type="stmt"/>
        <line num="9" count="1" type="stmt"/>
        <line num="10" count="1" type="stmt"/>
        <line num="17" count="1" type="stmt"/>
        <line num="44" count="1" type="stmt"/>
        <line num="46" count="1" type="stmt"/>
        <line num="47" count="37" type="stmt"/>
        <line num="48" count="37" type="stmt"/>
        <line num="49" count="37" type="stmt"/>
        <line num="51" count="37" type="stmt"/>
        <line num="52" count="22" type="stmt"/>
        <line num="53" count="22" type="stmt"/>
        <line num="54" count="22" type="stmt"/>
        <line num="55" count="22" type="stmt"/>
        <line num="56" count="22" type="stmt"/>
        <line num="59" count="22" type="cond" truecount="1" falsecount="1"/>
        <line num="61" count="0" type="cond" truecount="0" falsecount="2"/>
        <line num="62" count="0" type="stmt"/>
        <line num="64" count="22" type="stmt"/>
        <line num="68" count="37" type="stmt"/>
        <line num="69" count="15" type="stmt"/>
        <line num="72" count="37" type="stmt"/>
        <line num="78" count="6" type="stmt"/>
        <line num="79" count="6" type="stmt"/>
        <line num="81" count="6" type="stmt"/>
        <line num="85" count="5" type="stmt"/>
        <line num="94" count="2" type="stmt"/>
        <line num="95" count="2" type="stmt"/>
        <line num="100" count="2" type="stmt"/>
        <line num="101" count="2" type="stmt"/>
        <line num="111" count="2" type="stmt"/>
        <line num="112" count="2" type="stmt"/>
        <line num="125" count="2" type="stmt"/>
        <line num="126" count="2" type="stmt"/>
        <line num="128" count="0" type="stmt"/>
        <line num="130" count="4" type="cond" truecount="1" falsecount="1"/>
        <line num="131" count="0" type="stmt"/>
        <line num="134" count="4" type="cond" truecount="1" falsecount="1"/>
        <line num="135" count="4" type="stmt"/>
        <line num="136" count="4" type="stmt"/>
        <line num="142" count="37" type="stmt"/>
        <line num="150" count="2" type="stmt"/>
        <line num="151" count="2" type="stmt"/>
        <line num="153" count="2" type="stmt"/>
        <line num="154" count="2" type="stmt"/>
        <line num="158" count="2" type="stmt"/>
        <line num="167" count="2" type="stmt"/>
        <line num="176" count="2" type="stmt"/>
        <line num="177" count="2" type="cond" truecount="1" falsecount="1"/>
        <line num="184" count="2" type="stmt"/>
        <line num="185" count="2" type="cond" truecount="1" falsecount="1"/>
        <line num="186" count="0" type="stmt"/>
        <line num="198" count="2" type="stmt"/>
        <line num="210" count="2" type="stmt"/>
        <line num="211" count="2" type="stmt"/>
        <line num="213" count="0" type="stmt"/>
        <line num="215" count="0" type="cond" truecount="0" falsecount="2"/>
        <line num="216" count="0" type="stmt"/>
        <line num="219" count="0" type="cond" truecount="0" falsecount="2"/>
        <line num="220" count="0" type="stmt"/>
        <line num="221" count="0" type="stmt"/>
        <line num="227" count="37" type="stmt"/>
        <line num="228" count="1" type="stmt"/>
        <line num="229" count="1" type="stmt"/>
        <line num="231" count="1" type="stmt"/>
        <line num="233" count="1" type="stmt"/>
        <line num="234" count="1" type="stmt"/>
        <line num="236" count="1" type="stmt"/>
        <line num="237" count="1" type="stmt"/>
        <line num="239" count="0" type="stmt"/>
        <line num="241" count="0" type="cond" truecount="0" falsecount="2"/>
        <line num="242" count="0" type="stmt"/>
        <line num="245" count="0" type="cond" truecount="0" falsecount="2"/>
        <line num="246" count="0" type="stmt"/>
        <line num="247" count="0" type="stmt"/>
        <line num="253" count="37" type="stmt"/>
        <line num="255" count="0" type="stmt"/>
        <line num="260" count="37" type="stmt"/>
        <line num="261" count="3" type="stmt"/>
        <line num="262" count="3" type="stmt"/>
        <line num="264" count="3" type="stmt"/>
        <line num="265" count="3" type="stmt"/>
        <line num="275" count="2" type="stmt"/>
        <line num="276" count="2" type="stmt"/>
        <line num="277" count="2" type="stmt"/>
        <line num="281" count="2" type="stmt"/>
        <line num="283" count="0" type="stmt"/>
        <line num="284" count="2" type="stmt"/>
        <line num="286" count="1" type="cond" truecount="1" falsecount="1"/>
        <line num="287" count="0" type="stmt"/>
        <line num="290" count="1" type="cond" truecount="1" falsecount="1"/>
        <line num="293" count="1" type="stmt"/>
        <line num="294" count="1" type="stmt"/>
        <line num="300" count="37" type="stmt"/>
        <line num="301" count="2" type="stmt"/>
        <line num="304" count="37" type="stmt"/>
        <line num="324" count="1" type="stmt"/>
        <line num="325" count="34" type="stmt"/>
        <line num="326" count="34" type="cond" truecount="2" falsecount="0"/>
        <line num="327" count="4" type="stmt"/>
        <line num="329" count="30" type="stmt"/>
      </file>
      <file name="SettingsContext.tsx" path="/Users/waqar/Documents/projects/personal/budget-tracker-app-development/lib/contexts/SettingsContext.tsx">
        <metrics statements="41" coveredstatements="40" conditionals="4" coveredconditionals="4" methods="13" coveredmethods="13"/>
        <line num="1" count="1" type="stmt"/>
        <line num="9" count="1" type="stmt"/>
        <line num="37" count="1" type="stmt"/>
        <line num="59" count="1" type="stmt"/>
        <line num="63" count="1" type="stmt"/>
        <line num="65" count="1" type="stmt"/>
        <line num="66" count="27" type="stmt"/>
        <line num="67" count="27" type="stmt"/>
        <line num="70" count="27" type="stmt"/>
        <line num="71" count="10" type="stmt"/>
        <line num="72" count="10" type="stmt"/>
        <line num="73" count="10" type="stmt"/>
        <line num="74" count="9" type="cond" truecount="2" falsecount="0"/>
        <line num="75" count="2" type="stmt"/>
        <line num="77" count="2" type="stmt"/>
        <line num="80" count="1" type="stmt"/>
        <line num="82" count="10" type="stmt"/>
        <line num="86" count="10" type="stmt"/>
        <line num="90" count="27" type="stmt"/>
        <line num="91" count="7" type="stmt"/>
        <line num="92" count="7" type="stmt"/>
        <line num="97" count="0" type="stmt"/>
        <line num="101" count="27" type="stmt"/>
        <line num="102" count="4" type="stmt"/>
        <line num="103" count="4" type="stmt"/>
        <line num="104" count="4" type="stmt"/>
        <line num="105" count="4" type="stmt"/>
        <line num="110" count="27" type="stmt"/>
        <line num="111" count="2" type="stmt"/>
        <line num="112" count="2" type="stmt"/>
        <line num="113" count="2" type="stmt"/>
        <line num="114" count="2" type="stmt"/>
        <line num="119" count="27" type="stmt"/>
        <line num="120" count="1" type="stmt"/>
        <line num="121" count="1" type="stmt"/>
        <line num="124" count="27" type="stmt"/>
        <line num="139" count="1" type="stmt"/>
        <line num="140" count="31" type="stmt"/>
        <line num="141" count="31" type="cond" truecount="2" falsecount="0"/>
        <line num="142" count="4" type="stmt"/>
        <line num="144" count="27" type="stmt"/>
      </file>
      <file name="SubscriptionContext.tsx" path="/Users/waqar/Documents/projects/personal/budget-tracker-app-development/lib/contexts/SubscriptionContext.tsx">
        <metrics statements="245" coveredstatements="112" conditionals="107" coveredconditionals="36" methods="56" coveredmethods="25"/>
        <line num="1" count="1" type="stmt"/>
        <line num="9" count="1" type="stmt"/>
        <line num="10" count="1" type="stmt"/>
        <line num="17" count="1" type="stmt"/>
        <line num="60" count="1" type="stmt"/>
        <line num="69" count="0" type="stmt"/>
        <line num="71" count="0" type="cond" truecount="0" falsecount="4"/>
        <line num="73" count="0" type="stmt"/>
        <line num="74" count="0" type="stmt"/>
        <line num="76" count="0" type="stmt"/>
        <line num="77" count="0" type="stmt"/>
        <line num="80" count="0" type="stmt"/>
        <line num="81" count="0" type="stmt"/>
        <line num="82" count="0" type="stmt"/>
        <line num="84" count="0" type="stmt"/>
        <line num="89" count="0" type="stmt"/>
        <line num="90" count="0" type="stmt"/>
        <line num="94" count="0" type="stmt"/>
        <line num="95" count="0" type="stmt"/>
        <line num="96" count="0" type="stmt"/>
        <line num="97" count="0" type="stmt"/>
        <line num="98" count="0" type="stmt"/>
        <line num="99" count="0" type="stmt"/>
        <line num="104" count="0" type="stmt"/>
        <line num="105" count="0" type="stmt"/>
        <line num="109" count="0" type="stmt"/>
        <line num="112" count="1" type="stmt"/>
        <line num="113" count="39" type="stmt"/>
        <line num="114" count="39" type="stmt"/>
        <line num="117" count="39" type="stmt"/>
        <line num="119" count="39" type="stmt"/>
        <line num="120" count="18" type="stmt"/>
        <line num="121" count="18" type="stmt"/>
        <line num="122" count="18" type="stmt"/>
        <line num="126" count="18" type="stmt"/>
        <line num="130" count="18" type="stmt"/>
        <line num="132" count="0" type="stmt"/>
        <line num="134" count="18" type="stmt"/>
        <line num="138" count="39" type="stmt"/>
        <line num="139" count="17" type="stmt"/>
        <line num="142" count="39" type="stmt"/>
        <line num="144" count="39" type="stmt"/>
        <line num="154" count="5" type="stmt"/>
        <line num="155" count="5" type="stmt"/>
        <line num="157" count="5" type="stmt"/>
        <line num="161" count="4" type="stmt"/>
        <line num="166" count="3" type="stmt"/>
        <line num="167" count="3" type="stmt"/>
        <line num="168" count="3" type="stmt"/>
        <line num="172" count="3" type="stmt"/>
        <line num="182" count="3" type="stmt"/>
        <line num="183" count="3" type="stmt"/>
        <line num="185" count="3" type="stmt"/>
        <line num="188" count="3" type="stmt"/>
        <line num="192" count="3" type="cond" truecount="2" falsecount="0"/>
        <line num="193" count="2" type="stmt"/>
        <line num="196" count="1" type="stmt"/>
        <line num="214" count="1" type="stmt"/>
        <line num="215" count="1" type="stmt"/>
        <line num="217" count="4" type="cond" truecount="1" falsecount="1"/>
        <line num="218" count="0" type="stmt"/>
        <line num="220" count="4" type="stmt"/>
        <line num="226" count="39" type="stmt"/>
        <line num="230" count="4" type="stmt"/>
        <line num="231" count="4" type="stmt"/>
        <line num="232" count="4" type="cond" truecount="2" falsecount="0"/>
        <line num="233" count="1" type="stmt"/>
        <line num="237" count="3" type="cond" truecount="2" falsecount="0"/>
        <line num="238" count="1" type="stmt"/>
        <line num="244" count="3" type="cond" truecount="2" falsecount="0"/>
        <line num="245" count="1" type="stmt"/>
        <line num="250" count="3" type="cond" truecount="1" falsecount="1"/>
        <line num="251" count="0" type="stmt"/>
        <line num="255" count="3" type="stmt"/>
        <line num="256" count="3" type="stmt"/>
        <line num="257" count="3" type="cond" truecount="1" falsecount="1"/>
        <line num="260" count="3" type="stmt"/>
        <line num="261" count="3" type="stmt"/>
        <line num="262" count="3" type="stmt"/>
        <line num="263" count="3" type="stmt"/>
        <line num="265" count="3" type="cond" truecount="2" falsecount="0"/>
        <line num="266" count="1" type="stmt"/>
        <line num="267" count="1" type="stmt"/>
        <line num="269" count="3" type="cond" truecount="2" falsecount="0"/>
        <line num="270" count="1" type="stmt"/>
        <line num="271" count="1" type="stmt"/>
        <line num="273" count="3" type="cond" truecount="1" falsecount="1"/>
        <line num="274" count="0" type="stmt"/>
        <line num="275" count="0" type="stmt"/>
        <line num="277" count="3" type="cond" truecount="1" falsecount="1"/>
        <line num="278" count="0" type="stmt"/>
        <line num="279" count="0" type="stmt"/>
        <line num="281" count="3" type="cond" truecount="1" falsecount="1"/>
        <line num="282" count="0" type="stmt"/>
        <line num="283" count="0" type="stmt"/>
        <line num="285" count="3" type="cond" truecount="1" falsecount="1"/>
        <line num="286" count="0" type="stmt"/>
        <line num="287" count="0" type="stmt"/>
        <line num="289" count="3" type="cond" truecount="2" falsecount="0"/>
        <line num="290" count="1" type="stmt"/>
        <line num="291" count="1" type="cond" truecount="1" falsecount="1"/>
        <line num="293" count="3" type="cond" truecount="1" falsecount="1"/>
        <line num="294" count="0" type="stmt"/>
        <line num="295" count="0" type="stmt"/>
        <line num="297" count="3" type="cond" truecount="1" falsecount="1"/>
        <line num="298" count="0" type="stmt"/>
        <line num="299" count="0" type="cond" truecount="0" falsecount="2"/>
        <line num="302" count="3" type="cond" truecount="1" falsecount="1"/>
        <line num="303" count="3" type="stmt"/>
        <line num="304" count="3" type="stmt"/>
        <line num="311" count="0" type="stmt"/>
        <line num="312" count="0" type="cond" truecount="0" falsecount="2"/>
        <line num="314" count="0" type="stmt"/>
        <line num="320" count="39" type="stmt"/>
        <line num="321" count="1" type="stmt"/>
        <line num="323" count="1" type="stmt"/>
        <line num="324" count="1" type="stmt"/>
[...]
        <line num="6" count="0" type="stmt"/>
        <line num="7" count="0" type="stmt"/>
        <line num="8" count="0" type="stmt"/>
        <line num="50" count="0" type="stmt"/>
        <line num="55" count="0" type="stmt"/>
        <line num="56" count="0" type="stmt"/>
        <line num="59" count="0" type="stmt"/>
        <line num="60" count="0" type="stmt"/>
        <line num="65" count="0" type="stmt"/>
        <line num="76" count="0" type="stmt"/>
        <line num="89" count="0" type="stmt"/>
        <line num="99" count="0" type="stmt"/>
        <line num="116" count="0" type="stmt"/>
        <line num="125" count="0" type="stmt"/>
        <line num="133" count="0" type="stmt"/>
        <line num="153" count="0" type="cond" truecount="0" falsecount="8"/>
        <line num="154" count="0" type="cond" truecount="0" falsecount="8"/>
        <line num="155" count="0" type="cond" truecount="0" falsecount="8"/>
        <line num="157" count="0" type="stmt"/>
        <line num="167" count="0" type="stmt"/>
        <line num="171" count="0" type="stmt"/>
        <line num="175" count="0" type="stmt"/>
        <line num="180" count="0" type="stmt"/>
        <line num="185" count="0" type="stmt"/>
        <line num="192" count="0" type="stmt"/>
        <line num="194" count="0" type="stmt"/>
        <line num="210" count="0" type="cond" truecount="0" falsecount="2"/>
        <line num="211" count="0" type="stmt"/>
        <line num="214" count="0" type="stmt"/>
        <line num="215" count="0" type="stmt"/>
        <line num="218" count="0" type="stmt"/>
        <line num="221" count="0" type="stmt"/>
        <line num="229" count="0" type="cond" truecount="0" falsecount="2"/>
        <line num="230" count="0" type="stmt"/>
        <line num="234" count="0" type="stmt"/>
        <line num="238" count="0" type="stmt"/>
        <line num="239" count="0" type="stmt"/>
      </file>
      <file name="WidgetService.ts" path="/Users/waqar/Documents/projects/personal/budget-tracker-app-development/lib/services/WidgetService.ts">
        <metrics statements="83" coveredstatements="0" conditionals="38" coveredconditionals="0" methods="27" coveredmethods="0"/>
        <line num="6" count="0" type="stmt"/>
        <line num="7" count="0" type="stmt"/>
        <line num="24" count="0" type="stmt"/>
        <line num="27" count="0" type="stmt"/>
        <line num="28" count="0" type="stmt"/>
        <line num="29" count="0" type="stmt"/>
        <line num="31" count="0" type="stmt"/>
        <line num="32" count="0" type="stmt"/>
        <line num="34" count="0" type="stmt"/>
        <line num="35" count="0" type="stmt"/>
        <line num="36" count="0" type="stmt"/>
        <line num="37" count="0" type="stmt"/>
        <line num="41" count="0" type="cond" truecount="0" falsecount="2"/>
        <line num="50" count="0" type="stmt"/>
        <line num="51" count="0" type="stmt"/>
        <line num="52" count="0" type="stmt"/>
        <line num="60" count="0" type="cond" truecount="0" falsecount="2"/>
        <line num="61" count="0" type="stmt"/>
        <line num="62" count="0" type="stmt"/>
        <line num="66" count="0" type="cond" truecount="0" falsecount="2"/>
        <line num="67" count="0" type="stmt"/>
        <line num="68" count="0" type="stmt"/>
        <line num="72" count="0" type="stmt"/>
        <line num="73" count="0" type="stmt"/>
        <line num="75" count="0" type="stmt"/>
        <line num="76" count="0" type="stmt"/>
        <line num="79" count="0" type="cond" truecount="0" falsecount="2"/>
        <line num="80" count="0" type="stmt"/>
        <line num="81" count="0" type="stmt"/>
        <line num="82" count="0" type="stmt"/>
        <line num="85" count="0" type="stmt"/>
        <line num="86" count="0" type="stmt"/>
        <line num="88" count="0" type="stmt"/>
        <line num="96" count="0" type="cond" truecount="0" falsecount="1"/>
        <line num="97" count="0" type="stmt"/>
        <line num="98" count="0" type="cond" truecount="0" falsecount="2"/>
        <line num="99" count="0" type="stmt"/>
        <line num="102" count="0" type="stmt"/>
        <line num="103" count="0" type="stmt"/>
        <line num="104" count="0" type="stmt"/>
        <line num="110" count="0" type="stmt"/>
        <line num="117" count="0" type="cond" truecount="0" falsecount="2"/>
        <line num="118" count="0" type="stmt"/>
        <line num="121" count="0" type="stmt"/>
        <line num="122" count="0" type="stmt"/>
        <line num="124" count="0" type="stmt"/>
        <line num="125" count="0" type="stmt"/>
        <line num="135" count="0" type="cond" truecount="0" falsecount="2"/>
        <line num="136" count="0" type="stmt"/>
        <line num="139" count="0" type="cond" truecount="0" falsecount="2"/>
        <line num="140" count="0" type="stmt"/>
        <line num="143" count="0" type="stmt"/>
        <line num="144" count="0" type="stmt"/>
        <line num="147" count="0" type="stmt"/>
        <line num="155" count="0" type="cond" truecount="0" falsecount="1"/>
        <line num="156" count="0" type="cond" truecount="0" falsecount="4"/>
        <line num="157" count="0" type="stmt"/>
        <line num="160" count="0" type="stmt"/>
        <line num="161" count="0" type="stmt"/>
        <line num="163" count="0" type="stmt"/>
        <line num="173" count="0" type="cond" truecount="0" falsecount="4"/>
        <line num="174" count="0" type="stmt"/>
        <line num="177" count="0" type="stmt"/>
        <line num="178" count="0" type="stmt"/>
        <line num="180" count="0" type="stmt"/>
        <line num="188" count="0" type="cond" truecount="0" falsecount="4"/>
        <line num="189" count="0" type="stmt"/>
        <line num="192" count="0" type="stmt"/>
        <line num="193" count="0" type="stmt"/>
        <line num="195" count="0" type="stmt"/>
        <line num="196" count="0" type="stmt"/>
        <line num="209" count="0" type="cond" truecount="0" falsecount="4"/>
        <line num="210" count="0" type="stmt"/>
        <line num="213" count="0" type="stmt"/>
        <line num="214" count="0" type="stmt"/>
        <line num="216" count="0" type="stmt"/>
        <line num="224" count="0" type="cond" truecount="0" falsecount="4"/>
        <line num="225" count="0" type="stmt"/>
        <line num="228" count="0" type="stmt"/>
        <line num="229" count="0" type="stmt"/>
        <line num="231" count="0" type="stmt"/>
        <line num="236" count="0" type="stmt"/>
        <line num="237" count="0" type="stmt"/>
      </file>
    </package>
    <package name="lib.utils">
      <metrics statements="229" coveredstatements="225" conditionals="152" coveredconditionals="131" methods="46" coveredmethods="46"/>
      <file name="currencyHelpers.ts" path="/Users/waqar/Documents/projects/personal/budget-tracker-app-development/lib/utils/currencyHelpers.ts">
        <metrics statements="86" coveredstatements="82" conditionals="39" coveredconditionals="31" methods="26" coveredmethods="26"/>
        <line num="2" count="1" type="stmt"/>
        <line num="7" count="1" type="stmt"/>
        <line num="10" count="3" type="stmt"/>
        <line num="12" count="4" type="cond" truecount="2" falsecount="0"/>
        <line num="13" count="3" type="stmt"/>
        <line num="15" count="4" type="stmt"/>
        <line num="16" count="4" type="stmt"/>
        <line num="25" count="1" type="stmt"/>
        <line num="28" count="3" type="stmt"/>
        <line num="30" count="5" type="cond" truecount="2" falsecount="0"/>
        <line num="31" count="5" type="stmt"/>
        <line num="40" count="1" type="stmt"/>
        <line num="45" count="3" type="stmt"/>
        <line num="46" count="3" type="cond" truecount="1" falsecount="1"/>
        <line num="47" count="3" type="cond" truecount="1" falsecount="1"/>
        <line num="49" count="3" type="stmt"/>
        <line num="51" count="6" type="stmt"/>
        <line num="52" count="6" type="stmt"/>
        <line num="58" count="5" type="cond" truecount="2" falsecount="0"/>
        <line num="59" count="3" type="stmt"/>
        <line num="61" count="5" type="cond" truecount="2" falsecount="0"/>
        <line num="62" count="1" type="stmt"/>
        <line num="64" count="4" type="stmt"/>
        <line num="66" count="5" type="stmt"/>
        <line num="68" count="5" type="stmt"/>
        <line num="80" count="1" type="stmt"/>
        <line num="84" count="4" type="stmt"/>
        <line num="90" count="1" type="stmt"/>
        <line num="91" count="3" type="stmt"/>
        <line num="92" count="2" type="stmt"/>
        <line num="98" count="1" type="stmt"/>
        <line num="99" count="3" type="stmt"/>
        <line num="100" count="1" type="stmt"/>
        <line num="106" count="1" type="stmt"/>
        <line num="110" count="2" type="stmt"/>
        <line num="111" count="2" type="cond" truecount="2" falsecount="0"/>
        <line num="112" count="1" type="stmt"/>
        <line num="115" count="1" type="stmt"/>
        <line num="120" count="1" type="stmt"/>
        <line num="126" count="1" type="stmt"/>
        <line num="129" count="1" type="stmt"/>
        <line num="131" count="2" type="cond" truecount="1" falsecount="1"/>
        <line num="132" count="2" type="stmt"/>
        <line num="134" count="2" type="stmt"/>
        <line num="135" count="2" type="stmt"/>
        <line num="144" count="1" type="stmt"/>
        <line num="145" count="1" type="stmt"/>
        <line num="147" count="2" type="cond" truecount="1" falsecount="1"/>
        <line num="148" count="2" type="stmt"/>
        <line num="150" count="2" type="stmt"/>
        <line num="151" count="2" type="stmt"/>
        <line num="160" count="1" type="stmt"/>
        <line num="163" count="1" type="stmt"/>
        <line num="165" count="2" type="cond" truecount="1" falsecount="1"/>
        <line num="166" count="2" type="stmt"/>
        <line num="168" count="2" type="stmt"/>
        <line num="169" count="2" type="stmt"/>
        <line num="178" count="1" type="stmt"/>
        <line num="182" count="7" type="stmt"/>
        <line num="183" count="9" type="stmt"/>
        <line num="186" count="8" type="stmt"/>
        <line num="189" count="8" type="cond" truecount="3" falsecount="0"/>
        <line num="191" count="1" type="stmt"/>
        <line num="192" count="1" type="stmt"/>
        <line num="194" count="1" type="stmt"/>
        <line num="195" count="1" type="stmt"/>
        <line num="197" count="1" type="stmt"/>
        <line num="198" count="1" type="stmt"/>
        <line num="203" count="8" type="cond" truecount="1" falsecount="2"/>
        <line num="205" count="0" type="stmt"/>
        <line num="206" count="0" type="stmt"/>
        <line num="208" count="0" type="stmt"/>
        <line num="209" count="0" type="stmt"/>
        <line num="211" count="1" type="stmt"/>
        <line num="212" count="1" type="stmt"/>
        <line num="216" count="8" type="cond" truecount="2" falsecount="0"/>
        <line num="217" count="8" type="stmt"/>
        <line num="226" count="1" type="stmt"/>
        <line num="227" count="2" type="stmt"/>
        <line num="228" count="2" type="cond" truecount="2" falsecount="0"/>
        <line num="229" count="1" type="cond" truecount="1" falsecount="1"/>
        <line num="235" count="1" type="stmt"/>
        <line num="239" count="4" type="stmt"/>
        <line num="240" count="9" type="cond" truecount="2" falsecount="0"/>
        <line num="241" count="7" type="cond" truecount="2" falsecount="0"/>
        <line num="242" count="4" type="stmt"/>
      </file>
      <file name="periodCalculations.ts" path="/Users/waqar/Documents/projects/personal/budget-tracker-app-development/lib/utils/periodCalculations.ts">
        <metrics statements="73" coveredstatements="73" conditionals="32" coveredconditionals="19" methods="11" coveredmethods="11"/>
        <line num="16" count="1" type="stmt"/>
        <line num="21" count="57" type="stmt"/>
        <line num="23" count="57" type="stmt"/>
        <line num="24" count="57" type="stmt"/>
        <line num="25" count="57" type="stmt"/>
        <line num="30" count="57" type="cond" truecount="2" falsecount="0"/>
        <line num="32" count="53" type="stmt"/>
        <line num="34" count="53" type="stmt"/>
        <line num="35" count="53" type="stmt"/>
        <line num="38" count="4" type="stmt"/>
        <line num="40" count="4" type="stmt"/>
        <line num="49" count="4" type="stmt"/>
        <line num="52" count="57" type="stmt"/>
        <line num="61" count="1" type="stmt"/>
        <line num="65" count="7" type="stmt"/>
        <line num="66" count="7" type="stmt"/>
        <line num="69" count="7" type="stmt"/>
        <line num="70" count="7" type="stmt"/>
        <line num="72" count="7" type="stmt"/>
        <line num="78" count="1" type="stmt"/>
        <line num="82" count="2" type="stmt"/>
        <line num="83" count="2" type="stmt"/>
        <line num="86" count="2" type="stmt"/>
        <line num="87" count="2" type="stmt"/>
        <line num="89" count="2" type="stmt"/>
        <line num="95" count="1" type="stmt"/>
        <line num="100" count="4" type="stmt"/>
        <line num="101" count="4" type="stmt"/>
        <line num="103" count="4" type="stmt"/>
        <line num="104" count="14" type="stmt"/>
        <line num="105" count="14" type="stmt"/>
        <line num="108" count="14" type="stmt"/>
        <line num="109" count="14" type="stmt"/>
        <line num="110" count="14" type="stmt"/>
        <line num="113" count="4" type="stmt"/>
        <line num="119" count="1" type="stmt"/>
        <line num="120" count="5" type="cond" truecount="2" falsecount="0"/>
        <line num="126" count="1" type="stmt"/>
        <line num="127" count="3" type="stmt"/>
        <line num="128" count="3" type="stmt"/>
        <line num="130" count="3" type="stmt"/>
        <line num="131" count="3" type="stmt"/>
        <line num="132" count="3" type="stmt"/>
        <line num="133" count="3" type="stmt"/>
        <line num="134" count="3" type="stmt"/>
        <line num="136" count="3" type="cond" truecount="2" falsecount="0"/>
        <line num="137" count="2" type="stmt"/>
        <line num="139" count="1" type="stmt"/>
        <line num="146" count="1" type="stmt"/>
        <line num="150" count="3" type="stmt"/>
        <line num="151" count="3" type="stmt"/>
        <line num="153" count="3" type="cond" truecount="4" falsecount="0"/>
        <line num="154" count="1" type="stmt"/>
        <line num="155" count="2" type="cond" truecount="4" falsecount="0"/>
        <line num="156" count="1" type="stmt"/>
        <line num="158" count="1" type="stmt"/>
        <line num="165" count="1" type="stmt"/>
        <line num="169" count="2" type="stmt"/>
        <line num="170" count="2" type="stmt"/>
        <line num="171" count="2" type="stmt"/>
        <line num="172" count="2" type="stmt"/>
        <line num="178" count="1" type="stmt"/>
        <line num="182" count="3" type="stmt"/>
        <line num="183" count="3" type="stmt"/>
        <line num="184" count="3" type="stmt"/>
        <line num="185" count="3" type="stmt"/>
        <line num="186" count="3" type="stmt"/>
        <line num="192" count="1" type="stmt"/>
        <line num="196" count="2" type="stmt"/>
        <line num="203" count="1" type="stmt"/>
        <line num="207" count="3" type="cond" truecount="2" falsecount="0"/>
        <line num="208" count="2" type="stmt"/>
        <line num="209" count="2" type="stmt"/>
      </file>
      <file name="validation.ts" path="/Users/waqar/Documents/projects/personal/budget-tracker-app-development/lib/utils/validation.ts">
        <metrics statements="70" coveredstatements="70" conditionals="81" coveredconditionals="81" methods="9" coveredmethods="9"/>
        <line num="6" count="1" type="stmt"/>
        <line num="9" count="45" type="stmt"/>
        <line num="10" count="45" type="stmt"/>
        <line num="12" count="45" type="stmt"/>
        <line num="13" count="45" type="stmt"/>
        <line num="17" count="1" type="stmt"/>
        <line num="28" count="21" type="cond" truecount="2" falsecount="0"/>
        <line num="29" count="6" type="stmt"/>
        <line num="37" count="15" type="cond" truecount="2" falsecount="0"/>
        <line num="38" count="1" type="stmt"/>
        <line num="41" count="14" type="cond" truecount="2" falsecount="0"/>
        <line num="42" count="2" type="stmt"/>
        <line num="50" count="12" type="cond" truecount="4" falsecount="0"/>
        <line num="51" count="1" type="stmt"/>
        <line num="55" count="11" type="cond" truecount="4" falsecount="0"/>
        <line num="56" count="1" type="stmt"/>
        <line num="64" count="10" type="cond" truecount="4" falsecount="0"/>
        <line num="65" count="10" type="cond" truecount="4" falsecount="0"/>
        <line num="67" count="10" type="cond" truecount="2" falsecount="0"/>
        <line num="68" count="2" type="stmt"/>
        <line num="75" count="8" type="cond" truecount="2" falsecount="0"/>
        <line num="76" count="2" type="stmt"/>
        <line num="83" count="6" type="stmt"/>
        <line num="86" count="1" type="stmt"/>
        <line num="96" count="20" type="cond" truecount="2" falsecount="0"/>
        <line num="97" count="3" type="stmt"/>
        <line num="104" count="17" type="stmt"/>
        <line num="106" count="17" type="cond" truecount="4" falsecount="0"/>
        <line num="107" count="3" type="stmt"/>
        <line num="110" count="14" type="cond" truecount="4" falsecount="0"/>
        <line num="111" count="1" type="stmt"/>
        <line num="118" count="13" type="cond" truecount="4" falsecount="0"/>
        <line num="119" count="2" type="stmt"/>
        <line num="126" count="11" type="cond" truecount="4" falsecount="0"/>
        <line num="127" count="1" type="stmt"/>
        <line num="134" count="10" type="stmt"/>
        <line num="137" count="1" type="stmt"/>
        <line num="143" count="11" type="cond" truecount="2" falsecount="0"/>
        <line num="144" count="6" type="stmt"/>
        <line num="145" count="5" type="cond" truecount="2" falsecount="0"/>
        <line num="146" count="2" type="stmt"/>
        <line num="148" count="3" type="stmt"/>
        <line num="155" count="8" type="cond" truecount="4" falsecount="0"/>
        <line num="156" count="2" type="stmt"/>
        <line num="160" count="6" type="stmt"/>
        <line num="161" count="6" type="stmt"/>
        <line num="163" count="6" type="cond" truecount="4" falsecount="0"/>
        <line num="164" count="2" type="stmt"/>
        <line num="171" count="4" type="stmt"/>
        <line num="174" count="1" type="stmt"/>
        <line num="175" count="7" type="stmt"/>
        <line num="182" count="4" type="cond" truecount="2" falsecount="0"/>
        <line num="183" count="2" type="stmt"/>
        <line num="190" count="2" type="stmt"/>
        <line num="193" count="1" type="stmt"/>
        <line num="194" count="5" type="cond" truecount="4" falsecount="0"/>
        <line num="195" count="3" type="stmt"/>
        <line num="201" count="2" type="stmt"/>
        <line num="204" count="1" type="stmt"/>
        <line num="207" count="5" type="cond" truecount="5" falsecount="0"/>
        <line num="208" count="2" type="stmt"/>
        <line num="214" count="3" type="stmt"/>
        <line num="217" count="1" type="stmt"/>
        <line num="218" count="4" type="cond" truecount="4" falsecount="0"/>
        <line num="219" count="2" type="stmt"/>
        <line num="225" count="2" type="stmt"/>
        <line num="228" count="1" type="stmt"/>
        <line num="231" count="7" type="cond" truecount="2" falsecount="0"/>
        <line num="237" count="3" type="stmt"/>
        <line num="243" count="4" type="stmt"/>
      </file>
    </package>
  </project>
</coverage>
