{"/Users/waqar/Documents/projects/personal/budget-tracker-app-development/lib/components.tsx": {"path":"/Users/waqar/Documents/projects/personal/budget-tracker-app-development/lib/components.tsx","statementMap":{"0":{"start":{"line":1,"column":0},"end":{"line":1,"column":26}},"1":{"start":{"line":2,"column":0},"end":{"line":2,"column":null}},"2":{"start":{"line":18,"column":0},"end":{"line":18,"column":null}},"3":{"start":{"line":27,"column":27},"end":{"line":31,"column":1}},"4":{"start":{"line":28,"column":21},"end":{"line":28,"column":37}},"5":{"start":{"line":29,"column":17},"end":{"line":29,"column":68}},"6":{"start":{"line":29,"column":37},"end":{"line":29,"column":57}},"7":{"start":{"line":30,"column":2},"end":{"line":30,"column":28}},"8":{"start":{"line":42,"column":41},"end":{"line":55,"column":1}},"9":{"start":{"line":43,"column":21},"end":{"line":43,"column":41}},"10":{"start":{"line":44,"column":42},"end":{"line":44,"column":62}},"11":{"start":{"line":46,"column":2},"end":{"line":52,"column":3}},"12":{"start":{"line":47,"column":4},"end":{"line":51,"column":6}},"13":{"start":{"line":54,"column":2},"end":{"line":54,"column":51}},"14":{"start":{"line":42,"column":13},"end":{"line":42,"column":41}},"15":{"start":{"line":72,"column":45},"end":{"line":119,"column":1}},"16":{"start":{"line":83,"column":29},"end":{"line":83,"column":49}},"17":{"start":{"line":84,"column":23},"end":{"line":91,"column":4}},"18":{"start":{"line":93,"column":21},"end":{"line":97,"column":4}},"19":{"start":{"line":99,"column":2},"end":{"line":118,"column":4}},"20":{"start":{"line":72,"column":13},"end":{"line":72,"column":45}},"21":{"start":{"line":136,"column":43},"end":{"line":168,"column":1}},"22":{"start":{"line":147,"column":29},"end":{"line":147,"column":49}},"23":{"start":{"line":148,"column":2},"end":{"line":167,"column":4}},"24":{"start":{"line":136,"column":13},"end":{"line":136,"column":43}},"25":{"start":{"line":179,"column":51},"end":{"line":207,"column":1}},"26":{"start":{"line":184,"column":29},"end":{"line":184,"column":49}},"27":{"start":{"line":185,"column":24},"end":{"line":185,"column":47}},"28":{"start":{"line":186,"column":16},"end":{"line":190,"column":4}},"29":{"start":{"line":192,"column":2},"end":{"line":206,"column":4}},"30":{"start":{"line":179,"column":13},"end":{"line":179,"column":51}},"31":{"start":{"line":221,"column":49},"end":{"line":259,"column":1}},"32":{"start":{"line":229,"column":29},"end":{"line":229,"column":49}},"33":{"start":{"line":230,"column":24},"end":{"line":230,"column":51}},"34":{"start":{"line":231,"column":2},"end":{"line":258,"column":4}},"35":{"start":{"line":221,"column":13},"end":{"line":221,"column":49}},"36":{"start":{"line":272,"column":53},"end":{"line":297,"column":1}},"37":{"start":{"line":279,"column":29},"end":{"line":279,"column":49}},"38":{"start":{"line":280,"column":2},"end":{"line":296,"column":4}},"39":{"start":{"line":272,"column":13},"end":{"line":272,"column":53}},"40":{"start":{"line":302,"column":38},"end":{"line":310,"column":1}},"41":{"start":{"line":303,"column":29},"end":{"line":303,"column":49}},"42":{"start":{"line":304,"column":2},"end":{"line":309,"column":4}},"43":{"start":{"line":302,"column":13},"end":{"line":302,"column":38}},"44":{"start":{"line":320,"column":59},"end":{"line":335,"column":1}},"45":{"start":{"line":324,"column":21},"end":{"line":324,"column":41}},"46":{"start":{"line":325,"column":2},"end":{"line":334,"column":4}},"47":{"start":{"line":320,"column":13},"end":{"line":320,"column":59}},"48":{"start":{"line":348,"column":55},"end":{"line":386,"column":1}},"49":{"start":{"line":355,"column":26},"end":{"line":355,"column":62}},"50":{"start":{"line":356,"column":29},"end":{"line":356,"column":49}},"51":{"start":{"line":357,"column":24},"end":{"line":357,"column":47}},"52":{"start":{"line":358,"column":29},"end":{"line":358,"column":71}},"53":{"start":{"line":360,"column":2},"end":{"line":385,"column":4}},"54":{"start":{"line":348,"column":13},"end":{"line":348,"column":55}},"55":{"start":{"line":398,"column":55},"end":{"line":446,"column":1}},"56":{"start":{"line":404,"column":21},"end":{"line":404,"column":41}},"57":{"start":{"line":405,"column":2},"end":{"line":445,"column":4}},"58":{"start":{"line":419,"column":28},"end":{"line":419,"column":47}},"59":{"start":{"line":398,"column":13},"end":{"line":398,"column":55}},"60":{"start":{"line":465,"column":45},"end":{"line":537,"column":1}},"61":{"start":{"line":472,"column":29},"end":{"line":472,"column":49}},"62":{"start":{"line":473,"column":30},"end":{"line":473,"column":51}},"63":{"start":{"line":474,"column":25},"end":{"line":474,"column":63}},"64":{"start":{"line":474,"column":45},"end":{"line":474,"column":62}},"65":{"start":{"line":476,"column":2},"end":{"line":536,"column":4}},"66":{"start":{"line":481,"column":23},"end":{"line":481,"column":38}},"67":{"start":{"line":503,"column":23},"end":{"line":503,"column":39}},"68":{"start":{"line":507,"column":10},"end":{"line":508,"column":null}},"69":{"start":{"line":514,"column":14},"end":{"line":514,"column":37}},"70":{"start":{"line":515,"column":14},"end":{"line":515,"column":31}},"71":{"start":{"line":465,"column":13},"end":{"line":465,"column":45}},"72":{"start":{"line":551,"column":49},"end":{"line":580,"column":1}},"73":{"start":{"line":559,"column":21},"end":{"line":559,"column":41}},"74":{"start":{"line":561,"column":4},"end":{"line":567,"column":null}},"75":{"start":{"line":571,"column":2},"end":{"line":577,"column":3}},"76":{"start":{"line":572,"column":4},"end":{"line":576,"column":6}},"77":{"start":{"line":579,"column":2},"end":{"line":579,"column":17}},"78":{"start":{"line":551,"column":13},"end":{"line":551,"column":49}},"79":{"start":{"line":585,"column":21},"end":{"line":925,"column":4}},"80":{"start":{"line":586,"column":2},"end":{"line":925,"column":4}}},"fnMap":{"0":{"name":"(anonymous_1)","decl":{"start":{"line":27,"column":27},"end":{"line":27,"column":30}},"loc":{"start":{"line":27,"column":32},"end":{"line":31,"column":1}}},"1":{"name":"(anonymous_2)","decl":{"start":{"line":29,"column":31},"end":{"line":29,"column":34}},"loc":{"start":{"line":29,"column":37},"end":{"line":29,"column":57}}},"2":{"name":"(anonymous_3)","decl":{"start":{"line":42,"column":41},"end":{"line":42,"column":42}},"loc":{"start":{"line":42,"column":74},"end":{"line":55,"column":1}}},"3":{"name":"(anonymous_4)","decl":{"start":{"line":72,"column":45},"end":{"line":72,"column":46}},"loc":{"start":{"line":82,"column":5},"end":{"line":119,"column":1}}},"4":{"name":"(anonymous_5)","decl":{"start":{"line":136,"column":43},"end":{"line":136,"column":44}},"loc":{"start":{"line":146,"column":5},"end":{"line":168,"column":1}}},"5":{"name":"(anonymous_6)","decl":{"start":{"line":179,"column":51},"end":{"line":179,"column":52}},"loc":{"start":{"line":183,"column":5},"end":{"line":207,"column":1}}},"6":{"name":"(anonymous_7)","decl":{"start":{"line":221,"column":49},"end":{"line":221,"column":50}},"loc":{"start":{"line":228,"column":5},"end":{"line":259,"column":1}}},"7":{"name":"(anonymous_8)","decl":{"start":{"line":272,"column":53},"end":{"line":272,"column":54}},"loc":{"start":{"line":278,"column":5},"end":{"line":297,"column":1}}},"8":{"name":"(anonymous_9)","decl":{"start":{"line":302,"column":38},"end":{"line":302,"column":41}},"loc":{"start":{"line":302,"column":43},"end":{"line":310,"column":1}}},"9":{"name":"(anonymous_10)","decl":{"start":{"line":320,"column":59},"end":{"line":320,"column":60}},"loc":{"start":{"line":323,"column":5},"end":{"line":335,"column":1}}},"10":{"name":"(anonymous_11)","decl":{"start":{"line":348,"column":55},"end":{"line":348,"column":56}},"loc":{"start":{"line":354,"column":5},"end":{"line":386,"column":1}}},"11":{"name":"(anonymous_12)","decl":{"start":{"line":398,"column":55},"end":{"line":398,"column":56}},"loc":{"start":{"line":403,"column":5},"end":{"line":446,"column":1}}},"12":{"name":"(anonymous_13)","decl":{"start":{"line":419,"column":21},"end":{"line":419,"column":22}},"loc":{"start":{"line":419,"column":28},"end":{"line":419,"column":47}}},"13":{"name":"(anonymous_14)","decl":{"start":{"line":465,"column":45},"end":{"line":465,"column":46}},"loc":{"start":{"line":471,"column":5},"end":{"line":537,"column":1}}},"14":{"name":"(anonymous_15)","decl":{"start":{"line":474,"column":38},"end":{"line":474,"column":39}},"loc":{"start":{"line":474,"column":45},"end":{"line":474,"column":62}}},"15":{"name":"(anonymous_16)","decl":{"start":{"line":481,"column":17},"end":{"line":481,"column":20}},"loc":{"start":{"line":481,"column":23},"end":{"line":481,"column":38}}},"16":{"name":"(anonymous_17)","decl":{"start":{"line":503,"column":17},"end":{"line":503,"column":20}},"loc":{"start":{"line":503,"column":23},"end":{"line":503,"column":39}}},"17":{"name":"(anonymous_18)","decl":{"start":{"line":506,"column":21},"end":{"line":506,"column":22}},"loc":{"start":{"line":507,"column":10},"end":{"line":508,"column":null}}},"18":{"name":"(anonymous_19)","decl":{"start":{"line":513,"column":21},"end":{"line":513,"column":24}},"loc":{"start":{"line":513,"column":26},"end":{"line":516,"column":13}}},"19":{"name":"(anonymous_20)","decl":{"start":{"line":551,"column":49},"end":{"line":551,"column":50}},"loc":{"start":{"line":558,"column":5},"end":{"line":580,"column":1}}},"20":{"name":"(anonymous_21)","decl":{"start":{"line":585,"column":21},"end":{"line":585,"column":22}},"loc":{"start":{"line":586,"column":2},"end":{"line":925,"column":4}}}},"branchMap":{"0":{"loc":{"start":{"line":46,"column":2},"end":{"line":52,"column":3}},"type":"if","locations":[{"start":{"line":46,"column":2},"end":{"line":52,"column":3}},{"start":{},"end":{}}]},"1":{"loc":{"start":{"line":75,"column":2},"end":{"line":75,"column":21}},"type":"default-arg","locations":[{"start":{"line":75,"column":12},"end":{"line":75,"column":21}}]},"2":{"loc":{"start":{"line":76,"column":2},"end":{"line":76,"column":13}},"type":"default-arg","locations":[{"start":{"line":76,"column":9},"end":{"line":76,"column":13}}]},"3":{"loc":{"start":{"line":77,"column":2},"end":{"line":77,"column":18}},"type":"default-arg","locations":[{"start":{"line":77,"column":13},"end":{"line":77,"column":18}}]},"4":{"loc":{"start":{"line":78,"column":2},"end":{"line":78,"column":17}},"type":"default-arg","locations":[{"start":{"line":78,"column":12},"end":{"line":78,"column":17}}]},"5":{"loc":{"start":{"line":80,"column":2},"end":{"line":80,"column":19}},"type":"default-arg","locations":[{"start":{"line":80,"column":14},"end":{"line":80,"column":19}}]},"6":{"loc":{"start":{"line":88,"column":4},"end":{"line":88,"column":39}},"type":"binary-expr","locations":[{"start":{"line":88,"column":4},"end":{"line":88,"column":13}},{"start":{"line":88,"column":17},"end":{"line":88,"column":39}}]},"7":{"loc":{"start":{"line":89,"column":4},"end":{"line":89,"column":37}},"type":"binary-expr","locations":[{"start":{"line":89,"column":4},"end":{"line":89,"column":12}},{"start":{"line":89,"column":16},"end":{"line":89,"column":37}}]},"8":{"loc":{"start":{"line":103,"column":16},"end":{"line":103,"column":35}},"type":"binary-expr","locations":[{"start":{"line":103,"column":16},"end":{"line":103,"column":24}},{"start":{"line":103,"column":28},"end":{"line":103,"column":35}}]},"9":{"loc":{"start":{"line":106,"column":7},"end":{"line":115,"column":null}},"type":"cond-expr","locations":[{"start":{"line":107,"column":8},"end":{"line":109,"column":null}},{"start":{"line":112,"column":8},"end":{"line":114,"column":null}}]},"10":{"loc":{"start":{"line":108,"column":17},"end":{"line":108,"column":76}},"type":"cond-expr","locations":[{"start":{"line":108,"column":41},"end":{"line":108,"column":59}},{"start":{"line":108,"column":62},"end":{"line":108,"column":76}}]},"11":{"loc":{"start":{"line":113,"column":11},"end":{"line":113,"column":64}},"type":"binary-expr","locations":[{"start":{"line":113,"column":11},"end":{"line":113,"column":15}},{"start":{"line":113,"column":19},"end":{"line":113,"column":64}}]},"12":{"loc":{"start":{"line":141,"column":2},"end":{"line":141,"column":26}},"type":"default-arg","locations":[{"start":{"line":141,"column":17},"end":{"line":141,"column":26}}]},"13":{"loc":{"start":{"line":142,"column":2},"end":{"line":142,"column":19}},"type":"default-arg","locations":[{"start":{"line":142,"column":14},"end":{"line":142,"column":19}}]},"14":{"loc":{"start":{"line":150,"column":7},"end":{"line":150,"column":62}},"type":"binary-expr","locations":[{"start":{"line":150,"column":7},"end":{"line":150,"column":12}},{"start":{"line":150,"column":16},"end":{"line":150,"column":62}}]},"15":{"loc":{"start":{"line":154,"column":10},"end":{"line":154,"column":44}},"type":"binary-expr","locations":[{"start":{"line":154,"column":10},"end":{"line":154,"column":19}},{"start":{"line":154,"column":23},"end":{"line":154,"column":44}}]},"16":{"loc":{"start":{"line":155,"column":10},"end":{"line":155,"column":36}},"type":"binary-expr","locations":[{"start":{"line":155,"column":10},"end":{"line":155,"column":15}},{"start":{"line":155,"column":19},"end":{"line":155,"column":36}}]},"17":{"loc":{"start":{"line":165,"column":7},"end":{"line":165,"column":66}},"type":"binary-expr","locations":[{"start":{"line":165,"column":7},"end":{"line":165,"column":12}},{"start":{"line":165,"column":16},"end":{"line":165,"column":66}}]},"18":{"loc":{"start":{"line":182,"column":2},"end":{"line":182,"column":13}},"type":"default-arg","locations":[{"start":{"line":182,"column":9},"end":{"line":182,"column":13}}]},"19":{"loc":{"start":{"line":185,"column":24},"end":{"line":185,"column":47}},"type":"binary-expr","locations":[{"start":{"line":185,"column":24},"end":{"line":185,"column":29}},{"start":{"line":185,"column":33},"end":{"line":185,"column":47}}]},"20":{"loc":{"start":{"line":230,"column":24},"end":{"line":230,"column":51}},"type":"binary-expr","locations":[{"start":{"line":230,"column":24},"end":{"line":230,"column":29}},{"start":{"line":230,"column":33},"end":{"line":230,"column":51}}]},"21":{"loc":{"start":{"line":234,"column":9},"end":{"line":234,"column":64}},"type":"binary-expr","locations":[{"start":{"line":234,"column":9},"end":{"line":234,"column":13}},{"start":{"line":234,"column":17},"end":{"line":234,"column":64}}]},"22":{"loc":{"start":{"line":240,"column":7},"end":{"line":255,"column":null}},"type":"binary-expr","locations":[{"start":{"line":240,"column":7},"end":{"line":240,"column":12}},{"start":{"line":241,"column":8},"end":{"line":254,"column":null}}]},"23":{"loc":{"start":{"line":246,"column":16},"end":{"line":250,"column":42}},"type":"cond-expr","locations":[{"start":{"line":247,"column":20},"end":{"line":247,"column":34}},{"start":{"line":248,"column":20},"end":{"line":250,"column":42}}]},"24":{"loc":{"start":{"line":248,"column":20},"end":{"line":250,"column":42}},"type":"cond-expr","locations":[{"start":{"line":249,"column":22},"end":{"line":249,"column":34}},{"start":{"line":250,"column":22},"end":{"line":250,"column":42}}]},"25":{"loc":{"start":{"line":254,"column":11},"end":{"line":254,"column":62}},"type":"cond-expr","locations":[{"start":{"line":254,"column":28},"end":{"line":254,"column":31}},{"start":{"line":254,"column":34},"end":{"line":254,"column":62}}]},"26":{"loc":{"start":{"line":254,"column":34},"end":{"line":254,"column":62}},"type":"cond-expr","locations":[{"start":{"line":254,"column":53},"end":{"line":254,"column":56}},{"start":{"line":254,"column":59},"end":{"line":254,"column":62}}]},"27":{"loc":{"start":{"line":284,"column":7},"end":{"line":285,"column":null}},"type":"binary-expr","locations":[{"start":{"line":284,"column":7},"end":{"line":284,"column":18}},{"start":{"line":285,"column":8},"end":{"line":285,"column":71}}]},"28":{"loc":{"start":{"line":287,"column":7},"end":{"line":293,"column":null}},"type":"binary-expr","locations":[{"start":{"line":287,"column":7},"end":{"line":287,"column":18}},{"start":{"line":287,"column":22},"end":{"line":287,"column":30}},{"start":{"line":288,"column":8},"end":{"line":292,"column":null}}]},"29":{"loc":{"start":{"line":328,"column":7},"end":{"line":331,"column":null}},"type":"binary-expr","locations":[{"start":{"line":328,"column":7},"end":{"line":328,"column":13}},{"start":{"line":329,"column":8},"end":{"line":330,"column":null}}]},"30":{"loc":{"start":{"line":352,"column":2},"end":{"line":352,"column":12}},"type":"default-arg","locations":[{"start":{"line":352,"column":11},"end":{"line":352,"column":12}}]},"31":{"loc":{"start":{"line":353,"column":2},"end":{"line":353,"column":19}},"type":"default-arg","locations":[{"start":{"line":353,"column":14},"end":{"line":353,"column":19}}]},"32":{"loc":{"start":{"line":357,"column":24},"end":{"line":357,"column":47}},"type":"binary-expr","locations":[{"start":{"line":357,"column":24},"end":{"line":357,"column":29}},{"start":{"line":357,"column":33},"end":{"line":357,"column":47}}]},"33":{"loc":{"start":{"line":358,"column":29},"end":{"line":358,"column":71}},"type":"binary-expr","locations":[{"start":{"line":358,"column":29},"end":{"line":358,"column":44}},{"start":{"line":358,"column":48},"end":{"line":358,"column":71}}]},"34":{"loc":{"start":{"line":379,"column":7},"end":{"line":382,"column":null}},"type":"binary-expr","locations":[{"start":{"line":379,"column":7},"end":{"line":379,"column":16}},{"start":{"line":380,"column":8},"end":{"line":381,"column":null}}]},"35":{"loc":{"start":{"line":414,"column":18},"end":{"line":414,"column":62}},"type":"cond-expr","locations":[{"start":{"line":414,"column":42},"end":{"line":414,"column":51}},{"start":{"line":414,"column":54},"end":{"line":414,"column":62}}]},"36":{"loc":{"start":{"line":470,"column":2},"end":{"line":470,"column":27}},"type":"default-arg","locations":[{"start":{"line":470,"column":16},"end":{"line":470,"column":27}}]},"37":{"loc":{"start":{"line":478,"column":7},"end":{"line":478,"column":62}},"type":"binary-expr","locations":[{"start":{"line":478,"column":7},"end":{"line":478,"column":12}},{"start":{"line":478,"column":16},"end":{"line":478,"column":62}}]},"38":{"loc":{"start":{"line":486,"column":12},"end":{"line":486,"column":58}},"type":"binary-expr","locations":[{"start":{"line":486,"column":12},"end":{"line":486,"column":27}},{"start":{"line":486,"column":31},"end":{"line":486,"column":58}}]},"39":{"loc":{"start":{"line":489,"column":11},"end":{"line":495,"column":null}},"type":"cond-expr","locations":[{"start":{"line":490,"column":12},"end":{"line":492,"column":null}},{"start":{"line":495,"column":12},"end":{"line":495,"column":23}}]},"40":{"loc":{"start":{"line":491,"column":15},"end":{"line":491,"column":63}},"type":"binary-expr","locations":[{"start":{"line":491,"column":15},"end":{"line":491,"column":34}},{"start":{"line":491,"column":38},"end":{"line":491,"column":63}}]},"41":{"loc":{"start":{"line":504,"column":15},"end":{"line":504,"column":39}},"type":"binary-expr","locations":[{"start":{"line":504,"column":15},"end":{"line":504,"column":20}},{"start":{"line":504,"column":24},"end":{"line":504,"column":39}}]},"42":{"loc":{"start":{"line":511,"column":14},"end":{"line":511,"column":67}},"type":"binary-expr","locations":[{"start":{"line":511,"column":14},"end":{"line":511,"column":36}},{"start":{"line":511,"column":40},"end":{"line":511,"column":67}}]},"43":{"loc":{"start":{"line":518,"column":13},"end":{"line":519,"column":null}},"type":"binary-expr","locations":[{"start":{"line":518,"column":13},"end":{"line":518,"column":24}},{"start":{"line":519,"column":14},"end":{"line":519,"column":72}}]},"44":{"loc":{"start":{"line":524,"column":16},"end":{"line":524,"column":73}},"type":"binary-expr","locations":[{"start":{"line":524,"column":16},"end":{"line":524,"column":38}},{"start":{"line":524,"column":42},"end":{"line":524,"column":73}}]},"45":{"loc":{"start":{"line":529,"column":13},"end":{"line":530,"column":null}},"type":"binary-expr","locations":[{"start":{"line":529,"column":13},"end":{"line":529,"column":35}},{"start":{"line":530,"column":14},"end":{"line":530,"column":59}}]},"46":{"loc":{"start":{"line":562,"column":7},"end":{"line":562,"column":62}},"type":"binary-expr","locations":[{"start":{"line":562,"column":7},"end":{"line":562,"column":11}},{"start":{"line":562,"column":15},"end":{"line":562,"column":62}}]},"47":{"loc":{"start":{"line":565,"column":9},"end":{"line":565,"column":76}},"type":"binary-expr","locations":[{"start":{"line":565,"column":9},"end":{"line":565,"column":17}},{"start":{"line":565,"column":21},"end":{"line":565,"column":76}}]},"48":{"loc":{"start":{"line":567,"column":7},"end":{"line":567,"column":65}},"type":"binary-expr","locations":[{"start":{"line":567,"column":7},"end":{"line":567,"column":12}},{"start":{"line":567,"column":16},"end":{"line":567,"column":65}}]},"49":{"loc":{"start":{"line":571,"column":2},"end":{"line":577,"column":3}},"type":"if","locations":[{"start":{"line":571,"column":2},"end":{"line":577,"column":3}},{"start":{},"end":{}}]}},"s":{"0":0,"1":0,"2":0,"3":0,"4":0,"5":0,"6":0,"7":0,"8":0,"9":0,"10":0,"11":0,"12":0,"13":0,"14":0,"15":0,"16":0,"17":0,"18":0,"19":0,"20":0,"21":0,"22":0,"23":0,"24":0,"25":0,"26":0,"27":0,"28":0,"29":0,"30":0,"31":0,"32":0,"33":0,"34":0,"35":0,"36":0,"37":0,"38":0,"39":0,"40":0,"41":0,"42":0,"43":0,"44":0,"45":0,"46":0,"47":0,"48":0,"49":0,"50":0,"51":0,"52":0,"53":0,"54":0,"55":0,"56":0,"57":0,"58":0,"59":0,"60":0,"61":0,"62":0,"63":0,"64":0,"65":0,"66":0,"67":0,"68":0,"69":0,"70":0,"71":0,"72":0,"73":0,"74":0,"75":0,"76":0,"77":0,"78":0,"79":0,"80":0},"f":{"0":0,"1":0,"2":0,"3":0,"4":0,"5":0,"6":0,"7":0,"8":0,"9":0,"10":0,"11":0,"12":0,"13":0,"14":0,"15":0,"16":0,"17":0,"18":0,"19":0,"20":0},"b":{"0":[0,0],"1":[0],"2":[0],"3":[0],"4":[0],"5":[0],"6":[0,0],"7":[0,0],"8":[0,0],"9":[0,0],"10":[0,0],"11":[0,0],"12":[0],"13":[0],"14":[0,0],"15":[0,0],"16":[0,0],"17":[0,0],"18":[0],"19":[0,0],"20":[0,0],"21":[0,0],"22":[0,0],"23":[0,0],"24":[0,0],"25":[0,0],"26":[0,0],"27":[0,0],"28":[0,0,0],"29":[0,0],"30":[0],"31":[0],"32":[0,0],"33":[0,0],"34":[0,0],"35":[0,0],"36":[0],"37":[0,0],"38":[0,0],"39":[0,0],"40":[0,0],"41":[0,0],"42":[0,0],"43":[0,0],"44":[0,0],"45":[0,0],"46":[0,0],"47":[0,0],"48":[0,0],"49":[0,0]}}
,"/Users/waqar/Documents/projects/personal/budget-tracker-app-development/lib/currencies.ts": {"path":"/Users/waqar/Documents/projects/personal/budget-tracker-app-development/lib/currencies.ts","statementMap":{"0":{"start":{"line":1087,"column":0},"end":{"line":1087,"column":16}},"1":{"start":{"line":1094,"column":0},"end":{"line":1094,"column":16}},"2":{"start":{"line":1101,"column":0},"end":{"line":1101,"column":16}},"3":{"start":{"line":1148,"column":0},"end":{"line":1148,"column":16}},"4":{"start":{"line":1155,"column":0},"end":{"line":1155,"column":16}},"5":{"start":{"line":1164,"column":0},"end":{"line":1164,"column":16}},"6":{"start":{"line":1194,"column":0},"end":{"line":1194,"column":16}},"7":{"start":{"line":27,"column":13},"end":{"line":40,"column":2}},"8":{"start":{"line":43,"column":13},"end":{"line":1078,"column":2}},"9":{"start":{"line":1081,"column":20},"end":{"line":1081,"column":47}},"10":{"start":{"line":1082,"column":0},"end":{"line":1082,"column":54}},"11":{"start":{"line":1082,"column":26},"end":{"line":1082,"column":52}},"12":{"start":{"line":1088,"column":2},"end":{"line":1088,"column":31}},"13":{"start":{"line":1095,"column":2},"end":{"line":1095,"column":47}},"14":{"start":{"line":1110,"column":19},"end":{"line":1110,"column":48}},"15":{"start":{"line":1111,"column":2},"end":{"line":1113,"column":3}},"16":{"start":{"line":1112,"column":4},"end":{"line":1112,"column":50}},"17":{"start":{"line":1115,"column":17},"end":{"line":1117,"column":21}},"18":{"start":{"line":1120,"column":2},"end":{"line":1133,"column":3}},"19":{"start":{"line":1121,"column":4},"end":{"line":1127,"column":5}},"20":{"start":{"line":1122,"column":6},"end":{"line":1122,"column":60}},"21":{"start":{"line":1123,"column":11},"end":{"line":1127,"column":5}},"22":{"start":{"line":1124,"column":6},"end":{"line":1124,"column":57}},"23":{"start":{"line":1126,"column":6},"end":{"line":1126,"column":63}},"24":{"start":{"line":1129,"column":4},"end":{"line":1132,"column":7}},"25":{"start":{"line":1136,"column":17},"end":{"line":1136,"column":46}},"26":{"start":{"line":1138,"column":2},"end":{"line":1140,"column":3}},"27":{"start":{"line":1139,"column":4},"end":{"line":1139,"column":39}},"28":{"start":{"line":1142,"column":2},"end":{"line":1142,"column":16}},"29":{"start":{"line":1149,"column":2},"end":{"line":1149,"column":55}},"30":{"start":{"line":1149,"column":34},"end":{"line":1149,"column":53}},"31":{"start":{"line":1156,"column":2},"end":{"line":1158,"column":4}},"32":{"start":{"line":1156,"column":46},"end":{"line":1156,"column":67}},"33":{"start":{"line":1157,"column":26},"end":{"line":1157,"column":41}},"34":{"start":{"line":1165,"column":12},"end":{"line":1165,"column":38}},"35":{"start":{"line":1166,"column":2},"end":{"line":1166,"column":20}},"36":{"start":{"line":1166,"column":10},"end":{"line":1166,"column":20}},"37":{"start":{"line":1168,"column":2},"end":{"line":1174,"column":4}},"38":{"start":{"line":1170,"column":6},"end":{"line":1173,"column":32}},"39":{"start":{"line":1180,"column":13},"end":{"line":1189,"column":2}},"40":{"start":{"line":1195,"column":2},"end":{"line":1195,"column":55}},"41":{"start":{"line":1201,"column":13},"end":{"line":1201,"column":43}}},"fnMap":{"0":{"name":"(anonymous_0)","decl":{"start":{"line":1082,"column":19},"end":{"line":1082,"column":20}},"loc":{"start":{"line":1082,"column":26},"end":{"line":1082,"column":52}}},"1":{"name":"getCurrency","decl":{"start":{"line":1087,"column":16},"end":{"line":1087,"column":27}},"loc":{"start":{"line":1087,"column":40},"end":{"line":1089,"column":1}}},"2":{"name":"getCurrencySymbol","decl":{"start":{"line":1094,"column":16},"end":{"line":1094,"column":33}},"loc":{"start":{"line":1094,"column":46},"end":{"line":1096,"column":1}}},"3":{"name":"formatCurrencyAmount","decl":{"start":{"line":1101,"column":16},"end":{"line":1101,"column":36}},"loc":{"start":{"line":1108,"column":3},"end":{"line":1143,"column":1}}},"4":{"name":"getCurrenciesByRegion","decl":{"start":{"line":1148,"column":16},"end":{"line":1148,"column":37}},"loc":{"start":{"line":1148,"column":60},"end":{"line":1150,"column":1}}},"5":{"name":"(anonymous_5)","decl":{"start":{"line":1149,"column":27},"end":{"line":1149,"column":28}},"loc":{"start":{"line":1149,"column":34},"end":{"line":1149,"column":53}}},"6":{"name":"getPopularCurrencies","decl":{"start":{"line":1155,"column":16},"end":{"line":1155,"column":36}},"loc":{"start":{"line":1155,"column":36},"end":{"line":1159,"column":1}}},"7":{"name":"(anonymous_7)","decl":{"start":{"line":1156,"column":36},"end":{"line":1156,"column":37}},"loc":{"start":{"line":1156,"column":46},"end":{"line":1156,"column":67}}},"8":{"name":"(anonymous_8)","decl":{"start":{"line":1157,"column":4},"end":{"line":1157,"column":5}},"loc":{"start":{"line":1157,"column":26},"end":{"line":1157,"column":41}}},"9":{"name":"searchCurrencies","decl":{"start":{"line":1164,"column":16},"end":{"line":1164,"column":32}},"loc":{"start":{"line":1164,"column":46},"end":{"line":1175,"column":1}}},"10":{"name":"(anonymous_10)","decl":{"start":{"line":1169,"column":4},"end":{"line":1169,"column":5}},"loc":{"start":{"line":1170,"column":6},"end":{"line":1173,"column":32}}},"11":{"name":"getAllRegions","decl":{"start":{"line":1194,"column":16},"end":{"line":1194,"column":29}},"loc":{"start":{"line":1194,"column":29},"end":{"line":1196,"column":1}}}},"branchMap":{"0":{"loc":{"start":{"line":1095,"column":9},"end":{"line":1095,"column":46}},"type":"binary-expr","locations":[{"start":{"line":1095,"column":9},"end":{"line":1095,"column":38}},{"start":{"line":1095,"column":42},"end":{"line":1095,"column":46}}]},"1":{"loc":{"start":{"line":1095,"column":9},"end":{"line":1095,"column":38}},"type":"cond-expr","locations":[{"start":{"line":1095,"column":30},"end":{"line":1095,"column":32}},{"start":{"line":1095,"column":30},"end":{"line":1095,"column":38}}]},"2":{"loc":{"start":{"line":1095,"column":9},"end":{"line":1095,"column":32}},"type":"binary-expr","locations":[{"start":{"line":1095,"column":9},"end":{"line":1095,"column":32}},{"start":{"line":1095,"column":30},"end":{"line":1095,"column":32}}]},"3":{"loc":{"start":{"line":1103,"column":2},"end":{"line":1103,"column":30}},"type":"default-arg","locations":[{"start":{"line":1103,"column":25},"end":{"line":1103,"column":30}}]},"4":{"loc":{"start":{"line":1111,"column":2},"end":{"line":1113,"column":3}},"type":"if","locations":[{"start":{"line":1111,"column":2},"end":{"line":1113,"column":3}},{"start":{},"end":{}}]},"5":{"loc":{"start":{"line":1115,"column":17},"end":{"line":1117,"column":21}},"type":"cond-expr","locations":[{"start":{"line":1116,"column":6},"end":{"line":1116,"column":27}},{"start":{"line":1117,"column":6},"end":{"line":1117,"column":21}}]},"6":{"loc":{"start":{"line":1115,"column":17},"end":{"line":1115,"column":41}},"type":"cond-expr","locations":[{"start":{"line":1115,"column":24},"end":{"line":1115,"column":26}},{"start":{"line":1115,"column":17},"end":{"line":1115,"column":41}}]},"7":{"loc":{"start":{"line":1115,"column":17},"end":{"line":1115,"column":26}},"type":"binary-expr","locations":[{"start":{"line":1115,"column":17},"end":{"line":1115,"column":26}},{"start":{"line":1115,"column":17},"end":{"line":1115,"column":26}}]},"8":{"loc":{"start":{"line":1120,"column":2},"end":{"line":1133,"column":3}},"type":"if","locations":[{"start":{"line":1120,"column":2},"end":{"line":1133,"column":3}},{"start":{"line":1128,"column":9},"end":{"line":1133,"column":3}}]},"9":{"loc":{"start":{"line":1120,"column":6},"end":{"line":1120,"column":50}},"type":"binary-expr","locations":[{"start":{"line":1120,"column":6},"end":{"line":1120,"column":22}},{"start":{"line":1120,"column":26},"end":{"line":1120,"column":50}}]},"10":{"loc":{"start":{"line":1120,"column":6},"end":{"line":1120,"column":22}},"type":"cond-expr","locations":[{"start":{"line":1120,"column":13},"end":{"line":1120,"column":15}},{"start":{"line":1120,"column":6},"end":{"line":1120,"column":22}}]},"11":{"loc":{"start":{"line":1120,"column":6},"end":{"line":1120,"column":15}},"type":"binary-expr","locations":[{"start":{"line":1120,"column":6},"end":{"line":1120,"column":15}},{"start":{"line":1120,"column":6},"end":{"line":1120,"column":15}}]},"12":{"loc":{"start":{"line":1121,"column":4},"end":{"line":1127,"column":5}},"type":"if","locations":[{"start":{"line":1121,"column":4},"end":{"line":1127,"column":5}},{"start":{"line":1123,"column":11},"end":{"line":1127,"column":5}}]},"13":{"loc":{"start":{"line":1123,"column":11},"end":{"line":1127,"column":5}},"type":"if","locations":[{"start":{"line":1123,"column":11},"end":{"line":1127,"column":5}},{"start":{"line":1125,"column":11},"end":{"line":1127,"column":5}}]},"14":{"loc":{"start":{"line":1138,"column":2},"end":{"line":1140,"column":3}},"type":"if","locations":[{"start":{"line":1138,"column":2},"end":{"line":1140,"column":3}},{"start":{},"end":{}}]},"15":{"loc":{"start":{"line":1138,"column":6},"end":{"line":1138,"column":23}},"type":"cond-expr","locations":[{"start":{"line":1138,"column":13},"end":{"line":1138,"column":15}},{"start":{"line":1138,"column":6},"end":{"line":1138,"column":23}}]},"16":{"loc":{"start":{"line":1138,"column":6},"end":{"line":1138,"column":15}},"type":"binary-expr","locations":[{"start":{"line":1138,"column":6},"end":{"line":1138,"column":15}},{"start":{"line":1138,"column":6},"end":{"line":1138,"column":15}}]},"17":{"loc":{"start":{"line":1166,"column":2},"end":{"line":1166,"column":20}},"type":"if","locations":[{"start":{"line":1166,"column":2},"end":{"line":1166,"column":20}},{"start":{},"end":{}}]},"18":{"loc":{"start":{"line":1170,"column":6},"end":{"line":1173,"column":32}},"type":"binary-expr","locations":[{"start":{"line":1170,"column":6},"end":{"line":1170,"column":38}},{"start":{"line":1171,"column":6},"end":{"line":1171,"column":38}},{"start":{"line":1172,"column":6},"end":{"line":1172,"column":40}},{"start":{"line":1173,"column":6},"end":{"line":1173,"column":32}}]}},"s":{"0":3,"1":3,"2":3,"3":3,"4":3,"5":3,"6":3,"7":3,"8":3,"9":3,"10":3,"11":339,"12":60,"13":3,"14":10,"15":10,"16":1,"17":9,"18":9,"19":2,"20":1,"21":1,"22":1,"23":0,"24":7,"25":9,"26":9,"27":1,"28":8,"29":3,"30":339,"31":1,"32":12,"33":12,"34":7,"35":7,"36":2,"37":5,"38":565,"39":3,"40":2,"41":3},"f":{"0":339,"1":60,"2":3,"3":10,"4":3,"5":339,"6":1,"7":12,"8":12,"9":7,"10":565,"11":2},"b":{"0":[3,1],"1":[1,2],"2":[3,3],"3":[0],"4":[1,9],"5":[1,8],"6":[4,5],"7":[9,9],"8":[2,7],"9":[9,3],"10":[4,5],"11":[9,9],"12":[1,1],"13":[1,0],"14":[1,8],"15":[4,5],"16":[9,9],"17":[2,5],"18":[565,563,544,543]}}
,"/Users/waqar/Documents/projects/personal/budget-tracker-app-development/lib/database.ts": {"path":"/Users/waqar/Documents/projects/personal/budget-tracker-app-development/lib/database.ts","statementMap":{"0":{"start":{"line":383,"column":0},"end":{"line":383,"column":22}},"1":{"start":{"line":582,"column":0},"end":{"line":582,"column":22}},"2":{"start":{"line":600,"column":0},"end":{"line":600,"column":22}},"3":{"start":{"line":1,"column":0},"end":{"line":1,"column":38}},"4":{"start":{"line":3,"column":22},"end":{"line":3,"column":41}},"5":{"start":{"line":4,"column":23},"end":{"line":4,"column":25}},"6":{"start":{"line":113,"column":39},"end":{"line":113,"column":43}},"7":{"start":{"line":114,"column":57},"end":{"line":114,"column":61}},"8":{"start":{"line":125,"column":2},"end":{"line":125,"column":80}},"9":{"start":{"line":127,"column":2},"end":{"line":207,"column":3}},"10":{"start":{"line":129,"column":4},"end":{"line":129,"column":50}},"11":{"start":{"line":132,"column":4},"end":{"line":137,"column":5}},"12":{"start":{"line":133,"column":6},"end":{"line":133,"column":63}},"13":{"start":{"line":134,"column":6},"end":{"line":134,"column":70}},"14":{"start":{"line":135,"column":6},"end":{"line":135,"column":41}},"15":{"start":{"line":136,"column":6},"end":{"line":136,"column":13}},"16":{"start":{"line":140,"column":4},"end":{"line":140,"column":45}},"17":{"start":{"line":141,"column":4},"end":{"line":149,"column":7}},"18":{"start":{"line":152,"column":4},"end":{"line":155,"column":5}},"19":{"start":{"line":152,"column":23},"end":{"line":152,"column":38}},"20":{"start":{"line":153,"column":6},"end":{"line":153,"column":66}},"21":{"start":{"line":154,"column":6},"end":{"line":154,"column":46}},"22":{"start":{"line":158,"column":4},"end":{"line":158,"column":64}},"23":{"start":{"line":159,"column":4},"end":{"line":167,"column":7}},"24":{"start":{"line":170,"column":4},"end":{"line":170,"column":68}},"25":{"start":{"line":173,"column":4},"end":{"line":173,"column":39}},"26":{"start":{"line":174,"column":4},"end":{"line":174,"column":61}},"27":{"start":{"line":176,"column":4},"end":{"line":176,"column":60}},"28":{"start":{"line":178,"column":4},"end":{"line":204,"column":5}},"29":{"start":{"line":180,"column":6},"end":{"line":180,"column":43}},"30":{"start":{"line":183,"column":6},"end":{"line":183,"column":58}},"31":{"start":{"line":184,"column":6},"end":{"line":200,"column":9}},"32":{"start":{"line":201,"column":6},"end":{"line":201,"column":55}},"33":{"start":{"line":203,"column":6},"end":{"line":203,"column":68}},"34":{"start":{"line":206,"column":4},"end":{"line":206,"column":16}},"35":{"start":{"line":218,"column":2},"end":{"line":380,"column":3}},"36":{"start":{"line":221,"column":6},"end":{"line":221,"column":48}},"37":{"start":{"line":222,"column":6},"end":{"line":222,"column":12}},"38":{"start":{"line":226,"column":6},"end":{"line":226,"column":61}},"39":{"start":{"line":227,"column":6},"end":{"line":229,"column":9}},"40":{"start":{"line":230,"column":6},"end":{"line":230,"column":12}},"41":{"start":{"line":234,"column":6},"end":{"line":234,"column":65}},"42":{"start":{"line":235,"column":6},"end":{"line":237,"column":9}},"43":{"start":{"line":238,"column":6},"end":{"line":238,"column":12}},"44":{"start":{"line":242,"column":6},"end":{"line":242,"column":66}},"45":{"start":{"line":243,"column":6},"end":{"line":245,"column":9}},"46":{"start":{"line":246,"column":6},"end":{"line":246,"column":12}},"47":{"start":{"line":250,"column":6},"end":{"line":250,"column":62}},"48":{"start":{"line":251,"column":6},"end":{"line":267,"column":9}},"49":{"start":{"line":269,"column":6},"end":{"line":271,"column":9}},"50":{"start":{"line":272,"column":6},"end":{"line":272,"column":12}},"51":{"start":{"line":276,"column":6},"end":{"line":276,"column":54}},"52":{"start":{"line":277,"column":6},"end":{"line":287,"column":9}},"53":{"start":{"line":288,"column":6},"end":{"line":288,"column":12}},"54":{"start":{"line":292,"column":6},"end":{"line":292,"column":64}},"55":{"start":{"line":293,"column":6},"end":{"line":301,"column":9}},"56":{"start":{"line":302,"column":6},"end":{"line":302,"column":12}},"57":{"start":{"line":306,"column":6},"end":{"line":306,"column":80}},"58":{"start":{"line":307,"column":6},"end":{"line":317,"column":9}},"59":{"start":{"line":318,"column":6},"end":{"line":320,"column":9}},"60":{"start":{"line":321,"column":6},"end":{"line":321,"column":12}},"61":{"start":{"line":325,"column":6},"end":{"line":325,"column":68}},"62":{"start":{"line":326,"column":6},"end":{"line":330,"column":9}},"63":{"start":{"line":331,"column":6},"end":{"line":331,"column":12}},"64":{"start":{"line":335,"column":6},"end":{"line":337,"column":8}},"65":{"start":{"line":338,"column":6},"end":{"line":361,"column":9}},"66":{"start":{"line":362,"column":6},"end":{"line":362,"column":12}},"67":{"start":{"line":366,"column":6},"end":{"line":366,"column":63}},"68":{"start":{"line":367,"column":6},"end":{"line":369,"column":9}},"69":{"start":{"line":371,"column":6},"end":{"line":375,"column":9}},"70":{"start":{"line":376,"column":6},"end":{"line":376,"column":12}},"71":{"start":{"line":379,"column":6},"end":{"line":379,"column":66}},"72":{"start":{"line":385,"column":2},"end":{"line":385,"column":20}},"73":{"start":{"line":385,"column":10},"end":{"line":385,"column":20}},"74":{"start":{"line":388,"column":2},"end":{"line":388,"column":38}},"75":{"start":{"line":388,"column":19},"end":{"line":388,"column":38}},"76":{"start":{"line":391,"column":2},"end":{"line":577,"column":7}},"77":{"start":{"line":391,"column":28},"end":{"line":577,"column":4}},"78":{"start":{"line":392,"column":21},"end":{"line":392,"column":66}},"79":{"start":{"line":395,"column":4},"end":{"line":395,"column":59}},"80":{"start":{"line":398,"column":25},"end":{"line":398,"column":30}},"81":{"start":{"line":399,"column":4},"end":{"line":430,"column":5}},"82":{"start":{"line":400,"column":21},"end":{"line":401,"column":null}},"83":{"start":{"line":403,"column":29},"end":{"line":403,"column":54}},"84":{"start":{"line":404,"column":6},"end":{"line":404,"column":55}},"85":{"start":{"line":407,"column":6},"end":{"line":426,"column":7}},"86":{"start":{"line":408,"column":8},"end":{"line":425,"column":9}},"87":{"start":{"line":410,"column":28},"end":{"line":411,"column":null}},"88":{"start":{"line":413,"column":31},"end":{"line":414,"column":null}},"89":{"start":{"line":414,"column":21},"end":{"line":414,"column":45}},"90":{"start":{"line":416,"column":36},"end":{"line":417,"column":null}},"91":{"start":{"line":417,"column":21},"end":{"line":417,"column":50}},"92":{"start":{"line":419,"column":10},"end":{"line":421,"column":11}},"93":{"start":{"line":420,"column":12},"end":{"line":420,"column":34}},"94":{"start":{"line":424,"column":10},"end":{"line":424,"column":32}},"95":{"start":{"line":429,"column":6},"end":{"line":429,"column":28}},"96":{"start":{"line":432,"column":4},"end":{"line":441,"column":5}},"97":{"start":{"line":433,"column":24},"end":{"line":434,"column":null}},"98":{"start":{"line":436,"column":26},"end":{"line":436,"column":54}},"99":{"start":{"line":437,"column":6},"end":{"line":439,"column":8}},"100":{"start":{"line":440,"column":6},"end":{"line":440,"column":67}},"101":{"start":{"line":444,"column":4},"end":{"line":444,"column":58}},"102":{"start":{"line":447,"column":4},"end":{"line":573,"column":7}},"103":{"start":{"line":575,"column":4},"end":{"line":575,"column":18}},"104":{"start":{"line":576,"column":4},"end":{"line":576,"column":20}},"105":{"start":{"line":579,"column":2},"end":{"line":579,"column":21}},"106":{"start":{"line":583,"column":2},"end":{"line":585,"column":3}},"107":{"start":{"line":584,"column":4},"end":{"line":584,"column":32}},"108":{"start":{"line":588,"column":2},"end":{"line":597,"column":3}},"109":{"start":{"line":589,"column":4},"end":{"line":589,"column":40}},"110":{"start":{"line":590,"column":4},"end":{"line":590,"column":14}},"111":{"start":{"line":593,"column":4},"end":{"line":593,"column":64}},"112":{"start":{"line":594,"column":4},"end":{"line":594,"column":14}},"113":{"start":{"line":595,"column":4},"end":{"line":595,"column":23}},"114":{"start":{"line":596,"column":4},"end":{"line":596,"column":32}},"115":{"start":{"line":601,"column":2},"end":{"line":610,"column":3}},"116":{"start":{"line":602,"column":4},"end":{"line":609,"column":5}},"117":{"start":{"line":603,"column":6},"end":{"line":603,"column":28}},"118":{"start":{"line":605,"column":6},"end":{"line":605,"column":54}},"119":{"start":{"line":607,"column":6},"end":{"line":607,"column":16}},"120":{"start":{"line":608,"column":6},"end":{"line":608,"column":25}}},"fnMap":{"0":{"name":"migrateDatabase","decl":{"start":{"line":120,"column":15},"end":{"line":120,"column":30}},"loc":{"start":{"line":123,"column":19},"end":{"line":208,"column":null}}},"1":{"name":"applyMigration","decl":{"start":{"line":214,"column":15},"end":{"line":214,"column":29}},"loc":{"start":{"line":216,"column":17},"end":{"line":381,"column":null}}},"2":{"name":"initializeDatabase","decl":{"start":{"line":383,"column":22},"end":{"line":383,"column":40}},"loc":{"start":{"line":383,"column":40},"end":{"line":580,"column":null}}},"3":{"name":"(anonymous_22)","decl":{"start":{"line":391,"column":17},"end":{"line":391,"column":26}},"loc":{"start":{"line":391,"column":28},"end":{"line":577,"column":4}}},"4":{"name":"(anonymous_23)","decl":{"start":{"line":391,"column":28},"end":{"line":391,"column":null}},"loc":{"start":{"line":391,"column":28},"end":{"line":577,"column":3}}},"5":{"name":"(anonymous_24)","decl":{"start":{"line":414,"column":12},"end":{"line":414,"column":13}},"loc":{"start":{"line":414,"column":21},"end":{"line":414,"column":45}}},"6":{"name":"(anonymous_25)","decl":{"start":{"line":417,"column":12},"end":{"line":417,"column":13}},"loc":{"start":{"line":417,"column":21},"end":{"line":417,"column":50}}},"7":{"name":"getDatabase","decl":{"start":{"line":582,"column":22},"end":{"line":582,"column":33}},"loc":{"start":{"line":582,"column":33},"end":{"line":598,"column":null}}},"8":{"name":"closeDatabase","decl":{"start":{"line":600,"column":22},"end":{"line":600,"column":35}},"loc":{"start":{"line":600,"column":35},"end":{"line":611,"column":null}}}},"branchMap":{"0":{"loc":{"start":{"line":132,"column":4},"end":{"line":137,"column":5}},"type":"if","locations":[{"start":{"line":132,"column":4},"end":{"line":137,"column":5}},{"start":{},"end":{}}]},"1":{"loc":{"start":{"line":218,"column":2},"end":{"line":380,"column":3}},"type":"switch","locations":[{"start":{"line":219,"column":4},"end":{"line":222,"column":12}},{"start":{"line":224,"column":4},"end":{"line":230,"column":12}},{"start":{"line":232,"column":4},"end":{"line":238,"column":12}},{"start":{"line":240,"column":4},"end":{"line":246,"column":12}},{"start":{"line":248,"column":4},"end":{"line":272,"column":12}},{"start":{"line":274,"column":4},"end":{"line":288,"column":12}},{"start":{"line":290,"column":4},"end":{"line":302,"column":12}},{"start":{"line":304,"column":4},"end":{"line":321,"column":12}},{"start":{"line":323,"column":4},"end":{"line":331,"column":12}},{"start":{"line":333,"column":4},"end":{"line":362,"column":12}},{"start":{"line":364,"column":4},"end":{"line":376,"column":12}},{"start":{"line":378,"column":4},"end":{"line":379,"column":66}}]},"2":{"loc":{"start":{"line":385,"column":2},"end":{"line":385,"column":20}},"type":"if","locations":[{"start":{"line":385,"column":2},"end":{"line":385,"column":20}},{"start":{},"end":{}}]},"3":{"loc":{"start":{"line":388,"column":2},"end":{"line":388,"column":38}},"type":"if","locations":[{"start":{"line":388,"column":2},"end":{"line":388,"column":38}},{"start":{},"end":{}}]},"4":{"loc":{"start":{"line":403,"column":29},"end":{"line":403,"column":54}},"type":"cond-expr","locations":[{"start":{"line":403,"column":49},"end":{"line":403,"column":53}},{"start":{"line":403,"column":53},"end":{"line":403,"column":54}}]},"5":{"loc":{"start":{"line":403,"column":29},"end":{"line":403,"column":53}},"type":"binary-expr","locations":[{"start":{"line":403,"column":29},"end":{"line":403,"column":53}},{"start":{"line":403,"column":49},"end":{"line":403,"column":53}}]},"6":{"loc":{"start":{"line":403,"column":29},"end":{"line":403,"column":49}},"type":"cond-expr","locations":[{"start":{"line":403,"column":35},"end":{"line":403,"column":37}},{"start":{"line":403,"column":29},"end":{"line":403,"column":49}}]},"7":{"loc":{"start":{"line":403,"column":29},"end":{"line":403,"column":37}},"type":"binary-expr","locations":[{"start":{"line":403,"column":29},"end":{"line":403,"column":37}},{"start":{"line":403,"column":29},"end":{"line":403,"column":37}}]},"8":{"loc":{"start":{"line":407,"column":6},"end":{"line":426,"column":7}},"type":"if","locations":[{"start":{"line":407,"column":6},"end":{"line":426,"column":7}},{"start":{},"end":{}}]},"9":{"loc":{"start":{"line":419,"column":10},"end":{"line":421,"column":11}},"type":"if","locations":[{"start":{"line":419,"column":10},"end":{"line":421,"column":11}},{"start":{},"end":{}}]},"10":{"loc":{"start":{"line":419,"column":14},"end":{"line":419,"column":75}},"type":"binary-expr","locations":[{"start":{"line":419,"column":15},"end":{"line":419,"column":28}},{"start":{"line":419,"column":32},"end":{"line":419,"column":50}},{"start":{"line":419,"column":55},"end":{"line":419,"column":75}}]},"11":{"loc":{"start":{"line":432,"column":4},"end":{"line":441,"column":5}},"type":"if","locations":[{"start":{"line":432,"column":4},"end":{"line":441,"column":5}},{"start":{},"end":{}}]},"12":{"loc":{"start":{"line":436,"column":26},"end":{"line":436,"column":54}},"type":"binary-expr","locations":[{"start":{"line":436,"column":26},"end":{"line":436,"column":49}},{"start":{"line":436,"column":53},"end":{"line":436,"column":54}}]},"13":{"loc":{"start":{"line":436,"column":26},"end":{"line":436,"column":49}},"type":"cond-expr","locations":[{"start":{"line":436,"column":35},"end":{"line":436,"column":37}},{"start":{"line":436,"column":26},"end":{"line":436,"column":49}}]},"14":{"loc":{"start":{"line":436,"column":26},"end":{"line":436,"column":37}},"type":"binary-expr","locations":[{"start":{"line":436,"column":26},"end":{"line":436,"column":37}},{"start":{"line":436,"column":26},"end":{"line":436,"column":37}}]},"15":{"loc":{"start":{"line":583,"column":2},"end":{"line":585,"column":3}},"type":"if","locations":[{"start":{"line":583,"column":2},"end":{"line":585,"column":3}},{"start":{},"end":{}}]},"16":{"loc":{"start":{"line":601,"column":2},"end":{"line":610,"column":3}},"type":"if","locations":[{"start":{"line":601,"column":2},"end":{"line":610,"column":3}},{"start":{},"end":{}}]}},"s":{"0":0,"1":0,"2":0,"3":0,"4":0,"5":0,"6":0,"7":0,"8":0,"9":0,"10":0,"11":0,"12":0,"13":0,"14":0,"15":0,"16":0,"17":0,"18":0,"19":0,"20":0,"21":0,"22":0,"23":0,"24":0,"25":0,"26":0,"27":0,"28":0,"29":0,"30":0,"31":0,"32":0,"33":0,"34":0,"35":0,"36":0,"37":0,"38":0,"39":0,"40":0,"41":0,"42":0,"43":0,"44":0,"45":0,"46":0,"47":0,"48":0,"49":0,"50":0,"51":0,"52":0,"53":0,"54":0,"55":0,"56":0,"57":0,"58":0,"59":0,"60":0,"61":0,"62":0,"63":0,"64":0,"65":0,"66":0,"67":0,"68":0,"69":0,"70":0,"71":0,"72":0,"73":0,"74":0,"75":0,"76":0,"77":0,"78":0,"79":0,"80":0,"81":0,"82":0,"83":0,"84":0,"85":0,"86":0,"87":0,"88":0,"89":0,"90":0,"91":0,"92":0,"93":0,"94":0,"95":0,"96":0,"97":0,"98":0,"99":0,"100":0,"101":0,"102":0,"103":0,"104":0,"105":0,"106":0,"107":0,"108":0,"109":0,"110":0,"111":0,"112":0,"113":0,"114":0,"115":0,"116":0,"117":0,"118":0,"119":0,"120":0},"f":{"0":0,"1":0,"2":0,"3":0,"4":0,"5":0,"6":0,"7":0,"8":0},"b":{"0":[0,0],"1":[0,0,0,0,0,0,0,0,0,0,0,0],"2":[0,0],"3":[0,0],"4":[0,0],"5":[0,0],"6":[0,0],"7":[0,0],"8":[0,0],"9":[0,0],"10":[0,0,0],"11":[0,0],"12":[0,0],"13":[0,0],"14":[0,0],"15":[0,0],"16":[0,0]}}
,"/Users/waqar/Documents/projects/personal/budget-tracker-app-development/lib/design-system.tsx": {"path":"/Users/waqar/Documents/projects/personal/budget-tracker-app-development/lib/design-system.tsx","statementMap":{"0":{"start":{"line":4,"column":13},"end":{"line":20,"column":11}},"1":{"start":{"line":23,"column":13},"end":{"line":34,"column":11}},"2":{"start":{"line":37,"column":13},"end":{"line":45,"column":11}},"3":{"start":{"line":48,"column":13},"end":{"line":54,"column":11}},"4":{"start":{"line":57,"column":13},"end":{"line":79,"column":11}},"5":{"start":{"line":82,"column":13},"end":{"line":92,"column":11}},"6":{"start":{"line":95,"column":13},"end":{"line":108,"column":2}},"7":{"start":{"line":111,"column":13},"end":{"line":117,"column":2}}},"fnMap":{},"branchMap":{},"s":{"0":0,"1":0,"2":0,"3":0,"4":0,"5":0,"6":0,"7":0},"f":{},"b":{}}
,"/Users/waqar/Documents/projects/personal/budget-tracker-app-development/lib/smartCategories.ts": {"path":"/Users/waqar/Documents/projects/personal/budget-tracker-app-development/lib/smartCategories.ts","statementMap":{"0":{"start":{"line":1709,"column":0},"end":{"line":1709,"column":16}},"1":{"start":{"line":1764,"column":0},"end":{"line":1764,"column":16}},"2":{"start":{"line":1813,"column":0},"end":{"line":1813,"column":16}},"3":{"start":{"line":1825,"column":0},"end":{"line":1825,"column":16}},"4":{"start":{"line":1835,"column":0},"end":{"line":1835,"column":16}},"5":{"start":{"line":1845,"column":0},"end":{"line":1845,"column":16}},"6":{"start":{"line":1918,"column":0},"end":{"line":1918,"column":16}},"7":{"start":{"line":24,"column":13},"end":{"line":1700,"column":2}},"8":{"start":{"line":1713,"column":2},"end":{"line":1715,"column":3}},"9":{"start":{"line":1714,"column":4},"end":{"line":1714,"column":16}},"10":{"start":{"line":1717,"column":25},"end":{"line":1717,"column":57}},"11":{"start":{"line":1718,"column":16},"end":{"line":1718,"column":43}},"12":{"start":{"line":1720,"column":45},"end":{"line":1720,"column":49}},"13":{"start":{"line":1721,"column":18},"end":{"line":1721,"column":19}},"14":{"start":{"line":1723,"column":27},"end":{"line":1723,"column":74}},"15":{"start":{"line":1723,"column":58},"end":{"line":1723,"column":73}},"16":{"start":{"line":1725,"column":2},"end":{"line":1755,"column":3}},"17":{"start":{"line":1726,"column":16},"end":{"line":1726,"column":17}},"18":{"start":{"line":1729,"column":4},"end":{"line":1749,"column":5}},"19":{"start":{"line":1730,"column":32},"end":{"line":1730,"column":53}},"20":{"start":{"line":1733,"column":6},"end":{"line":1741,"column":7}},"21":{"start":{"line":1735,"column":8},"end":{"line":1735,"column":46}},"22":{"start":{"line":1738,"column":8},"end":{"line":1740,"column":9}},"23":{"start":{"line":1739,"column":10},"end":{"line":1739,"column":22}},"24":{"start":{"line":1744,"column":6},"end":{"line":1748,"column":7}},"25":{"start":{"line":1745,"column":8},"end":{"line":1747,"column":9}},"26":{"start":{"line":1746,"column":10},"end":{"line":1746,"column":31}},"27":{"start":{"line":1751,"column":4},"end":{"line":1754,"column":5}},"28":{"start":{"line":1752,"column":6},"end":{"line":1752,"column":24}},"29":{"start":{"line":1753,"column":6},"end":{"line":1753,"column":27}},"30":{"start":{"line":1758,"column":2},"end":{"line":1758,"column":43}},"31":{"start":{"line":1769,"column":2},"end":{"line":1771,"column":3}},"32":{"start":{"line":1770,"column":4},"end":{"line":1770,"column":14}},"33":{"start":{"line":1773,"column":25},"end":{"line":1773,"column":57}},"34":{"start":{"line":1774,"column":16},"end":{"line":1774,"column":43}},"35":{"start":{"line":1776,"column":27},"end":{"line":1776,"column":74}},"36":{"start":{"line":1776,"column":58},"end":{"line":1776,"column":73}},"37":{"start":{"line":1777,"column":68},"end":{"line":1777,"column":70}},"38":{"start":{"line":1779,"column":2},"end":{"line":1802,"column":3}},"39":{"start":{"line":1780,"column":16},"end":{"line":1780,"column":17}},"40":{"start":{"line":1782,"column":4},"end":{"line":1797,"column":5}},"41":{"start":{"line":1783,"column":32},"end":{"line":1783,"column":53}},"42":{"start":{"line":1785,"column":6},"end":{"line":1790,"column":7}},"43":{"start":{"line":1786,"column":8},"end":{"line":1786,"column":46}},"44":{"start":{"line":1787,"column":8},"end":{"line":1789,"column":9}},"45":{"start":{"line":1788,"column":10},"end":{"line":1788,"column":22}},"46":{"start":{"line":1792,"column":6},"end":{"line":1796,"column":7}},"47":{"start":{"line":1793,"column":8},"end":{"line":1795,"column":9}},"48":{"start":{"line":1794,"column":10},"end":{"line":1794,"column":31}},"49":{"start":{"line":1799,"column":4},"end":{"line":1801,"column":5}},"50":{"start":{"line":1800,"column":6},"end":{"line":1800,"column":39}},"51":{"start":{"line":1804,"column":2},"end":{"line":1807,"column":28}},"52":{"start":{"line":1805,"column":20},"end":{"line":1805,"column":37}},"53":{"start":{"line":1807,"column":16},"end":{"line":1807,"column":26}},"54":{"start":{"line":1816,"column":19},"end":{"line":1817,"column":null}},"55":{"start":{"line":1817,"column":11},"end":{"line":1817,"column":62}},"56":{"start":{"line":1819,"column":2},"end":{"line":1819,"column":49}},"57":{"start":{"line":1826,"column":19},"end":{"line":1827,"column":null}},"58":{"start":{"line":1827,"column":11},"end":{"line":1827,"column":62}},"59":{"start":{"line":1829,"column":2},"end":{"line":1829,"column":33}},"60":{"start":{"line":1836,"column":19},"end":{"line":1837,"column":null}},"61":{"start":{"line":1837,"column":11},"end":{"line":1837,"column":62}},"62":{"start":{"line":1839,"column":2},"end":{"line":1839,"column":38}},"63":{"start":{"line":1848,"column":2},"end":{"line":1848,"column":57}},"64":{"start":{"line":1848,"column":40},"end":{"line":1848,"column":55}},"65":{"start":{"line":1854,"column":13},"end":{"line":1913,"column":2}},"66":{"start":{"line":1919,"column":21},"end":{"line":1919,"column":54}},"67":{"start":{"line":1922,"column":2},"end":{"line":1924,"column":3}},"68":{"start":{"line":1923,"column":4},"end":{"line":1923,"column":41}},"69":{"start":{"line":1927,"column":2},"end":{"line":1931,"column":3}},"70":{"start":{"line":1928,"column":4},"end":{"line":1930,"column":5}},"71":{"start":{"line":1929,"column":6},"end":{"line":1929,"column":22}},"72":{"start":{"line":1933,"column":2},"end":{"line":1933,"column":14}}},"fnMap":{"0":{"name":"matchCategoryByDescription","decl":{"start":{"line":1709,"column":16},"end":{"line":1709,"column":42}},"loc":{"start":{"line":1711,"column":40},"end":{"line":1759,"column":1}}},"1":{"name":"(anonymous_1)","decl":{"start":{"line":1723,"column":51},"end":{"line":1723,"column":52}},"loc":{"start":{"line":1723,"column":58},"end":{"line":1723,"column":73}}},"2":{"name":"getCategorySuggestions","decl":{"start":{"line":1764,"column":16},"end":{"line":1764,"column":38}},"loc":{"start":{"line":1767,"column":19},"end":{"line":1808,"column":1}}},"3":{"name":"(anonymous_3)","decl":{"start":{"line":1776,"column":51},"end":{"line":1776,"column":52}},"loc":{"start":{"line":1776,"column":58},"end":{"line":1776,"column":73}}},"4":{"name":"(anonymous_4)","decl":{"start":{"line":1805,"column":10},"end":{"line":1805,"column":11}},"loc":{"start":{"line":1805,"column":20},"end":{"line":1805,"column":37}}},"5":{"name":"(anonymous_5)","decl":{"start":{"line":1807,"column":9},"end":{"line":1807,"column":10}},"loc":{"start":{"line":1807,"column":16},"end":{"line":1807,"column":26}}},"6":{"name":"getCategoryIcon","decl":{"start":{"line":1813,"column":16},"end":{"line":1813,"column":31}},"loc":{"start":{"line":1814,"column":22},"end":{"line":1820,"column":1}}},"7":{"name":"(anonymous_7)","decl":{"start":{"line":1817,"column":4},"end":{"line":1817,"column":5}},"loc":{"start":{"line":1817,"column":11},"end":{"line":1817,"column":62}}},"8":{"name":"getCategoryEmoji","decl":{"start":{"line":1825,"column":16},"end":{"line":1825,"column":32}},"loc":{"start":{"line":1825,"column":53},"end":{"line":1830,"column":1}}},"9":{"name":"(anonymous_9)","decl":{"start":{"line":1827,"column":4},"end":{"line":1827,"column":5}},"loc":{"start":{"line":1827,"column":11},"end":{"line":1827,"column":62}}},"10":{"name":"getCategoryColor","decl":{"start":{"line":1835,"column":16},"end":{"line":1835,"column":32}},"loc":{"start":{"line":1835,"column":53},"end":{"line":1840,"column":1}}},"11":{"name":"(anonymous_11)","decl":{"start":{"line":1837,"column":4},"end":{"line":1837,"column":5}},"loc":{"start":{"line":1837,"column":11},"end":{"line":1837,"column":62}}},"12":{"name":"getCategoriesByType","decl":{"start":{"line":1845,"column":16},"end":{"line":1845,"column":35}},"loc":{"start":{"line":1846,"column":28},"end":{"line":1849,"column":1}}},"13":{"name":"(anonymous_13)","decl":{"start":{"line":1848,"column":33},"end":{"line":1848,"column":34}},"loc":{"start":{"line":1848,"column":40},"end":{"line":1848,"column":55}}},"14":{"name":"matchMerchant","decl":{"start":{"line":1918,"column":16},"end":{"line":1918,"column":29}},"loc":{"start":{"line":1918,"column":50},"end":{"line":1934,"column":1}}}},"branchMap":{"0":{"loc":{"start":{"line":1711,"column":2},"end":{"line":1711,"column":40}},"type":"default-arg","locations":[{"start":{"line":1711,"column":31},"end":{"line":1711,"column":40}}]},"1":{"loc":{"start":{"line":1713,"column":2},"end":{"line":1715,"column":3}},"type":"if","locations":[{"start":{"line":1713,"column":2},"end":{"line":1715,"column":3}},{"start":{},"end":{}}]},"2":{"loc":{"start":{"line":1713,"column":6},"end":{"line":1713,"column":53}},"type":"binary-expr","locations":[{"start":{"line":1713,"column":6},"end":{"line":1713,"column":18}},{"start":{"line":1713,"column":22},"end":{"line":1713,"column":53}}]},"3":{"loc":{"start":{"line":1733,"column":6},"end":{"line":1741,"column":7}},"type":"if","locations":[{"start":{"line":1733,"column":6},"end":{"line":1741,"column":7}},{"start":{},"end":{}}]},"4":{"loc":{"start":{"line":1738,"column":8},"end":{"line":1740,"column":9}},"type":"if","locations":[{"start":{"line":1738,"column":8},"end":{"line":1740,"column":9}},{"start":{},"end":{}}]},"5":{"loc":{"start":{"line":1745,"column":8},"end":{"line":1747,"column":9}},"type":"if","locations":[{"start":{"line":1745,"column":8},"end":{"line":1747,"column":9}},{"start":{},"end":{}}]},"6":{"loc":{"start":{"line":1745,"column":12},"end":{"line":1745,"column":64}},"type":"binary-expr","locations":[{"start":{"line":1745,"column":12},"end":{"line":1745,"column":28}},{"start":{"line":1745,"column":32},"end":{"line":1745,"column":64}}]},"7":{"loc":{"start":{"line":1751,"column":4},"end":{"line":1754,"column":5}},"type":"if","locations":[{"start":{"line":1751,"column":4},"end":{"line":1754,"column":5}},{"start":{},"end":{}}]},"8":{"loc":{"start":{"line":1758,"column":9},"end":{"line":1758,"column":42}},"type":"cond-expr","locations":[{"start":{"line":1758,"column":26},"end":{"line":1758,"column":35}},{"start":{"line":1758,"column":38},"end":{"line":1758,"column":42}}]},"9":{"loc":{"start":{"line":1766,"column":2},"end":{"line":1766,"column":40}},"type":"default-arg","locations":[{"start":{"line":1766,"column":31},"end":{"line":1766,"column":40}}]},"10":{"loc":{"start":{"line":1767,"column":2},"end":{"line":1767,"column":19}},"type":"default-arg","locations":[{"start":{"line":1767,"column":18},"end":{"line":1767,"column":19}}]},"11":{"loc":{"start":{"line":1769,"column":2},"end":{"line":1771,"column":3}},"type":"if","locations":[{"start":{"line":1769,"column":2},"end":{"line":1771,"column":3}},{"start":{},"end":{}}]},"12":{"loc":{"start":{"line":1769,"column":6},"end":{"line":1769,"column":53}},"type":"binary-expr","locations":[{"start":{"line":1769,"column":6},"end":{"line":1769,"column":18}},{"start":{"line":1769,"column":22},"end":{"line":1769,"column":53}}]},"13":{"loc":{"start":{"line":1785,"column":6},"end":{"line":1790,"column":7}},"type":"if","locations":[{"start":{"line":1785,"column":6},"end":{"line":1790,"column":7}},{"start":{},"end":{}}]},"14":{"loc":{"start":{"line":1787,"column":8},"end":{"line":1789,"column":9}},"type":"if","locations":[{"start":{"line":1787,"column":8},"end":{"line":1789,"column":9}},{"start":{},"end":{}}]},"15":{"loc":{"start":{"line":1793,"column":8},"end":{"line":1795,"column":9}},"type":"if","locations":[{"start":{"line":1793,"column":8},"end":{"line":1795,"column":9}},{"start":{},"end":{}}]},"16":{"loc":{"start":{"line":1793,"column":12},"end":{"line":1793,"column":64}},"type":"binary-expr","locations":[{"start":{"line":1793,"column":12},"end":{"line":1793,"column":28}},{"start":{"line":1793,"column":32},"end":{"line":1793,"column":64}}]},"17":{"loc":{"start":{"line":1799,"column":4},"end":{"line":1801,"column":5}},"type":"if","locations":[{"start":{"line":1799,"column":4},"end":{"line":1801,"column":5}},{"start":{},"end":{}}]},"18":{"loc":{"start":{"line":1819,"column":9},"end":{"line":1819,"column":48}},"type":"binary-expr","locations":[{"start":{"line":1819,"column":9},"end":{"line":1819,"column":23}},{"start":{"line":1819,"column":27},"end":{"line":1819,"column":48}}]},"19":{"loc":{"start":{"line":1819,"column":9},"end":{"line":1819,"column":23}},"type":"cond-expr","locations":[{"start":{"line":1819,"column":17},"end":{"line":1819,"column":19}},{"start":{"line":1819,"column":9},"end":{"line":1819,"column":23}}]},"20":{"loc":{"start":{"line":1819,"column":9},"end":{"line":1819,"column":19}},"type":"binary-expr","locations":[{"start":{"line":1819,"column":9},"end":{"line":1819,"column":19}},{"start":{"line":1819,"column":9},"end":{"line":1819,"column":19}}]},"21":{"loc":{"start":{"line":1829,"column":9},"end":{"line":1829,"column":32}},"type":"binary-expr","locations":[{"start":{"line":1829,"column":9},"end":{"line":1829,"column":24}},{"start":{"line":1829,"column":28},"end":{"line":1829,"column":32}}]},"22":{"loc":{"start":{"line":1829,"column":9},"end":{"line":1829,"column":24}},"type":"cond-expr","locations":[{"start":{"line":1829,"column":17},"end":{"line":1829,"column":19}},{"start":{"line":1829,"column":9},"end":{"line":1829,"column":24}}]},"23":{"loc":{"start":{"line":1829,"column":9},"end":{"line":1829,"column":19}},"type":"binary-expr","locations":[{"start":{"line":1829,"column":9},"end":{"line":1829,"column":19}},{"start":{"line":1829,"column":9},"end":{"line":1829,"column":19}}]},"24":{"loc":{"start":{"line":1839,"column":9},"end":{"line":1839,"column":37}},"type":"binary-expr","locations":[{"start":{"line":1839,"column":9},"end":{"line":1839,"column":24}},{"start":{"line":1839,"column":28},"end":{"line":1839,"column":37}}]},"25":{"loc":{"start":{"line":1839,"column":9},"end":{"line":1839,"column":24}},"type":"cond-expr","locations":[{"start":{"line":1839,"column":17},"end":{"line":1839,"column":19}},{"start":{"line":1839,"column":9},"end":{"line":1839,"column":24}}]},"26":{"loc":{"start":{"line":1839,"column":9},"end":{"line":1839,"column":19}},"type":"binary-expr","locations":[{"start":{"line":1839,"column":9},"end":{"line":1839,"column":19}},{"start":{"line":1839,"column":9},"end":{"line":1839,"column":19}}]},"27":{"loc":{"start":{"line":1922,"column":2},"end":{"line":1924,"column":3}},"type":"if","locations":[{"start":{"line":1922,"column":2},"end":{"line":1924,"column":3}},{"start":{},"end":{}}]},"28":{"loc":{"start":{"line":1928,"column":4},"end":{"line":1930,"column":5}},"type":"if","locations":[{"start":{"line":1928,"column":4},"end":{"line":1930,"column":5}},{"start":{},"end":{}}]},"29":{"loc":{"start":{"line":1928,"column":8},"end":{"line":1928,"column":70}},"type":"binary-expr","locations":[{"start":{"line":1928,"column":8},"end":{"line":1928,"column":37}},{"start":{"line":1928,"column":41},"end":{"line":1928,"column":70}}]}},"s":{"0":1,"1":1,"2":1,"3":1,"4":1,"5":1,"6":1,"7":1,"8":16,"9":2,"10":14,"11":14,"12":14,"13":14,"14":14,"15":434,"16":14,"17":269,"18":269,"19":11873,"20":11873,"21":29,"22":29,"23":27,"24":11873,"25":24909,"26":55,"27":269,"28":18,"29":18,"30":14,"31":5,"32":1,"33":4,"34":4,"35":4,"36":124,"37":4,"38":4,"39":75,"40":75,"41":3259,"42":3259,"43":10,"44":10,"45":7,"46":3259,"47":8614,"48":51,"49":75,"50":18,"51":4,"52":26,"53":13,"54":4,"55":34,"56":4,"57":4,"58":41,"59":4,"60":2,"61":36,"62":2,"63":4,"64":124,"65":1,"66":13,"67":13,"68":10,"69":3,"70":57,"71":2,"72":1},"f":{"0":16,"1":434,"2":5,"3":124,"4":26,"5":13,"6":4,"7":34,"8":4,"9":41,"10":2,"11":36,"12":4,"13":124,"14":13},"b":{"0":[0],"1":[2,14],"2":[16,15],"3":[29,11844],"4":[27,2],"5":[55,24854],"6":[24909,24909],"7":[18,251],"8":[13,1],"9":[0],"10":[3],"11":[1,4],"12":[5,4],"13":[10,3249],"14":[7,3],"15":[51,8563],"16":[8614,8614],"17":[18,57],"18":[4,1],"19":[1,3],"20":[4,4],"21":[4,1],"22":[1,3],"23":[4,4],"24":[2,1],"25":[1,1],"26":[2,2],"27":[10,3],"28":[2,55],"29":[57,56]}}
,"/Users/waqar/Documents/projects/personal/budget-tracker-app-development/lib/theme.ts": {"path":"/Users/waqar/Documents/projects/personal/budget-tracker-app-development/lib/theme.ts","statementMap":{"0":{"start":{"line":97,"column":0},"end":{"line":97,"column":16}},"1":{"start":{"line":2,"column":0},"end":{"line":2,"column":46}},"2":{"start":{"line":3,"column":0},"end":{"line":3,"column":57}},"3":{"start":{"line":7,"column":13},"end":{"line":49,"column":11}},"4":{"start":{"line":51,"column":13},"end":{"line":93,"column":11}},"5":{"start":{"line":98,"column":38},"end":{"line":98,"column":51}},"6":{"start":{"line":99,"column":23},"end":{"line":99,"column":39}},"7":{"start":{"line":100,"column":16},"end":{"line":100,"column":30}},"8":{"start":{"line":102,"column":4},"end":{"line":102,"column":77}},"9":{"start":{"line":103,"column":17},"end":{"line":103,"column":66}},"10":{"start":{"line":105,"column":2},"end":{"line":110,"column":4}},"11":{"start":{"line":109,"column":40},"end":{"line":109,"column":73}},"12":{"start":{"line":113,"column":13},"end":{"line":121,"column":11}},"13":{"start":{"line":123,"column":13},"end":{"line":129,"column":11}},"14":{"start":{"line":131,"column":13},"end":{"line":155,"column":11}},"15":{"start":{"line":157,"column":13},"end":{"line":179,"column":11}},"16":{"start":{"line":182,"column":13},"end":{"line":214,"column":11}},"17":{"start":{"line":216,"column":13},"end":{"line":220,"column":11}},"18":{"start":{"line":223,"column":0},"end":{"line":223,"column":65}},"19":{"start":{"line":225,"column":30},"end":{"line":230,"column":1}},"20":{"start":{"line":229,"column":2},"end":{"line":229,"column":52}},"21":{"start":{"line":225,"column":13},"end":{"line":225,"column":30}},"22":{"start":{"line":233,"column":33},"end":{"line":236,"column":1}},"23":{"start":{"line":234,"column":19},"end":{"line":234,"column":44}},"24":{"start":{"line":235,"column":2},"end":{"line":235,"column":42}},"25":{"start":{"line":233,"column":13},"end":{"line":233,"column":33}},"26":{"start":{"line":239,"column":26},"end":{"line":245,"column":1}},"27":{"start":{"line":240,"column":2},"end":{"line":244,"column":5}},"28":{"start":{"line":239,"column":13},"end":{"line":239,"column":26}},"29":{"start":{"line":247,"column":31},"end":{"line":252,"column":1}},"30":{"start":{"line":248,"column":2},"end":{"line":251,"column":5}},"31":{"start":{"line":247,"column":13},"end":{"line":247,"column":31}}},"fnMap":{"0":{"name":"useThemeColors","decl":{"start":{"line":97,"column":16},"end":{"line":97,"column":30}},"loc":{"start":{"line":97,"column":30},"end":{"line":111,"column":1}}},"1":{"name":"(anonymous_1)","decl":{"start":{"line":109,"column":14},"end":{"line":109,"column":15}},"loc":{"start":{"line":109,"column":40},"end":{"line":109,"column":73}}},"2":{"name":"(anonymous_2)","decl":{"start":{"line":225,"column":30},"end":{"line":225,"column":null}},"loc":{"start":{"line":228,"column":12},"end":{"line":230,"column":1}}},"3":{"name":"(anonymous_3)","decl":{"start":{"line":233,"column":33},"end":{"line":233,"column":34}},"loc":{"start":{"line":233,"column":74},"end":{"line":236,"column":1}}},"4":{"name":"(anonymous_4)","decl":{"start":{"line":239,"column":26},"end":{"line":239,"column":27}},"loc":{"start":{"line":239,"column":56},"end":{"line":245,"column":1}}},"5":{"name":"(anonymous_5)","decl":{"start":{"line":247,"column":31},"end":{"line":247,"column":32}},"loc":{"start":{"line":247,"column":61},"end":{"line":252,"column":1}}}},"branchMap":{"0":{"loc":{"start":{"line":102,"column":4},"end":{"line":102,"column":77}},"type":"cond-expr","locations":[{"start":{"line":102,"column":26},"end":{"line":102,"column":68}},{"start":{"line":102,"column":72},"end":{"line":102,"column":77}}]},"1":{"loc":{"start":{"line":102,"column":26},"end":{"line":102,"column":68}},"type":"cond-expr","locations":[{"start":{"line":102,"column":52},"end":{"line":102,"column":58}},{"start":{"line":102,"column":61},"end":{"line":102,"column":68}}]},"2":{"loc":{"start":{"line":103,"column":17},"end":{"line":103,"column":66}},"type":"cond-expr","locations":[{"start":{"line":103,"column":42},"end":{"line":103,"column":52}},{"start":{"line":103,"column":55},"end":{"line":103,"column":66}}]},"3":{"loc":{"start":{"line":227,"column":2},"end":{"line":227,"column":30}},"type":"default-arg","locations":[{"start":{"line":227,"column":25},"end":{"line":227,"column":30}}]},"4":{"loc":{"start":{"line":233,"column":34},"end":{"line":233,"column":62}},"type":"default-arg","locations":[{"start":{"line":233,"column":57},"end":{"line":233,"column":62}}]},"5":{"loc":{"start":{"line":235,"column":9},"end":{"line":235,"column":41}},"type":"binary-expr","locations":[{"start":{"line":235,"column":9},"end":{"line":235,"column":25}},{"start":{"line":235,"column":29},"end":{"line":235,"column":41}}]},"6":{"loc":{"start":{"line":235,"column":9},"end":{"line":235,"column":25}},"type":"cond-expr","locations":[{"start":{"line":235,"column":17},"end":{"line":235,"column":19}},{"start":{"line":235,"column":9},"end":{"line":235,"column":25}}]},"7":{"loc":{"start":{"line":235,"column":9},"end":{"line":235,"column":19}},"type":"binary-expr","locations":[{"start":{"line":235,"column":9},"end":{"line":235,"column":19}},{"start":{"line":235,"column":9},"end":{"line":235,"column":19}}]}},"s":{"0":0,"1":0,"2":0,"3":0,"4":0,"5":0,"6":0,"7":0,"8":0,"9":0,"10":0,"11":0,"12":0,"13":0,"14":0,"15":0,"16":0,"17":0,"18":0,"19":0,"20":0,"21":0,"22":0,"23":0,"24":0,"25":0,"26":0,"27":0,"28":0,"29":0,"30":0,"31":0},"f":{"0":0,"1":0,"2":0,"3":0,"4":0,"5":0},"b":{"0":[0,0],"1":[0,0],"2":[0,0],"3":[0],"4":[0],"5":[0,0],"6":[0,0],"7":[0,0]}}
,"/Users/waqar/Documents/projects/personal/budget-tracker-app-development/lib/utils.ts": {"path":"/Users/waqar/Documents/projects/personal/budget-tracker-app-development/lib/utils.ts","statementMap":{"0":{"start":{"line":4,"column":0},"end":{"line":4,"column":16}},"1":{"start":{"line":8,"column":0},"end":{"line":8,"column":16}},"2":{"start":{"line":17,"column":0},"end":{"line":17,"column":16}},"3":{"start":{"line":26,"column":0},"end":{"line":26,"column":16}},"4":{"start":{"line":44,"column":0},"end":{"line":44,"column":16}},"5":{"start":{"line":59,"column":0},"end":{"line":59,"column":16}},"6":{"start":{"line":66,"column":0},"end":{"line":66,"column":16}},"7":{"start":{"line":75,"column":0},"end":{"line":75,"column":16}},"8":{"start":{"line":79,"column":0},"end":{"line":79,"column":16}},"9":{"start":{"line":1,"column":0},"end":{"line":1,"column":45}},"10":{"start":{"line":2,"column":0},"end":{"line":2,"column":41}},"11":{"start":{"line":5,"column":2},"end":{"line":5,"column":33}},"12":{"start":{"line":9,"column":12},"end":{"line":9,"column":60}},"13":{"start":{"line":10,"column":2},"end":{"line":14,"column":5}},"14":{"start":{"line":18,"column":12},"end":{"line":18,"column":60}},"15":{"start":{"line":19,"column":2},"end":{"line":23,"column":5}},"16":{"start":{"line":27,"column":17},"end":{"line":40,"column":4}},"17":{"start":{"line":41,"column":2},"end":{"line":41,"column":28}},"18":{"start":{"line":45,"column":14},"end":{"line":45,"column":24}},"19":{"start":{"line":46,"column":16},"end":{"line":46,"column":72}},"20":{"start":{"line":47,"column":14},"end":{"line":55,"column":13}},"21":{"start":{"line":56,"column":2},"end":{"line":56,"column":24}},"22":{"start":{"line":60,"column":14},"end":{"line":60,"column":24}},"23":{"start":{"line":61,"column":16},"end":{"line":61,"column":59}},"24":{"start":{"line":62,"column":14},"end":{"line":62,"column":76}},"25":{"start":{"line":63,"column":2},"end":{"line":63,"column":24}},"26":{"start":{"line":67,"column":16},"end":{"line":67,"column":26}},"27":{"start":{"line":68,"column":2},"end":{"line":68,"column":29}},"28":{"start":{"line":69,"column":21},"end":{"line":69,"column":35}},"29":{"start":{"line":70,"column":2},"end":{"line":70,"column":34}},"30":{"start":{"line":71,"column":19},"end":{"line":71,"column":57}},"31":{"start":{"line":72,"column":2},"end":{"line":72,"column":53}},"32":{"start":{"line":76,"column":2},"end":{"line":76,"column":77}},"33":{"start":{"line":80,"column":2},"end":{"line":80,"column":31}}},"fnMap":{"0":{"name":"formatCurrency","decl":{"start":{"line":4,"column":16},"end":{"line":4,"column":30}},"loc":{"start":{"line":4,"column":45},"end":{"line":6,"column":1}}},"1":{"name":"formatDate","decl":{"start":{"line":8,"column":16},"end":{"line":8,"column":26}},"loc":{"start":{"line":8,"column":46},"end":{"line":15,"column":1}}},"2":{"name":"formatDateLong","decl":{"start":{"line":17,"column":16},"end":{"line":17,"column":30}},"loc":{"start":{"line":17,"column":50},"end":{"line":24,"column":1}}},"3":{"name":"getMonthName","decl":{"start":{"line":26,"column":16},"end":{"line":26,"column":28}},"loc":{"start":{"line":26,"column":47},"end":{"line":42,"column":1}}},"4":{"name":"getCurrentMonthRange","decl":{"start":{"line":44,"column":16},"end":{"line":44,"column":36}},"loc":{"start":{"line":44,"column":36},"end":{"line":57,"column":1}}},"5":{"name":"getYearRange","decl":{"start":{"line":59,"column":16},"end":{"line":59,"column":28}},"loc":{"start":{"line":59,"column":28},"end":{"line":64,"column":1}}},"6":{"name":"getDaysUntil","decl":{"start":{"line":66,"column":16},"end":{"line":66,"column":28}},"loc":{"start":{"line":66,"column":41},"end":{"line":73,"column":1}}},"7":{"name":"generateId","decl":{"start":{"line":75,"column":16},"end":{"line":75,"column":26}},"loc":{"start":{"line":75,"column":26},"end":{"line":77,"column":1}}},"8":{"name":"cn","decl":{"start":{"line":79,"column":16},"end":{"line":79,"column":18}},"loc":{"start":{"line":79,"column":42},"end":{"line":81,"column":1}}}},"branchMap":{"0":{"loc":{"start":{"line":9,"column":12},"end":{"line":9,"column":60}},"type":"cond-expr","locations":[{"start":{"line":9,"column":39},"end":{"line":9,"column":53}},{"start":{"line":9,"column":56},"end":{"line":9,"column":60}}]},"1":{"loc":{"start":{"line":18,"column":12},"end":{"line":18,"column":60}},"type":"cond-expr","locations":[{"start":{"line":18,"column":39},"end":{"line":18,"column":53}},{"start":{"line":18,"column":56},"end":{"line":18,"column":60}}]}},"s":{"0":0,"1":0,"2":0,"3":0,"4":0,"5":0,"6":0,"7":0,"8":0,"9":0,"10":0,"11":0,"12":0,"13":0,"14":0,"15":0,"16":0,"17":0,"18":0,"19":0,"20":0,"21":0,"22":0,"23":0,"24":0,"25":0,"26":0,"27":0,"28":0,"29":0,"30":0,"31":0,"32":0,"33":0},"f":{"0":0,"1":0,"2":0,"3":0,"4":0,"5":0,"6":0,"7":0,"8":0},"b":{"0":[0,0],"1":[0,0]}}
,"/Users/waqar/Documents/projects/personal/budget-tracker-app-development/lib/components/Charts.tsx": {"path":"/Users/waqar/Documents/projects/personal/budget-tracker-app-development/lib/components/Charts.tsx","statementMap":{"0":{"start":{"line":1,"column":0},"end":{"line":1,"column":26}},"1":{"start":{"line":2,"column":0},"end":{"line":2,"column":48}},"2":{"start":{"line":3,"column":0},"end":{"line":3,"column":42}},"3":{"start":{"line":4,"column":0},"end":{"line":4,"column":80}},"4":{"start":{"line":6,"column":23},"end":{"line":10,"column":1}},"5":{"start":{"line":7,"column":21},"end":{"line":7,"column":37}},"6":{"start":{"line":8,"column":17},"end":{"line":8,"column":68}},"7":{"start":{"line":8,"column":37},"end":{"line":8,"column":57}},"8":{"start":{"line":9,"column":2},"end":{"line":9,"column":28}},"9":{"start":{"line":27,"column":65},"end":{"line":103,"column":1}},"10":{"start":{"line":31,"column":29},"end":{"line":31,"column":45}},"11":{"start":{"line":33,"column":2},"end":{"line":39,"column":3}},"12":{"start":{"line":34,"column":4},"end":{"line":38,"column":6}},"13":{"start":{"line":41,"column":19},"end":{"line":43,"column":null}},"14":{"start":{"line":42,"column":23},"end":{"line":42,"column":52}},"15":{"start":{"line":45,"column":22},"end":{"line":45,"column":33}},"16":{"start":{"line":47,"column":2},"end":{"line":102,"column":4}},"17":{"start":{"line":68,"column":31},"end":{"line":68,"column":69}},"18":{"start":{"line":69,"column":32},"end":{"line":69,"column":71}},"19":{"start":{"line":70,"column":10},"end":{"line":98,"column":12}},"20":{"start":{"line":27,"column":13},"end":{"line":27,"column":65}},"21":{"start":{"line":109,"column":21},"end":{"line":171,"column":4}},"22":{"start":{"line":110,"column":2},"end":{"line":171,"column":4}}},"fnMap":{"0":{"name":"(anonymous_1)","decl":{"start":{"line":6,"column":23},"end":{"line":6,"column":26}},"loc":{"start":{"line":6,"column":28},"end":{"line":10,"column":1}}},"1":{"name":"(anonymous_2)","decl":{"start":{"line":8,"column":31},"end":{"line":8,"column":34}},"loc":{"start":{"line":8,"column":37},"end":{"line":8,"column":57}}},"2":{"name":"(anonymous_3)","decl":{"start":{"line":27,"column":65},"end":{"line":27,"column":66}},"loc":{"start":{"line":30,"column":5},"end":{"line":103,"column":1}}},"3":{"name":"(anonymous_4)","decl":{"start":{"line":42,"column":16},"end":{"line":42,"column":17}},"loc":{"start":{"line":42,"column":23},"end":{"line":42,"column":52}}},"4":{"name":"(anonymous_5)","decl":{"start":{"line":67,"column":18},"end":{"line":67,"column":19}},"loc":{"start":{"line":67,"column":34},"end":{"line":99,"column":9}}},"5":{"name":"(anonymous_6)","decl":{"start":{"line":109,"column":21},"end":{"line":109,"column":22}},"loc":{"start":{"line":110,"column":2},"end":{"line":171,"column":4}}}},"branchMap":{"0":{"loc":{"start":{"line":29,"column":2},"end":{"line":29,"column":14}},"type":"default-arg","locations":[{"start":{"line":29,"column":11},"end":{"line":29,"column":14}}]},"1":{"loc":{"start":{"line":33,"column":2},"end":{"line":39,"column":3}},"type":"if","locations":[{"start":{"line":33,"column":2},"end":{"line":39,"column":3}},{"start":{},"end":{}}]},"2":{"loc":{"start":{"line":80,"column":32},"end":{"line":80,"column":49}},"type":"binary-expr","locations":[{"start":{"line":80,"column":32},"end":{"line":80,"column":44}},{"start":{"line":80,"column":48},"end":{"line":80,"column":49}}]},"3":{"loc":{"start":{"line":89,"column":32},"end":{"line":89,"column":50}},"type":"binary-expr","locations":[{"start":{"line":89,"column":32},"end":{"line":89,"column":45}},{"start":{"line":89,"column":49},"end":{"line":89,"column":50}}]}},"s":{"0":0,"1":0,"2":0,"3":0,"4":0,"5":0,"6":0,"7":0,"8":0,"9":0,"10":0,"11":0,"12":0,"13":0,"14":0,"15":0,"16":0,"17":0,"18":0,"19":0,"20":0,"21":0,"22":0},"f":{"0":0,"1":0,"2":0,"3":0,"4":0,"5":0},"b":{"0":[0],"1":[0,0],"2":[0,0],"3":[0,0]}}
[...]
t":{"line":153,"column":2},"end":{"line":159,"column":3}},{"start":{"line":155,"column":9},"end":{"line":159,"column":3}}]},"14":{"loc":{"start":{"line":153,"column":6},"end":{"line":153,"column":66}},"type":"binary-expr","locations":[{"start":{"line":153,"column":6},"end":{"line":153,"column":36}},{"start":{"line":153,"column":40},"end":{"line":153,"column":66}}]},"15":{"loc":{"start":{"line":155,"column":9},"end":{"line":159,"column":3}},"type":"if","locations":[{"start":{"line":155,"column":9},"end":{"line":159,"column":3}},{"start":{"line":157,"column":9},"end":{"line":159,"column":3}}]},"16":{"loc":{"start":{"line":155,"column":13},"end":{"line":155,"column":75}},"type":"binary-expr","locations":[{"start":{"line":155,"column":13},"end":{"line":155,"column":44}},{"start":{"line":155,"column":48},"end":{"line":155,"column":75}}]},"17":{"loc":{"start":{"line":166,"column":2},"end":{"line":166,"column":22}},"type":"default-arg","locations":[{"start":{"line":166,"column":21},"end":{"line":166,"column":22}}]},"18":{"loc":{"start":{"line":167,"column":2},"end":{"line":167,"column":34}},"type":"default-arg","locations":[{"start":{"line":167,"column":24},"end":{"line":167,"column":34}}]},"19":{"loc":{"start":{"line":179,"column":2},"end":{"line":179,"column":22}},"type":"default-arg","locations":[{"start":{"line":179,"column":21},"end":{"line":179,"column":22}}]},"20":{"loc":{"start":{"line":180,"column":2},"end":{"line":180,"column":34}},"type":"default-arg","locations":[{"start":{"line":180,"column":24},"end":{"line":180,"column":34}}]},"21":{"loc":{"start":{"line":194,"column":2},"end":{"line":194,"column":22}},"type":"default-arg","locations":[{"start":{"line":194,"column":21},"end":{"line":194,"column":22}}]},"22":{"loc":{"start":{"line":205,"column":2},"end":{"line":205,"column":22}},"type":"default-arg","locations":[{"start":{"line":205,"column":21},"end":{"line":205,"column":22}}]},"23":{"loc":{"start":{"line":207,"column":2},"end":{"line":207,"column":40}},"type":"if","locations":[{"start":{"line":207,"column":2},"end":{"line":207,"column":40}},{"start":{},"end":{}}]}},"s":{"0":1,"1":1,"2":1,"3":1,"4":1,"5":1,"6":1,"7":1,"8":1,"9":1,"10":1,"11":57,"12":57,"13":57,"14":57,"15":57,"16":53,"17":53,"18":53,"19":4,"20":4,"21":4,"22":57,"23":7,"24":7,"25":7,"26":7,"27":7,"28":2,"29":2,"30":2,"31":2,"32":2,"33":4,"34":4,"35":4,"36":4,"37":14,"38":14,"39":14,"40":14,"41":14,"42":4,"43":5,"44":3,"45":3,"46":3,"47":3,"48":3,"49":3,"50":3,"51":3,"52":2,"53":1,"54":3,"55":3,"56":3,"57":1,"58":2,"59":1,"60":1,"61":2,"62":2,"63":2,"64":2,"65":3,"66":3,"67":3,"68":3,"69":3,"70":2,"71":3,"72":1,"73":2,"74":2},"f":{"0":57,"1":7,"2":2,"3":4,"4":5,"5":3,"6":3,"7":2,"8":3,"9":2,"10":3},"b":{"0":[0],"1":[4],"2":[53,4],"3":[0],"4":[4],"5":[0],"6":[0],"7":[0],"8":[0],"9":[0],"10":[5,4],"11":[2,1],"12":[0],"13":[1,2],"14":[3,1],"15":[1,1],"16":[2,1],"17":[0],"18":[0],"19":[0],"20":[0],"21":[0],"22":[3],"23":[1,2]}}
,"/Users/waqar/Documents/projects/personal/budget-tracker-app-development/lib/utils/validation.ts": {"path":"/Users/waqar/Documents/projects/personal/budget-tracker-app-development/lib/utils/validation.ts","statementMap":{"0":{"start":{"line":12,"column":4},"end":{"line":12,"column":19}},"1":{"start":{"line":9,"column":11},"end":{"line":9,"column":24}},"2":{"start":{"line":10,"column":11},"end":{"line":10,"column":21}},"3":{"start":{"line":13,"column":4},"end":{"line":13,"column":34}},"4":{"start":{"line":6,"column":0},"end":{"line":6,"column":13}},"5":{"start":{"line":17,"column":30},"end":{"line":84,"column":1}},"6":{"start":{"line":28,"column":2},"end":{"line":34,"column":3}},"7":{"start":{"line":29,"column":4},"end":{"line":33,"column":6}},"8":{"start":{"line":37,"column":2},"end":{"line":39,"column":3}},"9":{"start":{"line":38,"column":4},"end":{"line":38,"column":79}},"10":{"start":{"line":41,"column":2},"end":{"line":47,"column":3}},"11":{"start":{"line":42,"column":4},"end":{"line":46,"column":6}},"12":{"start":{"line":50,"column":2},"end":{"line":52,"column":3}},"13":{"start":{"line":51,"column":4},"end":{"line":51,"column":80}},"14":{"start":{"line":55,"column":2},"end":{"line":61,"column":3}},"15":{"start":{"line":56,"column":4},"end":{"line":60,"column":6}},"16":{"start":{"line":64,"column":14},"end":{"line":64,"column":33}},"17":{"start":{"line":65,"column":14},"end":{"line":65,"column":38}},"18":{"start":{"line":67,"column":2},"end":{"line":73,"column":3}},"19":{"start":{"line":68,"column":4},"end":{"line":72,"column":6}},"20":{"start":{"line":75,"column":2},"end":{"line":81,"column":3}},"21":{"start":{"line":76,"column":4},"end":{"line":80,"column":6}},"22":{"start":{"line":83,"column":2},"end":{"line":83,"column":16}},"23":{"start":{"line":17,"column":13},"end":{"line":17,"column":30}},"24":{"start":{"line":86,"column":30},"end":{"line":135,"column":1}},"25":{"start":{"line":96,"column":2},"end":{"line":102,"column":3}},"26":{"start":{"line":97,"column":4},"end":{"line":101,"column":6}},"27":{"start":{"line":104,"column":18},"end":{"line":104,"column":30}},"28":{"start":{"line":106,"column":2},"end":{"line":108,"column":3}},"29":{"start":{"line":107,"column":4},"end":{"line":107,"column":76}},"30":{"start":{"line":110,"column":2},"end":{"line":116,"column":3}},"31":{"start":{"line":111,"column":4},"end":{"line":115,"column":6}},"32":{"start":{"line":118,"column":2},"end":{"line":124,"column":3}},"33":{"start":{"line":119,"column":4},"end":{"line":123,"column":6}},"34":{"start":{"line":126,"column":2},"end":{"line":132,"column":3}},"35":{"start":{"line":127,"column":4},"end":{"line":131,"column":6}},"36":{"start":{"line":134,"column":2},"end":{"line":134,"column":17}},"37":{"start":{"line":86,"column":13},"end":{"line":86,"column":30}},"38":{"start":{"line":137,"column":28},"end":{"line":172,"column":1}},"39":{"start":{"line":143,"column":2},"end":{"line":153,"column":3}},"40":{"start":{"line":144,"column":4},"end":{"line":144,"column":22}},"41":{"start":{"line":145,"column":9},"end":{"line":153,"column":3}},"42":{"start":{"line":146,"column":4},"end":{"line":146,"column":32}},"43":{"start":{"line":148,"column":4},"end":{"line":152,"column":6}},"44":{"start":{"line":155,"column":2},"end":{"line":157,"column":3}},"45":{"start":{"line":156,"column":4},"end":{"line":156,"column":75}},"46":{"start":{"line":160,"column":18},"end":{"line":160,"column":48}},"47":{"start":{"line":161,"column":18},"end":{"line":161,"column":50}},"48":{"start":{"line":163,"column":2},"end":{"line":169,"column":3}},"49":{"start":{"line":164,"column":4},"end":{"line":168,"column":6}},"50":{"start":{"line":171,"column":2},"end":{"line":171,"column":19}},"51":{"start":{"line":137,"column":13},"end":{"line":137,"column":28}},"52":{"start":{"line":174,"column":26},"end":{"line":191,"column":1}},"53":{"start":{"line":175,"column":13},"end":{"line":179,"column":4}},"54":{"start":{"line":182,"column":2},"end":{"line":188,"column":3}},"55":{"start":{"line":183,"column":4},"end":{"line":187,"column":6}},"56":{"start":{"line":190,"column":2},"end":{"line":190,"column":12}},"57":{"start":{"line":174,"column":13},"end":{"line":174,"column":26}},"58":{"start":{"line":193,"column":39},"end":{"line":202,"column":1}},"59":{"start":{"line":194,"column":2},"end":{"line":200,"column":3}},"60":{"start":{"line":195,"column":4},"end":{"line":199,"column":6}},"61":{"start":{"line":201,"column":2},"end":{"line":201,"column":15}},"62":{"start":{"line":193,"column":13},"end":{"line":193,"column":39}},"63":{"start":{"line":204,"column":35},"end":{"line":215,"column":1}},"64":{"start":{"line":207,"column":2},"end":{"line":213,"column":3}},"65":{"start":{"line":208,"column":4},"end":{"line":212,"column":6}},"66":{"start":{"line":214,"column":2},"end":{"line":214,"column":15}},"67":{"start":{"line":204,"column":13},"end":{"line":204,"column":35}},"68":{"start":{"line":217,"column":36},"end":{"line":226,"column":1}},"69":{"start":{"line":218,"column":2},"end":{"line":224,"column":3}},"70":{"start":{"line":219,"column":4},"end":{"line":223,"column":6}},"71":{"start":{"line":225,"column":2},"end":{"line":225,"column":15}},"72":{"start":{"line":217,"column":13},"end":{"line":217,"column":36}},"73":{"start":{"line":228,"column":45},"end":{"line":244,"column":1}},"74":{"start":{"line":231,"column":2},"end":{"line":242,"column":3}},"75":{"start":{"line":237,"column":4},"end":{"line":241,"column":6}},"76":{"start":{"line":243,"column":2},"end":{"line":243,"column":15}},"77":{"start":{"line":228,"column":13},"end":{"line":228,"column":45}}},"fnMap":{"0":{"name":"(anonymous_0)","decl":{"start":{"line":7,"column":2},"end":{"line":7,"column":null}},"loc":{"start":{"line":10,"column":21},"end":{"line":14,"column":3}}},"1":{"name":"(anonymous_1)","decl":{"start":{"line":17,"column":30},"end":{"line":17,"column":null}},"loc":{"start":{"line":26,"column":12},"end":{"line":84,"column":1}}},"2":{"name":"(anonymous_2)","decl":{"start":{"line":86,"column":30},"end":{"line":86,"column":null}},"loc":{"start":{"line":95,"column":12},"end":{"line":135,"column":1}}},"3":{"name":"(anonymous_3)","decl":{"start":{"line":137,"column":28},"end":{"line":137,"column":null}},"loc":{"start":{"line":140,"column":12},"end":{"line":172,"column":1}}},"4":{"name":"(anonymous_4)","decl":{"start":{"line":174,"column":26},"end":{"line":174,"column":27}},"loc":{"start":{"line":174,"column":68},"end":{"line":191,"column":1}}},"5":{"name":"(anonymous_5)","decl":{"start":{"line":193,"column":39},"end":{"line":193,"column":40}},"loc":{"start":{"line":193,"column":76},"end":{"line":202,"column":1}}},"6":{"name":"(anonymous_6)","decl":{"start":{"line":204,"column":35},"end":{"line":204,"column":null}},"loc":{"start":{"line":206,"column":44},"end":{"line":215,"column":1}}},"7":{"name":"(anonymous_7)","decl":{"start":{"line":217,"column":36},"end":{"line":217,"column":37}},"loc":{"start":{"line":217,"column":73},"end":{"line":226,"column":1}}},"8":{"name":"(anonymous_8)","decl":{"start":{"line":228,"column":45},"end":{"line":228,"column":null}},"loc":{"start":{"line":230,"column":47},"end":{"line":244,"column":1}}}},"branchMap":{"0":{"loc":{"start":{"line":19,"column":2},"end":{"line":19,"column":30}},"type":"default-arg","locations":[{"start":{"line":19,"column":22},"end":{"line":19,"column":30}}]},"1":{"loc":{"start":{"line":20,"column":2},"end":{"line":25,"column":8}},"type":"default-arg","locations":[{"start":{"line":25,"column":6},"end":{"line":25,"column":8}}]},"2":{"loc":{"start":{"line":28,"column":2},"end":{"line":34,"column":3}},"type":"if","locations":[{"start":{"line":28,"column":2},"end":{"line":34,"column":3}},{"start":{},"end":{}}]},"3":{"loc":{"start":{"line":37,"column":2},"end":{"line":39,"column":3}},"type":"if","locations":[{"start":{"line":37,"column":2},"end":{"line":39,"column":3}},{"start":{},"end":{}}]},"4":{"loc":{"start":{"line":41,"column":2},"end":{"line":47,"column":3}},"type":"if","locations":[{"start":{"line":41,"column":2},"end":{"line":47,"column":3}},{"start":{},"end":{}}]},"5":{"loc":{"start":{"line":50,"column":2},"end":{"line":52,"column":3}},"type":"if","locations":[{"start":{"line":50,"column":2},"end":{"line":52,"column":3}},{"start":{},"end":{}}]},"6":{"loc":{"start":{"line":50,"column":6},"end":{"line":50,"column":40}},"type":"binary-expr","locations":[{"start":{"line":50,"column":6},"end":{"line":50,"column":24}},{"start":{"line":50,"column":28},"end":{"line":50,"column":40}}]},"7":{"loc":{"start":{"line":55,"column":2},"end":{"line":61,"column":3}},"type":"if","locations":[{"start":{"line":55,"column":2},"end":{"line":61,"column":3}},{"start":{},"end":{}}]},"8":{"loc":{"start":{"line":55,"column":6},"end":{"line":55,"column":42}},"type":"binary-expr","locations":[{"start":{"line":55,"column":6},"end":{"line":55,"column":28}},{"start":{"line":55,"column":32},"end":{"line":55,"column":42}}]},"9":{"loc":{"start":{"line":64,"column":14},"end":{"line":64,"column":33}},"type":"cond-expr","locations":[{"start":{"line":64,"column":25},"end":{"line":64,"column":29}},{"start":{"line":64,"column":29},"end":{"line":64,"column":33}}]},"10":{"loc":{"start":{"line":64,"column":14},"end":{"line":64,"column":29}},"type":"binary-expr","locations":[{"start":{"line":64,"column":14},"end":{"line":64,"column":29}},{"start":{"line":64,"column":25},"end":{"line":64,"column":29}}]},"11":{"loc":{"start":{"line":65,"column":14},"end":{"line":65,"column":38}},"type":"cond-expr","locations":[{"start":{"line":65,"column":25},"end":{"line":65,"column":29}},{"start":{"line":65,"column":29},"end":{"line":65,"column":38}}]},"12":{"loc":{"start":{"line":65,"column":14},"end":{"line":65,"column":29}},"type":"binary-expr","locations":[{"start":{"line":65,"column":14},"end":{"line":65,"column":29}},{"start":{"line":65,"column":25},"end":{"line":65,"column":29}}]},"13":{"loc":{"start":{"line":67,"column":2},"end":{"line":73,"column":3}},"type":"if","locations":[{"start":{"line":67,"column":2},"end":{"line":73,"column":3}},{"start":{},"end":{}}]},"14":{"loc":{"start":{"line":75,"column":2},"end":{"line":81,"column":3}},"type":"if","locations":[{"start":{"line":75,"column":2},"end":{"line":81,"column":3}},{"start":{},"end":{}}]},"15":{"loc":{"start":{"line":89,"column":2},"end":{"line":94,"column":8}},"type":"default-arg","locations":[{"start":{"line":94,"column":6},"end":{"line":94,"column":8}}]},"16":{"loc":{"start":{"line":96,"column":2},"end":{"line":102,"column":3}},"type":"if","locations":[{"start":{"line":96,"column":2},"end":{"line":102,"column":3}},{"start":{},"end":{}}]},"17":{"loc":{"start":{"line":106,"column":2},"end":{"line":108,"column":3}},"type":"if","locations":[{"start":{"line":106,"column":2},"end":{"line":108,"column":3}},{"start":{},"end":{}}]},"18":{"loc":{"start":{"line":106,"column":6},"end":{"line":106,"column":46}},"type":"binary-expr","locations":[{"start":{"line":106,"column":6},"end":{"line":106,"column":22}},{"start":{"line":106,"column":26},"end":{"line":106,"column":46}}]},"19":{"loc":{"start":{"line":110,"column":2},"end":{"line":116,"column":3}},"type":"if","locations":[{"start":{"line":110,"column":2},"end":{"line":116,"column":3}},{"start":{},"end":{}}]},"20":{"loc":{"start":{"line":110,"column":6},"end":{"line":110,"column":61}},"type":"binary-expr","locations":[{"start":{"line":110,"column":6},"end":{"line":110,"column":23}},{"start":{"line":110,"column":27},"end":{"line":110,"column":61}}]},"21":{"loc":{"start":{"line":118,"column":2},"end":{"line":124,"column":3}},"type":"if","locations":[{"start":{"line":118,"column":2},"end":{"line":124,"column":3}},{"start":{},"end":{}}]},"22":{"loc":{"start":{"line":118,"column":6},"end":{"line":118,"column":61}},"type":"binary-expr","locations":[{"start":{"line":118,"column":6},"end":{"line":118,"column":23}},{"start":{"line":118,"column":27},"end":{"line":118,"column":61}}]},"23":{"loc":{"start":{"line":126,"column":2},"end":{"line":132,"column":3}},"type":"if","locations":[{"start":{"line":126,"column":2},"end":{"line":132,"column":3}},{"start":{},"end":{}}]},"24":{"loc":{"start":{"line":126,"column":6},"end":{"line":126,"column":55}},"type":"binary-expr","locations":[{"start":{"line":126,"column":6},"end":{"line":126,"column":21}},{"start":{"line":126,"column":25},"end":{"line":126,"column":55}}]},"25":{"loc":{"start":{"line":139,"column":2},"end":{"line":139,"column":28}},"type":"default-arg","locations":[{"start":{"line":139,"column":22},"end":{"line":139,"column":28}}]},"26":{"loc":{"start":{"line":143,"column":2},"end":{"line":153,"column":3}},"type":"if","locations":[{"start":{"line":143,"column":2},"end":{"line":153,"column":3}},{"start":{"line":145,"column":9},"end":{"line":153,"column":3}}]},"27":{"loc":{"start":{"line":145,"column":9},"end":{"line":153,"column":3}},"type":"if","locations":[{"start":{"line":145,"column":9},"end":{"line":153,"column":3}},{"start":{"line":147,"column":9},"end":{"line":153,"column":3}}]},"28":{"loc":{"start":{"line":155,"column":2},"end":{"line":157,"column":3}},"type":"if","locations":[{"start":{"line":155,"column":2},"end":{"line":157,"column":3}},{"start":{},"end":{}}]},"29":{"loc":{"start":{"line":155,"column":6},"end":{"line":155,"column":46}},"type":"binary-expr","locations":[{"start":{"line":155,"column":6},"end":{"line":155,"column":22}},{"start":{"line":155,"column":26},"end":{"line":155,"column":46}}]},"30":{"loc":{"start":{"line":163,"column":2},"end":{"line":169,"column":3}},"type":"if","locations":[{"start":{"line":163,"column":2},"end":{"line":169,"column":3}},{"start":{},"end":{}}]},"31":{"loc":{"start":{"line":163,"column":6},"end":{"line":163,"column":48}},"type":"binary-expr","locations":[{"start":{"line":163,"column":6},"end":{"line":163,"column":25}},{"start":{"line":163,"column":29},"end":{"line":163,"column":48}}]},"32":{"loc":{"start":{"line":182,"column":2},"end":{"line":188,"column":3}},"type":"if","locations":[{"start":{"line":182,"column":2},"end":{"line":188,"column":3}},{"start":{},"end":{}}]},"33":{"loc":{"start":{"line":194,"column":2},"end":{"line":200,"column":3}},"type":"if","locations":[{"start":{"line":194,"column":2},"end":{"line":200,"column":3}},{"start":{},"end":{}}]},"34":{"loc":{"start":{"line":194,"column":6},"end":{"line":194,"column":47}},"type":"binary-expr","locations":[{"start":{"line":194,"column":6},"end":{"line":194,"column":24}},{"start":{"line":194,"column":28},"end":{"line":194,"column":47}}]},"35":{"loc":{"start":{"line":207,"column":2},"end":{"line":213,"column":3}},"type":"if","locations":[{"start":{"line":207,"column":2},"end":{"line":213,"column":3}},{"start":{},"end":{}}]},"36":{"loc":{"start":{"line":207,"column":6},"end":{"line":207,"column":76}},"type":"binary-expr","locations":[{"start":{"line":207,"column":6},"end":{"line":207,"column":26}},{"start":{"line":207,"column":30},"end":{"line":207,"column":49}},{"start":{"line":207,"column":53},"end":{"line":207,"column":76}}]},"37":{"loc":{"start":{"line":218,"column":2},"end":{"line":224,"column":3}},"type":"if","locations":[{"start":{"line":218,"column":2},"end":{"line":224,"column":3}},{"start":{},"end":{}}]},"38":{"loc":{"start":{"line":218,"column":6},"end":{"line":218,"column":47}},"type":"binary-expr","locations":[{"start":{"line":218,"column":6},"end":{"line":218,"column":25}},{"start":{"line":218,"column":29},"end":{"line":218,"column":47}}]},"39":{"loc":{"start":{"line":231,"column":2},"end":{"line":242,"column":3}},"type":"if","locations":[{"start":{"line":231,"column":2},"end":{"line":242,"column":3}},{"start":{},"end":{}}]},"40":{"loc":{"start":{"line":232,"column":4},"end":{"line":235,"column":22}},"type":"binary-expr","locations":[{"start":{"line":232,"column":4},"end":{"line":232,"column":21}},{"start":{"line":233,"column":4},"end":{"line":233,"column":22}},{"start":{"line":234,"column":4},"end":{"line":234,"column":23}},{"start":{"line":235,"column":4},"end":{"line":235,"column":22}}]}},"s":{"0":45,"1":45,"2":45,"3":45,"4":1,"5":1,"6":21,"7":6,"8":15,"9":1,"10":14,"11":2,"12":12,"13":1,"14":11,"15":1,"16":10,"17":10,"18":10,"19":2,"20":8,"21":2,"22":6,"23":1,"24":1,"25":20,"26":3,"27":17,"28":17,"29":3,"30":14,"31":1,"32":13,"33":2,"34":11,"35":1,"36":10,"37":1,"38":1,"39":11,"40":6,"41":5,"42":2,"43":3,"44":8,"45":2,"46":6,"47":6,"48":6,"49":2,"50":4,"51":1,"52":1,"53":7,"54":4,"55":2,"56":2,"57":1,"58":1,"59":5,"60":3,"61":2,"62":1,"63":1,"64":5,"65":2,"66":3,"67":1,"68":1,"69":4,"70":2,"71":2,"72":1,"73":1,"74":7,"75":3,"76":4,"77":1},"f":{"0":45,"1":21,"2":20,"3":11,"4":7,"5":5,"6":5,"7":4,"8":7},"b":{"0":[16],"1":[17],"2":[6,15],"3":[1,14],"4":[2,12],"5":[1,11],"6":[12,11],"7":[1,10],"8":[11,10],"9":[3,7],"10":[10,10],"11":[1,9],"12":[10,10],"13":[2,8],"14":[2,6],"15":[5],"16":[3,17],"17":[3,14],"18":[17,8],"19":[1,13],"20":[14,7],"21":[2,11],"22":[13,7],"23":[1,10],"24":[11,2],"25":[10],"26":[6,5],"27":[2,3],"28":[2,6],"29":[8,6],"30":[2,4],"31":[6,5],"32":[2,2],"33":[3,2],"34":[5,4],"35":[2,3],"36":[5,4,3],"37":[2,2],"38":[4,3],"39":[3,4],"40":[7,6,5,4]}}
}
