TN:
SF:lib/components.tsx
FN:27,(anonymous_1)
FN:29,(anonymous_2)
FN:42,(anonymous_3)
FN:72,(anonymous_4)
FN:136,(anonymous_5)
FN:179,(anonymous_6)
FN:221,(anonymous_7)
FN:272,(anonymous_8)
FN:302,(anonymous_9)
FN:320,(anonymous_10)
FN:348,(anonymous_11)
FN:398,(anonymous_12)
FN:419,(anonymous_13)
FN:465,(anonymous_14)
FN:474,(anonymous_15)
FN:481,(anonymous_16)
FN:503,(anonymous_17)
FN:506,(anonymous_18)
FN:513,(anonymous_19)
FN:551,(anonymous_20)
FN:585,(anonymous_21)
FNF:21
FNH:0
FNDA:0,(anonymous_1)
FNDA:0,(anonymous_2)
FNDA:0,(anonymous_3)
FNDA:0,(anonymous_4)
FNDA:0,(anonymous_5)
FNDA:0,(anonymous_6)
FNDA:0,(anonymous_7)
FNDA:0,(anonymous_8)
FNDA:0,(anonymous_9)
FNDA:0,(anonymous_10)
FNDA:0,(anonymous_11)
FNDA:0,(anonymous_12)
FNDA:0,(anonymous_13)
FNDA:0,(anonymous_14)
FNDA:0,(anonymous_15)
FNDA:0,(anonymous_16)
FNDA:0,(anonymous_17)
FNDA:0,(anonymous_18)
FNDA:0,(anonymous_19)
FNDA:0,(anonymous_20)
FNDA:0,(anonymous_21)
DA:1,0
DA:2,0
DA:18,0
DA:27,0
DA:28,0
DA:29,0
DA:30,0
DA:42,0
DA:43,0
DA:44,0
DA:46,0
DA:47,0
DA:54,0
DA:72,0
DA:83,0
DA:84,0
DA:93,0
DA:99,0
DA:136,0
DA:147,0
DA:148,0
DA:179,0
DA:184,0
DA:185,0
DA:186,0
DA:192,0
DA:221,0
DA:229,0
DA:230,0
DA:231,0
DA:272,0
DA:279,0
DA:280,0
DA:302,0
DA:303,0
DA:304,0
DA:320,0
DA:324,0
DA:325,0
DA:348,0
DA:355,0
DA:356,0
DA:357,0
DA:358,0
DA:360,0
DA:398,0
DA:404,0
DA:405,0
DA:419,0
DA:465,0
DA:472,0
DA:473,0
DA:474,0
DA:476,0
DA:481,0
DA:503,0
DA:507,0
DA:514,0
DA:515,0
DA:551,0
DA:559,0
DA:561,0
DA:571,0
DA:572,0
DA:579,0
DA:585,0
DA:586,0
LF:67
LH:0
BRDA:46,0,0,0
BRDA:46,0,1,0
BRDA:75,1,0,0
BRDA:76,2,0,0
BRDA:77,3,0,0
BRDA:78,4,0,0
BRDA:80,5,0,0
BRDA:88,6,0,0
BRDA:88,6,1,0
BRDA:89,7,0,0
BRDA:89,7,1,0
BRDA:103,8,0,0
BRDA:103,8,1,0
BRDA:106,9,0,0
BRDA:106,9,1,0
BRDA:108,10,0,0
BRDA:108,10,1,0
BRDA:113,11,0,0
BRDA:113,11,1,0
BRDA:141,12,0,0
BRDA:142,13,0,0
BRDA:150,14,0,0
BRDA:150,14,1,0
BRDA:154,15,0,0
BRDA:154,15,1,0
BRDA:155,16,0,0
BRDA:155,16,1,0
BRDA:165,17,0,0
BRDA:165,17,1,0
BRDA:182,18,0,0
BRDA:185,19,0,0
BRDA:185,19,1,0
BRDA:230,20,0,0
BRDA:230,20,1,0
BRDA:234,21,0,0
BRDA:234,21,1,0
BRDA:240,22,0,0
BRDA:240,22,1,0
BRDA:246,23,0,0
BRDA:246,23,1,0
BRDA:248,24,0,0
BRDA:248,24,1,0
BRDA:254,25,0,0
BRDA:254,25,1,0
BRDA:254,26,0,0
BRDA:254,26,1,0
BRDA:284,27,0,0
BRDA:284,27,1,0
BRDA:287,28,0,0
BRDA:287,28,1,0
BRDA:287,28,2,0
BRDA:328,29,0,0
BRDA:328,29,1,0
BRDA:352,30,0,0
BRDA:353,31,0,0
BRDA:357,32,0,0
BRDA:357,32,1,0
BRDA:358,33,0,0
BRDA:358,33,1,0
BRDA:379,34,0,0
BRDA:379,34,1,0
BRDA:414,35,0,0
BRDA:414,35,1,0
BRDA:470,36,0,0
BRDA:478,37,0,0
BRDA:478,37,1,0
BRDA:486,38,0,0
BRDA:486,38,1,0
BRDA:489,39,0,0
BRDA:489,39,1,0
BRDA:491,40,0,0
BRDA:491,40,1,0
BRDA:504,41,0,0
BRDA:504,41,1,0
BRDA:511,42,0,0
BRDA:511,42,1,0
BRDA:518,43,0,0
BRDA:518,43,1,0
BRDA:524,44,0,0
BRDA:524,44,1,0
BRDA:529,45,0,0
BRDA:529,45,1,0
BRDA:562,46,0,0
BRDA:562,46,1,0
BRDA:565,47,0,0
BRDA:565,47,1,0
BRDA:567,48,0,0
BRDA:567,48,1,0
BRDA:571,49,0,0
BRDA:571,49,1,0
BRF:90
BRH:0
end_of_record
TN:
SF:lib/currencies.ts
FN:1082,(anonymous_0)
FN:1087,getCurrency
FN:1094,getCurrencySymbol
FN:1101,formatCurrencyAmount
FN:1148,getCurrenciesByRegion
FN:1149,(anonymous_5)
FN:1155,getPopularCurrencies
FN:1156,(anonymous_7)
FN:1157,(anonymous_8)
FN:1164,searchCurrencies
FN:1169,(anonymous_10)
FN:1194,getAllRegions
FNF:12
FNH:12
FNDA:339,(anonymous_0)
FNDA:60,getCurrency
FNDA:3,getCurrencySymbol
FNDA:10,formatCurrencyAmount
FNDA:3,getCurrenciesByRegion
FNDA:339,(anonymous_5)
FNDA:1,getPopularCurrencies
FNDA:12,(anonymous_7)
FNDA:12,(anonymous_8)
FNDA:7,searchCurrencies
FNDA:565,(anonymous_10)
FNDA:2,getAllRegions
DA:27,3
DA:43,3
DA:1081,3
DA:1082,339
DA:1087,3
DA:1088,60
DA:1094,3
DA:1095,3
DA:1101,3
DA:1110,10
DA:1111,10
DA:1112,1
DA:1115,9
DA:1120,9
DA:1121,2
DA:1122,1
DA:1123,1
DA:1124,1
DA:1126,0
DA:1129,7
DA:1136,9
DA:1138,9
DA:1139,1
DA:1142,8
DA:1148,3
DA:1149,339
DA:1155,3
DA:1156,12
DA:1157,12
DA:1164,3
DA:1165,7
DA:1166,7
DA:1168,5
DA:1170,565
DA:1180,3
DA:1194,3
DA:1195,2
DA:1201,3
LF:38
LH:37
BRDA:1095,0,0,3
BRDA:1095,0,1,1
BRDA:1095,1,0,1
BRDA:1095,1,1,2
BRDA:1095,2,0,3
BRDA:1095,2,1,3
BRDA:1103,3,0,0
BRDA:1111,4,0,1
BRDA:1111,4,1,9
BRDA:1115,5,0,1
BRDA:1115,5,1,8
BRDA:1115,6,0,4
BRDA:1115,6,1,5
BRDA:1115,7,0,9
BRDA:1115,7,1,9
BRDA:1120,8,0,2
BRDA:1120,8,1,7
BRDA:1120,9,0,9
BRDA:1120,9,1,3
BRDA:1120,10,0,4
BRDA:1120,10,1,5
BRDA:1120,11,0,9
BRDA:1120,11,1,9
BRDA:1121,12,0,1
BRDA:1121,12,1,1
BRDA:1123,13,0,1
BRDA:1123,13,1,0
BRDA:1138,14,0,1
BRDA:1138,14,1,8
BRDA:1138,15,0,4
BRDA:1138,15,1,5
BRDA:1138,16,0,9
BRDA:1138,16,1,9
BRDA:1166,17,0,2
BRDA:1166,17,1,5
BRDA:1170,18,0,565
BRDA:1170,18,1,563
BRDA:1170,18,2,544
BRDA:1170,18,3,543
BRF:39
BRH:37
end_of_record
TN:
SF:lib/database.ts
FN:120,migrateDatabase
FN:214,applyMigration
FN:383,initializeDatabase
FN:391,(anonymous_22)
FN:391,(anonymous_23)
FN:414,(anonymous_24)
FN:417,(anonymous_25)
FN:582,getDatabase
FN:600,closeDatabase
FNF:9
FNH:0
FNDA:0,migrateDatabase
FNDA:0,applyMigration
FNDA:0,initializeDatabase
FNDA:0,(anonymous_22)
FNDA:0,(anonymous_23)
FNDA:0,(anonymous_24)
FNDA:0,(anonymous_25)
FNDA:0,getDatabase
FNDA:0,closeDatabase
DA:1,0
DA:3,0
DA:4,0
DA:113,0
DA:114,0
DA:125,0
DA:127,0
DA:129,0
DA:132,0
DA:133,0
DA:134,0
DA:135,0
DA:136,0
DA:140,0
DA:141,0
DA:152,0
DA:153,0
DA:154,0
DA:158,0
DA:159,0
DA:170,0
DA:173,0
DA:174,0
DA:176,0
DA:178,0
DA:180,0
DA:183,0
DA:184,0
DA:201,0
DA:203,0
DA:206,0
DA:218,0
DA:221,0
DA:222,0
DA:226,0
DA:227,0
DA:230,0
DA:234,0
DA:235,0
DA:238,0
DA:242,0
DA:243,0
DA:246,0
DA:250,0
DA:251,0
DA:269,0
DA:272,0
DA:276,0
DA:277,0
DA:288,0
DA:292,0
DA:293,0
DA:302,0
DA:306,0
DA:307,0
DA:318,0
DA:321,0
DA:325,0
DA:326,0
DA:331,0
DA:335,0
DA:338,0
DA:362,0
DA:366,0
DA:367,0
DA:371,0
DA:376,0
DA:379,0
DA:383,0
DA:385,0
DA:388,0
DA:391,0
DA:392,0
DA:395,0
DA:398,0
DA:399,0
DA:400,0
DA:403,0
DA:404,0
DA:407,0
DA:408,0
DA:410,0
DA:413,0
DA:414,0
DA:416,0
DA:417,0
DA:419,0
DA:420,0
DA:424,0
DA:429,0
DA:432,0
DA:433,0
DA:436,0
DA:437,0
DA:440,0
DA:444,0
DA:447,0
DA:575,0
DA:576,0
DA:579,0
DA:582,0
DA:583,0
DA:584,0
DA:588,0
DA:589,0
DA:590,0
DA:593,0
DA:594,0
DA:595,0
DA:596,0
DA:600,0
DA:601,0
DA:602,0
DA:603,0
DA:605,0
DA:607,0
DA:608,0
LF:117
LH:0
BRDA:132,0,0,0
BRDA:132,0,1,0
BRDA:218,1,0,0
BRDA:218,1,1,0
BRDA:218,1,2,0
BRDA:218,1,3,0
BRDA:218,1,4,0
BRDA:218,1,5,0
BRDA:218,1,6,0
BRDA:218,1,7,0
BRDA:218,1,8,0
BRDA:218,1,9,0
BRDA:218,1,10,0
BRDA:218,1,11,0
BRDA:385,2,0,0
BRDA:385,2,1,0
BRDA:388,3,0,0
BRDA:388,3,1,0
BRDA:403,4,0,0
BRDA:403,4,1,0
BRDA:403,5,0,0
BRDA:403,5,1,0
BRDA:403,6,0,0
BRDA:403,6,1,0
BRDA:403,7,0,0
BRDA:403,7,1,0
BRDA:407,8,0,0
BRDA:407,8,1,0
BRDA:419,9,0,0
BRDA:419,9,1,0
BRDA:419,10,0,0
BRDA:419,10,1,0
BRDA:419,10,2,0
BRDA:432,11,0,0
BRDA:432,11,1,0
BRDA:436,12,0,0
BRDA:436,12,1,0
BRDA:436,13,0,0
BRDA:436,13,1,0
BRDA:436,14,0,0
BRDA:436,14,1,0
BRDA:583,15,0,0
BRDA:583,15,1,0
BRDA:601,16,0,0
BRDA:601,16,1,0
BRF:45
BRH:0
end_of_record
TN:
SF:lib/design-system.tsx
FNF:0
FNH:0
DA:4,0
DA:23,0
DA:37,0
DA:48,0
DA:57,0
DA:82,0
DA:95,0
DA:111,0
LF:8
LH:0
BRF:0
BRH:0
end_of_record
TN:
SF:lib/smartCategories.ts
FN:1709,matchCategoryByDescription
FN:1723,(anonymous_1)
FN:1764,getCategorySuggestions
FN:1776,(anonymous_3)
FN:1805,(anonymous_4)
FN:1807,(anonymous_5)
FN:1813,getCategoryIcon
FN:1817,(anonymous_7)
FN:1825,getCategoryEmoji
FN:1827,(anonymous_9)
FN:1835,getCategoryColor
FN:1837,(anonymous_11)
FN:1845,getCategoriesByType
FN:1848,(anonymous_13)
FN:1918,matchMerchant
FNF:15
FNH:15
FNDA:16,matchCategoryByDescription
FNDA:434,(anonymous_1)
FNDA:5,getCategorySuggestions
FNDA:124,(anonymous_3)
FNDA:26,(anonymous_4)
FNDA:13,(anonymous_5)
FNDA:4,getCategoryIcon
FNDA:34,(anonymous_7)
FNDA:4,getCategoryEmoji
FNDA:41,(anonymous_9)
FNDA:2,getCategoryColor
FNDA:36,(anonymous_11)
FNDA:4,getCategoriesByType
FNDA:124,(anonymous_13)
FNDA:13,matchMerchant
DA:24,1
DA:1709,1
DA:1713,16
DA:1714,2
DA:1717,14
DA:1718,14
DA:1720,14
DA:1721,14
DA:1723,434
DA:1725,14
DA:1726,269
DA:1729,269
DA:1730,11873
DA:1733,11873
DA:1735,29
DA:1738,29
DA:1739,27
DA:1744,11873
DA:1745,24909
DA:1746,55
DA:1751,269
DA:1752,18
DA:1753,18
DA:1758,14
DA:1764,1
DA:1769,5
DA:1770,1
DA:1773,4
DA:1774,4
DA:1776,124
DA:1777,4
DA:1779,4
DA:1780,75
DA:1782,75
DA:1783,3259
DA:1785,3259
DA:1786,10
DA:1787,10
DA:1788,7
DA:1792,3259
DA:1793,8614
DA:1794,51
DA:1799,75
DA:1800,18
DA:1804,4
DA:1805,26
DA:1807,13
DA:1813,1
DA:1816,4
DA:1817,34
DA:1819,4
DA:1825,1
DA:1826,4
DA:1827,41
DA:1829,4
DA:1835,1
DA:1836,2
DA:1837,36
DA:1839,2
DA:1845,1
DA:1848,124
DA:1854,1
DA:1918,1
DA:1919,13
DA:1922,13
DA:1923,10
DA:1927,3
DA:1928,57
DA:1929,2
DA:1933,1
LF:70
LH:70
BRDA:1711,0,0,0
BRDA:1713,1,0,2
BRDA:1713,1,1,14
BRDA:1713,2,0,16
BRDA:1713,2,1,15
BRDA:1733,3,0,29
BRDA:1733,3,1,11844
BRDA:1738,4,0,27
BRDA:1738,4,1,2
BRDA:1745,5,0,55
BRDA:1745,5,1,24854
BRDA:1745,6,0,24909
BRDA:1745,6,1,24909
BRDA:1751,7,0,18
BRDA:1751,7,1,251
BRDA:1758,8,0,13
BRDA:1758,8,1,1
BRDA:1766,9,0,0
BRDA:1767,10,0,3
BRDA:1769,11,0,1
BRDA:1769,11,1,4
BRDA:1769,12,0,5
BRDA:1769,12,1,4
BRDA:1785,13,0,10
BRDA:1785,13,1,3249
BRDA:1787,14,0,7
BRDA:1787,14,1,3
BRDA:1793,15,0,51
BRDA:1793,15,1,8563
BRDA:1793,16,0,8614
BRDA:1793,16,1,8614
BRDA:1799,17,0,18
BRDA:1799,17,1,57
BRDA:1819,18,0,4
BRDA:1819,18,1,1
BRDA:1819,19,0,1
BRDA:1819,19,1,3
BRDA:1819,20,0,4
BRDA:1819,20,1,4
BRDA:1829,21,0,4
BRDA:1829,21,1,1
BRDA:1829,22,0,1
BRDA:1829,22,1,3
BRDA:1829,23,0,4
BRDA:1829,23,1,4
BRDA:1839,24,0,2
BRDA:1839,24,1,1
BRDA:1839,25,0,1
BRDA:1839,25,1,1
BRDA:1839,26,0,2
BRDA:1839,26,1,2
BRDA:1922,27,0,10
BRDA:1922,27,1,3
BRDA:1928,28,0,2
BRDA:1928,28,1,55
BRDA:1928,29,0,57
BRDA:1928,29,1,56
BRF:57
BRH:55
end_of_record
TN:
SF:lib/theme.ts
FN:97,useThemeColors
FN:109,(anonymous_1)
FN:225,(anonymous_2)
FN:233,(anonymous_3)
FN:239,(anonymous_4)
FN:247,(anonymous_5)
FNF:6
FNH:0
FNDA:0,useThemeColors
FNDA:0,(anonymous_1)
FNDA:0,(anonymous_2)
FNDA:0,(anonymous_3)
FNDA:0,(anonymous_4)
FNDA:0,(anonymous_5)
DA:2,0
DA:3,0
DA:7,0
DA:51,0
DA:97,0
DA:98,0
DA:99,0
DA:100,0
DA:102,0
DA:103,0
DA:105,0
DA:109,0
DA:113,0
DA:123,0
DA:131,0
DA:157,0
DA:182,0
DA:216,0
DA:223,0
DA:225,0
DA:229,0
DA:233,0
DA:234,0
DA:235,0
DA:239,0
DA:240,0
DA:247,0
DA:248,0
LF:28
LH:0
BRDA:102,0,0,0
BRDA:102,0,1,0
BRDA:102,1,0,0
BRDA:102,1,1,0
BRDA:103,2,0,0
BRDA:103,2,1,0
BRDA:227,3,0,0
BRDA:233,4,0,0
BRDA:235,5,0,0
BRDA:235,5,1,0
BRDA:235,6,0,0
BRDA:235,6,1,0
BRDA:235,7,0,0
BRDA:235,7,1,0
BRF:14
BRH:0
end_of_record
TN:
SF:lib/utils.ts
FN:4,formatCurrency
FN:8,formatDate
FN:17,formatDateLong
FN:26,getMonthName
FN:44,getCurrentMonthRange
FN:59,getYearRange
FN:66,getDaysUntil
FN:75,generateId
FN:79,cn
FNF:9
FNH:0
FNDA:0,formatCurrency
FNDA:0,formatDate
FNDA:0,formatDateLong
FNDA:0,getMonthName
FNDA:0,getCurrentMonthRange
FNDA:0,getYearRange
FNDA:0,getDaysUntil
FNDA:0,generateId
FNDA:0,cn
DA:1,0
DA:2,0
DA:4,0
DA:5,0
DA:8,0
DA:9,0
DA:10,0
DA:17,0
DA:18,0
DA:19,0
DA:26,0
DA:27,0
DA:41,0
DA:44,0
DA:45,0
DA:46,0
DA:47,0
DA:56,0
DA:59,0
DA:60,0
DA:61,0
DA:62,0
DA:63,0
DA:66,0
DA:67,0
DA:68,0
DA:69,0
DA:70,0
DA:71,0
DA:72,0
DA:75,0
DA:76,0
DA:79,0
DA:80,0
LF:34
LH:0
BRDA:9,0,0,0
BRDA:9,0,1,0
BRDA:18,1,0,0
BRDA:18,1,1,0
BRF:4
BRH:0
end_of_record
TN:
SF:lib/components/Charts.tsx
FN:6,(anonymous_1)
FN:8,(anonymous_2)
FN:27,(anonymous_3)
FN:42,(anonymous_4)
FN:67,(anonymous_5)
FN:109,(anonymous_6)
FNF:6
FNH:0
FNDA:0,(anonymous_1)
FNDA:0,(anonymous_2)
FNDA:0,(anonymous_3)
FNDA:0,(anonymous_4)
FNDA:0,(anonymous_5)
FNDA:0,(anonymous_6)
DA:1,0
DA:2,0
DA:3,0
DA:4,0
DA:6,0
DA:7,0
DA:8,0
DA:9,0
DA:27,0
DA:31,0
DA:33,0
DA:34,0
DA:41,0
DA:42,0
DA:45,0
DA:47,0
DA:68,0
DA:69,0
DA:70,0
DA:109,0
DA:110,0
LF:21
LH:0
BRDA:29,0,0,0
BRDA:33,1,0,0
BRDA:33,1,1,0
BRDA:80,2,0,0
BRDA:80,2,1,0
BRDA:89,3,0,0
BRDA:89,3,1,0
BRF:7
BRH:0
end_of_record
TN:
SF:lib/components/CurrencyPicker.tsx
FN:42,(anonymous_9)
FN:48,(anonymous_10)
FN:53,(anonymous_11)
FN:53,(anonymous_12)
FN:57,(anonymous_13)
FN:60,(anonymous_14)
FN:68,(anonymous_15)
FN:71,(anonymous_16)
FN:75,(anonymous_17)
FN:78,(anonymous_18)
FN:81,(anonymous_19)
FN:87,(anonymous_20)
FN:89,(anonymous_21)
FN:97,(anonymous_22)
FN:149,(anonymous_23)
FN:170,(anonymous_24)
FN:176,(anonymous_25)
FN:210,(anonymous_26)
FN:216,(anonymous_27)
FN:246,(anonymous_28)
FN:249,(anonymous_29)
FN:255,(anonymous_30)
FN:304,(anonymous_31)
FN:310,(anonymous_32)
FN:373,(anonymous_33)
FN:377,(anonymous_34)
FNF:26
FNH:0
FNDA:0,(anonymous_9)
FNDA:0,(anonymous_10)
FNDA:0,(anonymous_11)
FNDA:0,(anonymous_12)
FNDA:0,(anonymous_13)
FNDA:0,(anonymous_14)
FNDA:0,(anonymous_15)
FNDA:0,(anonymous_16)
FNDA:0,(anonymous_17)
FNDA:0,(anonymous_18)
FNDA:0,(anonymous_19)
FNDA:0,(anonymous_20)
FNDA:0,(anonymous_21)
FNDA:0,(anonymous_22)
FNDA:0,(anonymous_23)
FNDA:0,(anonymous_24)
FNDA:0,(anonymous_25)
FNDA:0,(anonymous_26)
FNDA:0,(anonymous_27)
FNDA:0,(anonymous_28)
FNDA:0,(anonymous_29)
FNDA:0,(anonymous_30)
FNDA:0,(anonymous_31)
FNDA:0,(anonymous_32)
FNDA:0,(anonymous_33)
FNDA:0,(anonymous_34)
DA:1,0
DA:2,0
DA:12,0
DA:13,0
DA:14,0
DA:15,0
DA:25,0
DA:27,0
DA:31,0
DA:42,0
DA:47,0
DA:48,0
DA:49,0
DA:50,0
DA:52,0
DA:53,0
DA:57,0
DA:60,0
DA:61,0
DA:62,0
DA:64,0
DA:68,0
DA:69,0
DA:70,0
DA:71,0
DA:75,0
DA:78,0
DA:81,0
DA:82,0
DA:83,0
DA:87,0
DA:88,0
DA:89,0
DA:90,0
DA:91,0
DA:93,0
DA:96,0
DA:98,0
DA:99,0
DA:100,0
DA:101,0
DA:102,0
DA:107,0
DA:149,0
DA:171,0
DA:172,0
DA:176,0
DA:211,0
DA:212,0
DA:216,0
DA:247,0
DA:250,0
DA:251,0
DA:255,0
DA:304,0
DA:309,0
DA:310,0
DA:312,0
DA:313,0
DA:336,0
DA:373,0
DA:377,0
DA:378,0
DA:504,0
LF:64
LH:0
BRDA:27,0,0,0
BRDA:27,0,1,0
BRDA:28,1,0,0
BRDA:28,1,1,0
BRDA:61,2,0,0
BRDA:61,2,1,0
BRDA:82,3,0,0
BRDA:82,3,1,0
BRDA:90,4,0,0
BRDA:90,4,1,0
BRDA:109,5,0,0
BRDA:109,5,1,0
BRDA:112,6,0,0
BRDA:112,6,1,0
BRDA:117,7,0,0
BRDA:117,7,1,0
BRDA:117,8,0,0
BRDA:117,8,1,0
BRDA:117,9,0,0
BRDA:117,9,1,0
BRDA:117,10,0,0
BRDA:117,10,1,0
BRDA:122,11,0,0
BRDA:122,11,1,0
BRDA:122,12,0,0
BRDA:122,12,1,0
BRDA:122,13,0,0
BRDA:122,13,1,0
BRDA:122,14,0,0
BRDA:122,14,1,0
BRDA:126,15,0,0
BRDA:126,15,1,0
BRDA:126,16,0,0
BRDA:126,16,1,0
BRDA:126,17,0,0
BRDA:126,17,1,0
BRDA:126,18,0,0
BRDA:126,18,1,0
BRDA:129,19,0,0
BRDA:129,19,1,0
BRDA:135,20,0,0
BRDA:135,20,1,0
BRDA:148,21,0,0
BRDA:148,21,1,0
BRDA:165,22,0,0
BRDA:165,22,1,0
BRDA:167,23,0,0
BRDA:167,23,1,0
BRDA:175,24,0,0
BRDA:175,24,1,0
BRDA:184,25,0,0
BRDA:184,25,1,0
BRDA:194,26,0,0
BRDA:194,26,1,0
BRDA:215,27,0,0
BRDA:215,27,1,0
BRDA:224,28,0,0
BRDA:224,28,1,0
BRDA:234,29,0,0
BRDA:234,29,1,0
BRDA:254,30,0,0
BRDA:254,30,1,0
BRDA:263,31,0,0
BRDA:263,31,1,0
BRDA:275,32,0,0
BRDA:275,32,1,0
BRDA:307,33,0,0
BRDA:312,34,0,0
BRDA:312,34,1,0
BRDA:329,35,0,0
BRDA:329,35,1,0
BRDA:329,36,0,0
BRDA:329,36,1,0
BRDA:329,37,0,0
BRDA:329,37,1,0
BRDA:352,38,0,0
BRDA:352,38,1,0
BRDA:352,39,0,0
BRDA:352,39,1,0
BRDA:447,40,0,0
BRDA:447,40,1,0
BRF:81
BRH:0
end_of_record
TN:
SF:lib/components/QuickAddModal.tsx
FN:125,(anonymous_16)
FN:136,(anonymous_17)
FN:143,(anonymous_18)
FN:170,(anonymous_19)
FN:190,(anonymous_20)
FN:198,(anonymous_21)
FN:218,(anonymous_22)
FN:224,(anonymous_23)
FN:246,(anonymous_24)
FN:261,(anonymous_25)
FN:267,(anonymous_26)
FN:269,(anonymous_27)
FN:278,(anonymous_28)
FN:280,(anonymous_29)
FN:286,(anonymous_30)
FN:301,(anonymous_31)
FN:302,(anonymous_32)
FN:309,(anonymous_33)
FN:327,(anonymous_34)
FN:347,(anonymous_35)
FN:347,(anonymous_36)
FN:399,(anonymous_37)
FN:423,(anonymous_38)
FN:423,(anonymous_39)
FN:480,(anonymous_40)
FN:509,(anonymous_41)
FN:609,(anonymous_42)
FN:637,(anonymous_43)
FN:688,(anonymous_44)
FN:690,(anonymous_45)
FN:694,(anonymous_46)
FN:729,(anonymous_47)
FN:806,(anonymous_48)
FN:840,(anonymous_49)
FN:856,(anonymous_50)
FN:923,(anonymous_51)
FN:957,(anonymous_52)
FN:959,(anonymous_53)
FN:971,(anonymous_54)
FN:1032,(anonymous_55)
FN:1046,(anonymous_56)
FN:1189,(anonymous_57)
FN:1204,(anonymous_58)
FN:1212,(anonymous_59)
FN:1239,(anonymous_60)
FN:1249,(anonymous_61)
FN:1342,(anonymous_62)
FNF:47
FNH:0
FNDA:0,(anonymous_16)
FNDA:0,(anonymous_17)
FNDA:0,(anonymous_18)
FNDA:0,(anonymous_19)
FNDA:0,(anonymous_20)
FNDA:0,(anonymous_21)
FNDA:0,(anonymous_22)
FNDA:0,(anonymous_23)
FNDA:0,(anonymous_24)
FNDA:0,(anonymous_25)
FNDA:0,(anonymous_26)
FNDA:0,(anonymous_27)
FNDA:0,(anonymous_28)
FNDA:0,(anonymous_29)
FNDA:0,(anonymous_30)
FNDA:0,(anonymous_31)
FNDA:0,(anonymous_32)
FNDA:0,(anonymous_33)
FNDA:0,(anonymous_34)
FNDA:0,(anonymous_35)
FNDA:0,(anonymous_36)
FNDA:0,(anonymous_37)
FNDA:0,(anonymous_38)
FNDA:0,(anonymous_39)
FNDA:0,(anonymous_40)
FNDA:0,(anonymous_41)
FNDA:0,(anonymous_42)
FNDA:0,(anonymous_43)
FNDA:0,(anonymous_44)
FNDA:0,(anonymous_45)
FNDA:0,(anonymous_46)
FNDA:0,(anonymous_47)
FNDA:0,(anonymous_48)
FNDA:0,(anonymous_49)
FNDA:0,(anonymous_50)
FNDA:0,(anonymous_51)
FNDA:0,(anonymous_52)
FNDA:0,(anonymous_53)
FNDA:0,(anonymous_54)
FNDA:0,(anonymous_55)
FNDA:0,(anonymous_56)
FNDA:0,(anonymous_57)
FNDA:0,(anonymous_58)
FNDA:0,(anonymous_59)
FNDA:0,(anonymous_60)
FNDA:0,(anonymous_61)
FNDA:0,(anonymous_62)
DA:1,0
DA:8,0
DA:21,0
DA:22,0
DA:23,0
DA:24,0
DA:25,0
DA:26,0
DA:27,0
DA:28,0
DA:29,0
DA:30,0
DA:31,0
DA:32,0
DA:33,0
DA:39,0
DA:47,0
DA:50,0
DA:99,0
DA:125,0
DA:128,0
DA:129,0
DA:130,0
DA:133,0
DA:136,0
DA:140,0
DA:141,0
DA:142,0
DA:143,0
DA:144,0
DA:145,0
DA:146,0
DA:147,0
DA:148,0
DA:150,0
DA:151,0
DA:152,0
DA:153,0
DA:156,0
DA:159,0
DA:161,0
DA:162,0
DA:165,0
DA:170,0
DA:171,0
DA:174,0
DA:176,0
DA:177,0
DA:181,0
DA:182,0
DA:183,0
DA:184,0
DA:187,0
DA:190,0
DA:191,0
DA:192,0
DA:193,0
DA:196,0
DA:197,0
DA:198,0
DA:200,0
DA:201,0
DA:205,0
DA:210,0
DA:212,0
DA:213,0
DA:218,0
DA:219,0
DA:220,0
DA:221,0
DA:224,0
DA:225,0
DA:226,0
DA:227,0
DA:228,0
DA:229,0
DA:230,0
DA:231,0
DA:232,0
DA:233,0
DA:234,0
DA:235,0
DA:236,0
DA:238,0
DA:241,0
DA:242,0
DA:246,0
DA:247,0
DA:248,0
DA:249,0
DA:250,0
DA:251,0
DA:252,0
DA:253,0
DA:254,0
DA:255,0
DA:256,0
DA:257,0
DA:258,0
DA:261,0
DA:262,0
DA:263,0
DA:267,0
DA:268,0
DA:269,0
DA:270,0
DA:271,0
DA:272,0
DA:273,0
DA:274,0
DA:278,0
DA:279,0
DA:280,0
DA:281,0
DA:282,0
DA:286,0
DA:287,0
DA:288,0
DA:289,0
DA:290,0
DA:292,0
DA:295,0
DA:296,0
DA:302,0
DA:303,0
DA:306,0
DA:309,0
DA:310,0
DA:311,0
DA:313,0
DA:317,0
DA:319,0
DA:323,0
DA:327,0
DA:328,0
DA:330,0
DA:331,0
DA:334,0
DA:335,0
DA:338,0
DA:344,0
DA:347,0
DA:348,0
DA:349,0
DA:350,0
DA:351,0
DA:353,0
DA:355,0
DA:356,0
DA:357,0
DA:359,0
DA:361,0
DA:362,0
DA:363,0
DA:365,0
DA:368,0
DA:370,0
DA:371,0
DA:373,0
DA:385,0
DA:387,0
DA:388,0
DA:391,0
DA:392,0
DA:400,0
DA:403,0
DA:404,0
DA:407,0
DA:423,0
DA:424,0
DA:427,0
DA:428,0
DA:429,0
DA:433,0
DA:434,0
DA:438,0
DA:442,0
DA:443,0
DA:447,0
DA:450,0
DA:452,0
DA:454,0
DA:455,0
DA:465,0
DA:466,0
DA:468,0
DA:469,0
DA:472,0
DA:473,0
DA:481,0
DA:486,0
DA:487,0
DA:489,0
DA:490,0
DA:493,0
DA:509,0
DA:510,0
DA:513,0
DA:520,0
DA:525,0
DA:610,0
DA:611,0
DA:638,0
DA:639,0
DA:689,0
DA:691,0
DA:695,0
DA:730,0
DA:731,0
DA:806,0
DA:841,0
DA:842,0
DA:844,0
DA:849,0
DA:857,0
DA:858,0
DA:924,0
DA:925,0
DA:958,0
DA:959,0
DA:961,0
DA:962,0
DA:963,0
DA:972,0
DA:973,0
DA:1033,0
DA:1035,0
DA:1038,0
DA:1047,0
DA:1048,0
DA:1189,0
DA:1205,0
DA:1213,0
DA:1214,0
DA:1240,0
DA:1250,0
DA:1251,0
DA:1340,0
DA:1342,0
DA:1343,0
DA:1859,0
LF:241
LH:0
BRDA:129,0,0,0
BRDA:129,0,1,0
BRDA:171,1,0,0
BRDA:171,1,1,0
BRDA:171,2,0,0
BRDA:171,2,1,0
BRDA:171,3,0,0
BRDA:171,3,1,0
BRDA:187,4,0,0
BRDA:187,4,1,0
BRDA:191,5,0,0
BRDA:191,5,1,0
BRDA:196,6,0,0
BRDA:196,6,1,0
BRDA:196,7,0,0
BRDA:196,7,1,0
BRDA:200,8,0,0
BRDA:200,8,1,0
BRDA:225,9,0,0
BRDA:225,9,1,0
BRDA:239,10,0,0
BRDA:239,10,1,0
BRDA:239,11,0,0
BRDA:239,11,1,0
BRDA:239,12,0,0
BRDA:239,12,1,0
BRDA:239,13,0,0
BRDA:239,13,1,0
BRDA:262,14,0,0
BRDA:262,14,1,0
BRDA:270,15,0,0
BRDA:270,15,1,0
BRDA:270,16,0,0
BRDA:270,16,1,0
BRDA:271,17,0,0
BRDA:271,17,1,0
BRDA:271,18,0,0
BRDA:271,18,1,0
BRDA:272,19,0,0
BRDA:272,19,1,0
BRDA:272,20,0,0
BRDA:272,20,1,0
BRDA:272,21,0,0
BRDA:272,21,1,0
BRDA:272,22,0,0
BRDA:272,22,1,0
BRDA:273,23,0,0
BRDA:273,23,1,0
BRDA:281,24,0,0
BRDA:281,24,1,0
BRDA:288,25,0,0
BRDA:288,25,1,0
BRDA:289,26,0,0
BRDA:289,26,1,0
BRDA:303,27,0,0
BRDA:303,27,1,0
BRDA:303,28,0,0
BRDA:303,28,1,0
BRDA:311,29,0,0
BRDA:311,29,1,0
BRDA:330,30,0,0
BRDA:330,30,1,0
BRDA:334,31,0,0
BRDA:334,31,1,0
BRDA:334,32,0,0
BRDA:334,32,1,0
BRDA:349,33,0,0
BRDA:349,33,1,0
BRDA:350,34,0,0
BRDA:350,34,1,0
BRDA:355,35,0,0
BRDA:355,35,1,0
BRDA:356,36,0,0
BRDA:356,36,1,0
BRDA:361,37,0,0
BRDA:361,37,1,0
BRDA:362,38,0,0
BRDA:362,38,1,0
BRDA:371,39,0,0
BRDA:371,39,1,0
BRDA:371,40,0,0
BRDA:371,40,1,0
BRDA:371,41,0,0
BRDA:371,41,1,0
BRDA:387,42,0,0
BRDA:387,42,1,0
BRDA:403,43,0,0
BRDA:403,43,1,0
BRDA:427,44,0,0
BRDA:427,44,1,0
BRDA:433,45,0,0
BRDA:433,45,1,0
BRDA:442,46,0,0
BRDA:442,46,1,0
BRDA:450,47,0,0
BRDA:450,47,1,0
BRDA:468,48,0,0
BRDA:468,48,1,0
BRDA:486,49,0,0
BRDA:486,49,1,0
BRDA:489,50,0,0
BRDA:489,50,1,0
BRDA:510,51,0,0
BRDA:510,51,1,0
BRDA:534,52,0,0
BRDA:534,52,1,0
BRDA:541,53,0,0
BRDA:541,53,1,0
BRDA:541,54,0,0
BRDA:541,54,1,0
BRDA:549,55,0,0
BRDA:549,55,1,0
BRDA:549,56,0,0
BRDA:549,56,1,0
BRDA:558,57,0,0
BRDA:558,57,1,0
BRDA:560,58,0,0
BRDA:560,58,1,0
BRDA:568,59,0,0
BRDA:568,59,1,0
BRDA:606,60,0,0
BRDA:606,60,1,0
BRDA:618,61,0,0
BRDA:618,61,1,0
BRDA:624,62,0,0
BRDA:624,62,1,0
BRDA:634,63,0,0
BRDA:634,63,1,0
BRDA:646,64,0,0
BRDA:646,64,1,0
BRDA:652,65,0,0
BRDA:652,65,1,0
BRDA:674,66,0,0
BRDA:674,66,1,0
BRDA:695,67,0,0
BRDA:695,67,1,0
BRDA:701,68,0,0
BRDA:701,68,1,0
BRDA:723,69,0,0
BRDA:723,69,1,0
BRDA:746,70,0,0
BRDA:746,70,1,0
BRDA:750,71,0,0
BRDA:750,71,1,0
BRDA:772,72,0,0
BRDA:772,72,1,0
BRDA:778,73,0,0
BRDA:778,73,1,0
BRDA:795,74,0,0
BRDA:795,74,1,0
BRDA:805,75,0,0
BRDA:805,75,1,0
BRDA:817,76,0,0
BRDA:817,76,1,0
BRDA:824,77,0,0
BRDA:824,77,1,0
BRDA:842,78,0,0
BRDA:842,78,1,0
BRDA:842,79,0,0
BRDA:842,79,1,0
BRDA:844,80,0,0
BRDA:844,80,1,0
BRDA:846,81,0,0
BRDA:846,81,1,0
BRDA:854,82,0,0
BRDA:854,82,1,0
BRDA:865,83,0,0
BRDA:865,83,1,0
BRDA:871,84,0,0
BRDA:871,84,1,0
BRDA:877,85,0,0
BRDA:877,85,1,0
BRDA:881,86,0,0
BRDA:881,86,1,0
BRDA:893,87,0,0
BRDA:893,87,1,0
BRDA:898,88,0,0
BRDA:898,88,1,0
BRDA:936,89,0,0
BRDA:936,89,1,0
BRDA:955,90,0,0
BRDA:955,90,1,0
BRDA:961,91,0,0
BRDA:961,91,1,0
BRDA:969,92,0,0
BRDA:969,92,1,0
BRDA:982,93,0,0
BRDA:982,93,1,0
BRDA:991,94,0,0
BRDA:991,94,1,0
BRDA:1005,95,0,0
BRDA:1005,95,1,0
BRDA:1035,96,0,0
BRDA:1035,96,1,0
BRDA:1043,97,0,0
BRDA:1043,97,1,0
BRDA:1044,98,0,0
BRDA:1044,98,1,0
BRDA:1056,99,0,0
BRDA:1056,99,1,0
BRDA:1066,100,0,0
BRDA:1066,100,1,0
BRDA:1066,100,2,0
BRDA:1078,101,0,0
BRDA:1078,101,1,0
BRDA:1084,102,0,0
BRDA:1084,102,1,0
BRDA:1110,103,0,0
BRDA:1110,103,1,0
BRDA:1114,104,0,0
BRDA:1114,104,1,0
BRDA:1114,104,2,0
BRDA:1114,104,3,0
BRDA:1121,105,0,0
BRDA:1121,105,1,0
BRDA:1121,105,2,0
BRDA:1127,106,0,0
BRDA:1127,106,1,0
BRDA:1152,107,0,0
BRDA:1152,107,1,0
BRDA:1188,108,0,0
BRDA:1188,108,1,0
BRDA:1209,109,0,0
BRDA:1209,109,1,0
BRDA:1220,110,0,0
BRDA:1220,110,1,0
BRDA:1244,111,0,0
BRDA:1244,111,1,0
BRDA:1263,112,0,0
BRDA:1263,112,1,0
BRDA:1289,113,0,0
BRDA:1289,113,1,0
BRDA:1291,114,0,0
BRDA:1291,114,1,0
BRDA:1313,115,0,0
BRDA:1313,115,1,0
BRDA:1313,115,2,0
BRDA:1313,115,3,0
BRDA:1320,116,0,0
BRDA:1320,116,1,0
BRDA:1320,116,2,0
BRDA:1328,117,0,0
BRDA:1328,117,1,0
BRF:243
BRH:0
end_of_record
TN:
SF:lib/contexts/AccountContext.tsx
FN:44,AccountProvider
FN:50,(anonymous_18)
FN:51,(anonymous_19)
FN:58,(anonymous_20)
FN:58,(anonymous_21)
FN:67,(anonymous_22)
FN:80,(anonymous_23)
FN:85,(anonymous_24)
FN:85,(anonymous_25)
FN:125,(anonymous_26)
FN:141,(anonymous_27)
FN:141,(anonymous_28)
FN:179,(anonymous_29)
FN:195,(anonymous_30)
FN:195,(anonymous_31)
FN:203,(anonymous_32)
FN:207,(anonymous_33)
FN:207,(anonymous_34)
FN:223,(anonymous_35)
FN:242,(anonymous_36)
FN:256,(anonymous_37)
FN:256,(anonymous_38)
FN:259,(anonymous_39)
FN:260,(anonymous_40)
FN:293,(anonymous_41)
FN:294,(anonymous_42)
FN:299,(anonymous_43)
FN:300,(anonymous_44)
FN:324,useAccounts
FNF:29
FNH:23
FNDA:35,AccountProvider
FNDA:35,(anonymous_18)
FNDA:13,(anonymous_19)
FNDA:20,(anonymous_20)
FNDA:20,(anonymous_21)
FNDA:15,(anonymous_22)
FNDA:14,(anonymous_23)
FNDA:5,(anonymous_24)
FNDA:5,(anonymous_25)
FNDA:0,(anonymous_26)
FNDA:2,(anonymous_27)
FNDA:2,(anonymous_28)
FNDA:0,(anonymous_29)
FNDA:2,(anonymous_30)
FNDA:2,(anonymous_31)
FNDA:2,(anonymous_32)
FNDA:1,(anonymous_33)
FNDA:2,(anonymous_34)
FNDA:0,(anonymous_35)
FNDA:0,(anonymous_36)
FNDA:1,(anonymous_37)
FNDA:1,(anonymous_38)
FNDA:1,(anonymous_39)
FNDA:2,(anonymous_40)
FNDA:0,(anonymous_41)
FNDA:0,(anonymous_42)
FNDA:1,(anonymous_43)
FNDA:2,(anonymous_44)
FNDA:39,useAccounts
DA:1,1
DA:8,1
DA:9,1
DA:10,1
DA:11,1
DA:42,1
DA:44,1
DA:45,35
DA:46,35
DA:47,35
DA:50,35
DA:51,35
DA:52,35
DA:54,26
DA:55,24
DA:58,35
DA:59,20
DA:60,20
DA:61,20
DA:62,20
DA:63,20
DA:67,20
DA:71,20
DA:73,0
DA:74,0
DA:76,20
DA:80,35
DA:81,14
DA:84,35
DA:85,5
DA:86,5
DA:88,5
DA:93,4
DA:94,3
DA:100,3
DA:101,3
DA:104,3
DA:107,3
DA:109,3
DA:122,3
DA:123,3
DA:125,0
DA:127,2
DA:128,0
DA:129,0
DA:132,2
DA:133,2
DA:134,2
DA:140,35
DA:141,2
DA:142,2
DA:144,2
DA:145,2
DA:150,2
DA:154,2
DA:162,2
DA:164,2
DA:165,2
DA:170,0
DA:176,2
DA:177,2
DA:179,0
DA:181,0
DA:182,0
DA:183,0
DA:186,0
DA:187,0
DA:188,0
DA:194,35
DA:195,2
DA:197,2
DA:198,1
DA:203,2
DA:206,1
DA:207,2
DA:208,1
DA:210,1
DA:211,1
DA:214,1
DA:215,1
DA:217,1
DA:219,1
DA:222,1
DA:223,0
DA:224,0
DA:225,0
DA:232,1
DA:234,0
DA:235,0
DA:238,1
DA:240,1
DA:242,0
DA:245,0
DA:247,0
DA:248,0
DA:249,0
DA:255,35
DA:256,1
DA:257,1
DA:259,1
DA:260,2
DA:266,1
DA:267,1
DA:269,1
DA:270,1
DA:271,1
DA:272,1
DA:275,1
DA:277,0
DA:278,0
DA:282,0
DA:284,0
DA:285,0
DA:286,0
DA:292,35
DA:294,0
DA:299,35
DA:300,2
DA:303,35
DA:324,1
DA:325,39
DA:326,39
DA:327,4
DA:329,35
LF:124
LH:94
BRDA:52,0,0,9
BRDA:52,0,1,26
BRDA:54,1,0,2
BRDA:54,1,1,24
BRDA:67,2,0,20
BRDA:67,2,1,0
BRDA:73,3,0,0
BRDA:73,3,1,0
BRDA:85,4,0,1
BRDA:107,5,0,3
BRDA:107,5,1,0
BRDA:127,6,0,0
BRDA:127,6,1,2
BRDA:132,7,0,2
BRDA:132,7,1,0
BRDA:154,8,0,2
BRDA:154,8,1,0
BRDA:164,9,0,2
BRDA:164,9,1,0
BRDA:181,10,0,0
BRDA:181,10,1,0
BRDA:186,11,0,0
BRDA:186,11,1,0
BRDA:197,12,0,1
BRDA:197,12,1,1
BRDA:222,13,0,0
BRDA:222,13,1,1
BRDA:222,14,0,0
BRDA:222,14,1,1
BRDA:222,15,0,1
BRDA:222,15,1,1
BRDA:224,16,0,0
BRDA:224,16,1,0
BRDA:247,17,0,0
BRDA:247,17,1,0
BRDA:284,18,0,0
BRDA:284,18,1,0
BRDA:326,19,0,4
BRDA:326,19,1,35
BRF:39
BRH:19
end_of_record
TN:
SF:lib/contexts/BudgetContext.tsx
FN:67,BudgetProvider
FN:75,(anonymous_18)
FN:75,(anonymous_19)
FN:92,(anonymous_20)
FN:92,(anonymous_21)
FN:108,(anonymous_22)
FN:114,(anonymous_23)
FN:120,(anonymous_24)
FN:177,(anonymous_25)
FN:192,(anonymous_26)
FN:197,(anonymous_27)
FN:229,(anonymous_28)
FN:244,(anonymous_29)
FN:244,(anonymous_30)
FN:287,(anonymous_31)
FN:303,(anonymous_32)
FN:303,(anonymous_33)
FN:324,(anonymous_34)
FN:324,(anonymous_35)
FN:335,(anonymous_36)
FN:350,(anonymous_37)
FN:351,(anonymous_38)
FN:357,(anonymous_39)
FN:358,(anonymous_40)
FN:364,(anonymous_41)
FN:365,(anonymous_42)
FN:370,(anonymous_43)
FN:375,(anonymous_44)
FN:375,(anonymous_45)
FN:376,(anonymous_46)
FN:383,(anonymous_47)
FN:383,(anonymous_48)
FN:394,(anonymous_49)
FN:394,(anonymous_50)
FN:406,(anonymous_51)
FN:406,(anonymous_52)
FN:462,(anonymous_53)
FN:516,(anonymous_54)
FN:550,useBudgets
FNF:39
FNH:16
FNDA:30,BudgetProvider
FNDA:16,(anonymous_18)
FNDA:16,(anonymous_19)
FNDA:14,(anonymous_20)
FNDA:14,(anonymous_21)
FNDA:12,(anonymous_22)
FNDA:3,(anonymous_23)
FNDA:3,(anonymous_24)
FNDA:0,(anonymous_25)
FNDA:2,(anonymous_26)
FNDA:2,(anonymous_27)
FNDA:0,(anonymous_28)
FNDA:3,(anonymous_29)
FNDA:3,(anonymous_30)
FNDA:0,(anonymous_31)
FNDA:0,(anonymous_32)
FNDA:0,(anonymous_33)
FNDA:1,(anonymous_34)
FNDA:1,(anonymous_35)
FNDA:0,(anonymous_36)
FNDA:0,(anonymous_37)
FNDA:0,(anonymous_38)
FNDA:0,(anonymous_39)
FNDA:0,(anonymous_40)
FNDA:0,(anonymous_41)
FNDA:0,(anonymous_42)
FNDA:0,(anonymous_43)
FNDA:0,(anonymous_44)
FNDA:0,(anonymous_45)
FNDA:0,(anonymous_46)
FNDA:0,(anonymous_47)
FNDA:0,(anonymous_48)
FNDA:0,(anonymous_49)
FNDA:0,(anonymous_50)
FNDA:0,(anonymous_51)
FNDA:0,(anonymous_52)
FNDA:0,(anonymous_53)
FNDA:7,(anonymous_54)
FNDA:28,useBudgets
DA:1,1
DA:8,1
DA:14,1
DA:20,1
DA:21,1
DA:27,1
DA:65,1
DA:67,1
DA:68,30
DA:69,30
DA:72,30
DA:73,30
DA:75,30
DA:76,16
DA:77,16
DA:78,16
DA:79,16
DA:80,16
DA:83,16
DA:85,0
DA:86,0
DA:88,16
DA:92,30
DA:93,14
DA:94,14
DA:95,14
DA:96,14
DA:97,14
DA:98,14
DA:102,14
DA:104,0
DA:108,30
DA:109,12
DA:110,12
DA:113,30
DA:120,3
DA:121,3
DA:123,3
DA:124,3
DA:129,1
DA:134,1
DA:135,1
DA:136,1
DA:148,1
DA:151,1
DA:155,1
DA:156,0
DA:159,1
DA:174,1
DA:175,1
DA:177,0
DA:179,2
DA:180,0
DA:183,2
DA:184,2
DA:185,2
DA:191,30
DA:197,2
DA:198,2
DA:200,2
DA:201,2
DA:206,2
DA:213,2
DA:214,2
DA:215,1
DA:220,1
DA:226,2
DA:227,2
DA:229,0
DA:231,0
DA:232,0
DA:235,0
DA:236,0
DA:237,0
DA:243,30
DA:244,3
DA:245,3
DA:247,3
DA:252,2
DA:257,2
DA:258,2
DA:259,2
DA:260,2
DA:261,2
DA:262,2
DA:266,2
DA:267,1
DA:272,1
DA:284,2
DA:285,2
DA:287,0
DA:289,1
DA:290,0
DA:293,1
DA:296,1
DA:297,1
DA:303,30
DA:304,0
DA:305,0
DA:306,0
DA:307,0
DA:308,0
DA:309,0
DA:310,0
DA:314,0
DA:317,0
DA:318,0
DA:319,0
DA:323,30
DA:324,1
DA:325,1
DA:327,1
DA:329,1
DA:330,1
DA:332,1
DA:333,1
DA:335,0
DA:337,0
DA:338,0
DA:341,0
DA:342,0
DA:343,0
DA:349,30
DA:351,0
DA:356,30
DA:358,0
DA:363,30
DA:365,0
DA:370,30
DA:371,0
DA:374,30
DA:375,0
DA:376,0
DA:377,0
DA:378,0
DA:382,0
DA:383,0
DA:384,0
DA:386,0
DA:387,0
DA:388,0
DA:394,0
DA:396,0
DA:397,0
DA:398,0
DA:406,30
DA:407,0
DA:409,0
DA:411,0
DA:414,0
DA:417,0
DA:418,0
DA:420,0
DA:421,0
DA:422,0
DA:425,0
DA:428,0
DA:429,0
DA:430,0
DA:434,0
DA:435,0
DA:436,0
DA:437,0
DA:439,0
DA:443,0
DA:446,0
DA:447,0
DA:448,0
DA:451,0
DA:461,0
DA:462,0
DA:465,0
DA:468,0
DA:485,0
DA:489,0
DA:490,0
DA:498,0
DA:501,0
DA:504,0
DA:505,0
DA:507,0
DA:509,0
DA:510,0
DA:515,30
DA:516,7
DA:523,30
DA:550,1
DA:551,28
DA:552,28
DA:553,4
DA:555,24
LF:191
LH:105
BRDA:83,0,0,16
BRDA:83,0,1,0
BRDA:85,1,0,0
BRDA:85,1,1,0
BRDA:102,2,0,14
BRDA:102,2,1,12
BRDA:118,3,0,0
BRDA:119,4,0,3
BRDA:155,5,0,0
BRDA:155,5,1,1
BRDA:167,6,0,1
BRDA:167,6,1,0
BRDA:179,7,0,0
BRDA:179,7,1,2
BRDA:183,8,0,2
BRDA:183,8,1,0
BRDA:206,9,0,1
BRDA:206,9,1,1
BRDA:214,10,0,1
BRDA:214,10,1,1
BRDA:231,11,0,0
BRDA:231,11,1,0
BRDA:235,12,0,0
BRDA:235,12,1,0
BRDA:244,13,0,0
BRDA:266,14,0,1
BRDA:266,14,1,1
BRDA:289,15,0,0
BRDA:289,15,1,1
BRDA:293,16,0,1
BRDA:293,16,1,0
BRDA:317,17,0,0
BRDA:317,17,1,0
BRDA:337,18,0,0
BRDA:337,18,1,0
BRDA:341,19,0,0
BRDA:341,19,1,0
BRDA:377,20,0,0
BRDA:377,20,1,0
BRDA:383,21,0,0
BRDA:383,21,1,0
BRDA:390,22,0,0
BRDA:390,22,1,0
BRDA:394,23,0,0
BRDA:394,23,1,0
BRDA:396,24,0,0
BRDA:396,24,1,0
BRDA:417,25,0,0
BRDA:417,25,1,0
BRDA:417,26,0,0
BRDA:417,26,1,0
BRDA:417,27,0,0
BRDA:417,27,1,0
BRDA:418,28,0,0
BRDA:418,28,1,0
BRDA:418,29,0,0
BRDA:418,29,1,0
BRDA:420,30,0,0
BRDA:420,30,1,0
BRDA:429,31,0,0
BRDA:429,31,1,0
BRDA:429,32,0,0
BRDA:429,32,1,0
BRDA:440,33,0,0
BRDA:440,33,1,0
BRDA:489,34,0,0
BRDA:489,34,1,0
BRDA:552,35,0,4
BRDA:552,35,1,24
BRF:69
BRH:18
end_of_record
TN:
SF:lib/contexts/CategoryContext.tsx
FN:76,CategoryProvider
FN:83,(anonymous_17)
FN:83,(anonymous_18)
FN:144,(anonymous_19)
FN:144,(anonymous_20)
FN:162,(anonymous_21)
FN:162,(anonymous_22)
FN:197,(anonymous_23)
FN:202,(anonymous_24)
FN:202,(anonymous_25)
FN:236,(anonymous_26)
FN:236,(anonymous_27)
FN:237,(anonymous_28)
FN:244,(anonymous_29)
FN:246,(anonymous_30)
FN:247,(anonymous_31)
FN:284,(anonymous_32)
FN:284,(anonymous_33)
FN:310,(anonymous_34)
FN:310,(anonymous_35)
FN:328,(anonymous_36)
FN:329,(anonymous_37)
FN:335,(anonymous_38)
FN:336,(anonymous_39)
FN:342,(anonymous_40)
FN:342,(anonymous_41)
FN:346,(anonymous_42)
FN:346,(anonymous_43)
FN:371,useCategories
FNF:29
FNH:24
FNDA:25,CategoryProvider
FNDA:11,(anonymous_17)
FNDA:11,(anonymous_18)
FNDA:1,(anonymous_19)
FNDA:1,(anonymous_20)
FNDA:13,(anonymous_21)
FNDA:13,(anonymous_22)
FNDA:11,(anonymous_23)
FNDA:2,(anonymous_24)
FNDA:2,(anonymous_25)
FNDA:2,(anonymous_26)
FNDA:2,(anonymous_27)
FNDA:2,(anonymous_28)
FNDA:1,(anonymous_29)
FNDA:1,(anonymous_30)
FNDA:0,(anonymous_31)
FNDA:3,(anonymous_32)
FNDA:3,(anonymous_33)
FNDA:1,(anonymous_34)
FNDA:2,(anonymous_35)
FNDA:0,(anonymous_36)
FNDA:0,(anonymous_37)
FNDA:0,(anonymous_38)
FNDA:0,(anonymous_39)
FNDA:23,(anonymous_40)
FNDA:18,(anonymous_41)
FNDA:23,(anonymous_42)
FNDA:18,(anonymous_43)
FNDA:27,useCategories
DA:1,1
DA:9,1
DA:10,1
DA:15,1
DA:35,1
DA:40,1
DA:76,1
DA:77,25
DA:78,25
DA:79,25
DA:80,25
DA:83,25
DA:84,11
DA:85,11
DA:88,11
DA:90,11
DA:94,11
DA:96,16
DA:97,0
DA:100,0
DA:103,0
DA:104,0
DA:106,0
DA:112,0
DA:116,0
DA:120,0
DA:126,0
DA:128,0
DA:129,0
DA:131,0
DA:132,0
DA:138,11
DA:140,0
DA:144,25
DA:145,1
DA:146,1
DA:149,1
DA:151,31
DA:152,31
DA:158,0
DA:162,25
DA:163,13
DA:164,13
DA:165,13
DA:166,13
DA:169,13
DA:170,11
DA:171,11
DA:174,13
DA:179,13
DA:180,1
DA:181,1
DA:186,13
DA:188,0
DA:191,0
DA:193,13
DA:197,25
DA:198,11
DA:201,25
DA:202,2
DA:203,2
DA:205,2
DA:209,1
DA:214,1
DA:215,1
DA:216,1
DA:221,1
DA:223,1
DA:224,0
DA:227,1
DA:228,1
DA:229,1
DA:235,25
DA:236,2
DA:237,2
DA:238,2
DA:239,1
DA:243,1
DA:244,1
DA:245,1
DA:246,1
DA:247,0
DA:249,1
DA:251,1
DA:253,1
DA:254,1
DA:258,1
DA:263,1
DA:264,1
DA:269,1
DA:271,0
DA:272,0
DA:275,0
DA:276,0
DA:277,0
DA:283,25
DA:284,3
DA:286,3
DA:288,3
DA:292,3
DA:293,1
DA:298,2
DA:302,2
DA:303,1
DA:309,1
DA:310,2
DA:311,1
DA:313,1
DA:314,1
DA:317,0
DA:319,0
DA:320,0
DA:321,0
DA:327,25
DA:329,0
DA:334,25
DA:336,0
DA:341,25
DA:342,23
DA:345,25
DA:346,23
DA:350,25
DA:371,1
DA:372,27
DA:373,27
DA:374,4
DA:376,23
LF:127
LH:97
BRDA:96,0,0,0
BRDA:96,0,1,16
BRDA:169,1,0,11
BRDA:169,1,1,2
BRDA:179,2,0,1
BRDA:179,2,1,12
BRDA:179,3,0,13
BRDA:179,3,1,13
BRDA:186,4,0,13
BRDA:186,4,1,0
BRDA:189,5,0,0
BRDA:189,5,1,0
BRDA:223,6,0,0
BRDA:223,6,1,1
BRDA:227,7,0,1
BRDA:227,7,1,0
BRDA:238,8,0,1
BRDA:238,8,1,1
BRDA:246,9,0,1
BRDA:246,9,1,0
BRDA:271,10,0,0
BRDA:271,10,1,0
BRDA:275,11,0,0
BRDA:275,11,1,0
BRDA:292,12,0,1
BRDA:292,12,1,2
BRDA:302,13,0,1
BRDA:302,13,1,1
BRDA:319,14,0,0
BRDA:319,14,1,0
BRDA:373,15,0,4
BRDA:373,15,1,23
BRF:32
BRH:19
end_of_record
TN:
SF:lib/contexts/CurrencyContext.tsx
FN:39,CurrencyProvider
FN:46,(anonymous_18)
FN:50,(anonymous_19)
FN:50,(anonymous_20)
FN:67,(anonymous_21)
FN:67,(anonymous_22)
FN:82,(anonymous_23)
FN:105,useCurrency
FNF:8
FNH:8
FNDA:28,CurrencyProvider
FNDA:13,(anonymous_18)
FNDA:13,(anonymous_19)
FNDA:13,(anonymous_20)
FNDA:4,(anonymous_21)
FNDA:4,(anonymous_22)
FNDA:3,(anonymous_23)
FNDA:32,useCurrency
DA:1,1
DA:9,1
DA:10,1
DA:17,1
DA:35,1
DA:39,1
DA:40,28
DA:43,28
DA:46,28
DA:47,13
DA:50,28
DA:51,13
DA:52,13
DA:53,12
DA:55,2
DA:56,2
DA:57,1
DA:61,1
DA:63,13
DA:67,28
DA:68,4
DA:69,4
DA:70,1
DA:71,1
DA:74,3
DA:75,3
DA:76,2
DA:78,1
DA:82,28
DA:83,3
DA:87,28
DA:89,28
DA:105,1
DA:106,32
DA:107,32
DA:108,4
DA:110,28
LF:37
LH:37
BRDA:53,0,0,2
BRDA:53,0,1,10
BRDA:56,1,0,1
BRDA:56,1,1,1
BRDA:69,2,0,1
BRDA:69,2,1,3
BRDA:87,3,0,28
BRDA:87,3,1,0
BRDA:107,4,0,4
BRDA:107,4,1,28
BRF:10
BRH:9
end_of_record
TN:
SF:lib/contexts/GoalContext.tsx
FN:46,GoalProvider
FN:51,(anonymous_18)
FN:51,(anonymous_19)
FN:68,(anonymous_20)
FN:73,(anonymous_21)
FN:78,(anonymous_22)
FN:128,(anonymous_23)
FN:143,(anonymous_24)
FN:150,(anonymous_25)
FN:213,(anonymous_26)
FN:228,(anonymous_27)
FN:228,(anonymous_28)
FN:239,(anonymous_29)
FN:254,(anonymous_30)
FN:255,(anonymous_31)
FN:261,(anonymous_32)
FN:261,(anonymous_33)
FN:283,(anonymous_34)
FN:300,(anonymous_35)
FN:324,useGoals
FNF:20
FNH:14
FNDA:37,GoalProvider
FNDA:22,(anonymous_18)
FNDA:22,(anonymous_19)
FNDA:15,(anonymous_20)
FNDA:6,(anonymous_21)
FNDA:6,(anonymous_22)
FNDA:0,(anonymous_23)
FNDA:2,(anonymous_24)
FNDA:2,(anonymous_25)
FNDA:0,(anonymous_26)
FNDA:1,(anonymous_27)
FNDA:1,(anonymous_28)
FNDA:0,(anonymous_29)
FNDA:0,(anonymous_30)
FNDA:0,(anonymous_31)
FNDA:3,(anonymous_32)
FNDA:3,(anonymous_33)
FNDA:0,(anonymous_34)
FNDA:2,(anonymous_35)
FNDA:34,useGoals
DA:1,1
DA:8,1
DA:9,1
DA:10,1
DA:17,1
DA:44,1
DA:46,1
DA:47,37
DA:48,37
DA:49,37
DA:51,37
DA:52,22
DA:53,22
DA:54,22
DA:55,22
DA:56,22
DA:59,22
DA:61,0
DA:62,0
DA:64,22
DA:68,37
DA:69,15
DA:72,37
DA:78,6
DA:79,6
DA:81,6
DA:85,5
DA:94,2
DA:95,2
DA:100,2
DA:101,2
DA:111,2
DA:112,2
DA:125,2
DA:126,2
DA:128,0
DA:130,4
DA:131,0
DA:134,4
DA:135,4
DA:136,4
DA:142,37
DA:150,2
DA:151,2
DA:153,2
DA:154,2
DA:158,2
DA:167,2
DA:176,2
DA:177,2
DA:184,2
DA:185,2
DA:186,0
DA:198,2
DA:210,2
DA:211,2
DA:213,0
DA:215,0
DA:216,0
DA:219,0
DA:220,0
DA:221,0
DA:227,37
DA:228,1
DA:229,1
DA:231,1
DA:233,1
DA:234,1
DA:236,1
DA:237,1
DA:239,0
DA:241,0
DA:242,0
DA:245,0
DA:246,0
DA:247,0
DA:253,37
DA:255,0
DA:260,37
DA:261,3
DA:262,3
DA:264,3
DA:265,3
DA:275,2
DA:276,2
DA:277,2
DA:281,2
DA:283,0
DA:284,2
DA:286,1
DA:287,0
DA:290,1
DA:293,1
DA:294,1
DA:300,37
DA:301,2
DA:304,37
DA:324,1
DA:325,34
DA:326,34
DA:327,4
DA:329,30
LF:102
LH:82
BRDA:59,0,0,22
BRDA:59,0,1,0
BRDA:61,1,0,0
BRDA:61,1,1,0
BRDA:77,2,0,0
BRDA:130,3,0,0
BRDA:130,3,1,4
BRDA:134,4,0,4
BRDA:134,4,1,0
BRDA:177,5,0,0
BRDA:177,5,1,2
BRDA:185,6,0,0
BRDA:185,6,1,2
BRDA:215,7,0,0
BRDA:215,7,1,0
BRDA:219,8,0,0
BRDA:219,8,1,0
BRDA:241,9,0,0
BRDA:241,9,1,0
BRDA:245,10,0,0
BRDA:245,10,1,0
BRDA:286,11,0,0
BRDA:286,11,1,1
BRDA:290,12,0,1
BRDA:290,12,1,0
BRDA:326,13,0,4
BRDA:326,13,1,30
BRF:27
BRH:9
end_of_record
TN:
SF:lib/contexts/SettingsContext.tsx
FN:65,SettingsProvider
FN:70,(anonymous_18)
FN:71,(anonymous_19)
FN:71,(anonymous_20)
FN:90,(anonymous_21)
FN:90,(anonymous_22)
FN:102,(anonymous_23)
FN:102,(anonymous_24)
FN:111,(anonymous_25)
FN:111,(anonymous_26)
FN:119,(anonymous_27)
FN:119,(anonymous_28)
FN:139,useSettings
FNF:13
FNH:13
FNDA:27,SettingsProvider
FNDA:10,(anonymous_18)
FNDA:10,(anonymous_19)
FNDA:10,(anonymous_20)
FNDA:7,(anonymous_21)
FNDA:7,(anonymous_22)
FNDA:4,(anonymous_23)
FNDA:4,(anonymous_24)
FNDA:2,(anonymous_25)
FNDA:2,(anonymous_26)
FNDA:1,(anonymous_27)
FNDA:1,(anonymous_28)
FNDA:31,useSettings
DA:1,1
DA:9,1
DA:37,1
DA:59,1
DA:63,1
DA:65,1
DA:66,27
DA:67,27
DA:70,27
DA:71,10
DA:72,10
DA:73,10
DA:74,9
DA:75,2
DA:77,2
DA:80,1
DA:82,10
DA:86,10
DA:90,27
DA:91,7
DA:92,7
DA:97,0
DA:101,27
DA:102,4
DA:103,4
DA:104,4
DA:105,4
DA:110,27
DA:111,2
DA:112,2
DA:113,2
DA:114,2
DA:119,27
DA:120,1
DA:121,1
DA:124,27
DA:139,1
DA:140,31
DA:141,31
DA:142,4
DA:144,27
LF:41
LH:40
BRDA:74,0,0,2
BRDA:74,0,1,7
BRDA:141,1,0,4
BRDA:141,1,1,27
BRF:4
BRH:4
end_of_record
TN:
SF:lib/contexts/SubscriptionContext.tsx
FN:65,calculateNextDueDate
FN:112,SubscriptionProvider
FN:119,(anonymous_18)
FN:119,(anonymous_19)
FN:126,(anonymous_20)
FN:138,(anonymous_21)
FN:142,(anonymous_22)
FN:145,(anonymous_23)
FN:154,(anonymous_24)
FN:227,(anonymous_25)
FN:230,(anonymous_26)
FN:231,(anonymous_27)
FN:256,(anonymous_28)
FN:257,(anonymous_29)
FN:311,(anonymous_30)
FN:312,(anonymous_31)
FN:321,(anonymous_32)
FN:321,(anonymous_33)
FN:324,(anonymous_34)
FN:324,(anonymous_35)
FN:339,(anonymous_36)
FN:339,(anonymous_37)
FN:340,(anonymous_38)
FN:349,(anonymous_39)
FN:349,(anonymous_40)
FN:354,(anonymous_41)
FN:356,(anonymous_42)
FN:361,(anonymous_43)
FN:361,(anonymous_44)
FN:444,(anonymous_45)
FN:444,(anonymous_46)
FN:450,(anonymous_47)
FN:518,(anonymous_48)
FN:519,(anonymous_49)
FN:521,(anonymous_50)
FN:527,(anonymous_51)
FN:543,(anonymous_52)
FN:543,(anonymous_53)
FN:545,(anonymous_54)
FN:551,(anonymous_55)
FN:552,(anonymous_56)
FN:563,(anonymous_57)
FN:563,(anonymous_58)
FN:565,(anonymous_59)
FN:580,(anonymous_60)
FN:581,(anonymous_61)
FN:590,(anonymous_62)
FN:590,(anonymous_63)
FN:608,(anonymous_64)
FN:614,(anonymous_65)
FN:619,(anonymous_66)
FN:626,(anonymous_67)
FN:627,(anonymous_68)
FN:643,(anonymous_69)
FN:643,(anonymous_70)
FN:675,useSubscriptions
FNF:56
FNH:25
FNDA:0,calculateNextDueDate
FNDA:39,SubscriptionProvider
FNDA:18,(anonymous_18)
FNDA:18,(anonymous_19)
FNDA:15,(anonymous_20)
FNDA:17,(anonymous_21)
FNDA:18,(anonymous_22)
FNDA:5,(anonymous_23)
FNDA:5,(anonymous_24)
FNDA:4,(anonymous_25)
FNDA:4,(anonymous_26)
FNDA:4,(anonymous_27)
FNDA:3,(anonymous_28)
FNDA:3,(anonymous_29)
FNDA:0,(anonymous_30)
FNDA:0,(anonymous_31)
FNDA:1,(anonymous_32)
FNDA:1,(anonymous_33)
FNDA:1,(anonymous_34)
FNDA:1,(anonymous_35)
FNDA:1,(anonymous_36)
FNDA:1,(anonymous_37)
FNDA:1,(anonymous_38)
FNDA:0,(anonymous_39)
FNDA:0,(anonymous_40)
FNDA:0,(anonymous_41)
FNDA:0,(anonymous_42)
FNDA:0,(anonymous_43)
FNDA:0,(anonymous_44)
FNDA:0,(anonymous_45)
FNDA:0,(anonymous_46)
FNDA:0,(anonymous_47)
FNDA:0,(anonymous_48)
FNDA:0,(anonymous_49)
FNDA:0,(anonymous_50)
FNDA:0,(anonymous_51)
FNDA:0,(anonymous_52)
FNDA:0,(anonymous_53)
FNDA:0,(anonymous_54)
FNDA:0,(anonymous_55)
FNDA:0,(anonymous_56)
FNDA:0,(anonymous_57)
FNDA:0,(anonymous_58)
FNDA:0,(anonymous_59)
FNDA:0,(anonymous_60)
FNDA:0,(anonymous_61)
FNDA:0,(anonymous_62)
FNDA:0,(anonymous_63)
FNDA:0,(anonymous_64)
FNDA:1,(anonymous_65)
FNDA:3,(anonymous_66)
FNDA:4,(anonymous_67)
FNDA:4,(anonymous_68)
FNDA:0,(anonymous_69)
FNDA:0,(anonymous_70)
FNDA:43,useSubscriptions
DA:1,1
DA:9,1
DA:10,1
DA:17,1
DA:60,1
DA:69,0
DA:71,0
DA:73,0
DA:74,0
DA:76,0
DA:77,0
DA:80,0
DA:81,0
DA:82,0
DA:84,0
DA:89,0
DA:90,0
DA:94,0
DA:95,0
DA:96,0
DA:97,0
DA:98,0
DA:99,0
DA:104,0
DA:105,0
DA:109,0
DA:112,1
DA:113,39
DA:114,39
DA:117,39
DA:119,39
DA:120,18
DA:121,18
DA:122,18
DA:126,18
DA:130,18
DA:132,0
DA:134,18
DA:138,39
DA:139,17
DA:142,39
DA:144,39
DA:154,5
DA:155,5
DA:157,5
DA:161,4
DA:166,3
DA:167,3
DA:168,3
DA:172,3
DA:182,3
DA:183,3
DA:185,3
DA:188,3
DA:192,3
DA:193,2
DA:196,1
DA:214,1
DA:215,1
DA:217,4
DA:218,0
DA:220,4
DA:226,39
DA:230,4
DA:231,4
DA:232,4
DA:233,1
DA:237,3
DA:238,1
DA:244,3
DA:245,1
DA:250,3
DA:251,0
DA:255,3
DA:256,3
DA:257,3
DA:260,3
DA:261,3
DA:262,3
DA:263,3
DA:265,3
DA:266,1
DA:267,1
DA:269,3
DA:270,1
DA:271,1
DA:273,3
DA:274,0
DA:275,0
DA:277,3
DA:278,0
DA:279,0
DA:281,3
DA:282,0
DA:283,0
DA:285,3
DA:286,0
DA:287,0
DA:289,3
DA:290,1
DA:291,1
DA:293,3
DA:294,0
DA:295,0
DA:297,3
DA:298,0
DA:299,0
DA:302,3
DA:303,3
DA:304,3
DA:311,0
DA:312,0
DA:314,0
DA:320,39
DA:321,1
DA:323,1
DA:324,1
DA:326,1
DA:327,1
DA:328,1
DA:331,0
DA:332,0
DA:338,39
DA:339,1
DA:340,1
DA:341,1
DA:342,1
DA:348,39
DA:349,0
DA:354,39
DA:355,0
DA:356,0
DA:360,39
DA:361,0
DA:362,0
DA:363,0
DA:365,0
DA:367,0
DA:369,0
DA:372,0
DA:376,0
DA:381,0
DA:384,0
DA:401,0
DA:402,0
DA:409,0
DA:413,0
DA:419,0
DA:421,0
DA:424,0
DA:425,0
DA:427,0
DA:432,0
DA:436,0
DA:443,39
DA:444,0
DA:445,0
DA:446,0
DA:449,0
DA:450,0
DA:453,0
DA:454,0
DA:457,0
DA:459,0
DA:461,0
DA:463,0
DA:464,0
DA:465,0
DA:467,0
DA:468,0
DA:471,0
DA:475,0
DA:477,0
DA:481,0
DA:485,0
DA:489,0
DA:490,0
DA:491,0
DA:493,0
DA:496,0
DA:503,0
DA:504,0
DA:511,0
DA:512,0
DA:514,0
DA:516,0
DA:519,0
DA:521,0
DA:526,0
DA:527,0
DA:531,0
DA:542,39
DA:543,0
DA:544,0
DA:545,0
DA:548,0
DA:549,0
DA:550,0
DA:551,0
DA:552,0
DA:554,0
DA:562,39
DA:563,0
DA:564,0
DA:565,0
DA:568,0
DA:569,0
DA:571,0
DA:575,0
DA:580,0
DA:581,0
DA:583,0
DA:590,39
DA:591,0
DA:592,0
DA:593,0
DA:594,0
DA:595,0
DA:599,0
DA:600,0
DA:601,0
DA:604,0
DA:608,39
DA:609,0
DA:613,39
DA:615,1
DA:616,1
DA:618,1
DA:619,3
DA:626,39
DA:627,4
DA:628,4
DA:630,0
DA:632,1
DA:634,2
DA:636,1
DA:638,0
DA:643,39
DA:644,0
DA:647,39
DA:675,1
DA:676,43
DA:677,43
DA:678,4
DA:682,39
LF:245
LH:112
BRDA:71,0,0,0
BRDA:71,0,1,0
BRDA:71,0,2,0
BRDA:71,0,3,0
BRDA:152,1,0,5
BRDA:192,2,0,2
BRDA:192,2,1,1
BRDA:209,3,0,1
BRDA:209,3,1,1
BRDA:217,4,0,0
BRDA:217,4,1,4
BRDA:232,5,0,1
BRDA:232,5,1,3
BRDA:237,6,0,1
BRDA:237,6,1,2
BRDA:244,7,0,1
BRDA:244,7,1,2
BRDA:250,8,0,0
BRDA:250,8,1,3
BRDA:257,9,0,3
BRDA:257,9,1,0
BRDA:265,10,0,1
BRDA:265,10,1,2
BRDA:269,11,0,1
BRDA:269,11,1,2
BRDA:273,12,0,0
BRDA:273,12,1,3
BRDA:277,13,0,0
BRDA:277,13,1,3
BRDA:281,14,0,0
BRDA:281,14,1,3
BRDA:285,15,0,0
BRDA:285,15,1,3
BRDA:289,16,0,1
BRDA:289,16,1,2
BRDA:291,17,0,0
BRDA:291,17,1,1
BRDA:293,18,0,0
BRDA:293,18,1,3
BRDA:297,19,0,0
BRDA:297,19,1,3
BRDA:299,20,0,0
BRDA:299,20,1,0
BRDA:302,21,0,3
BRDA:302,21,1,0
BRDA:312,22,0,0
BRDA:312,22,1,0
BRDA:341,23,0,1
BRDA:341,23,1,0
BRDA:374,24,0,0
BRDA:374,24,1,0
BRDA:376,25,0,0
BRDA:376,25,1,0
BRDA:381,26,0,0
BRDA:381,26,1,0
BRDA:381,26,2,0
BRDA:381,27,0,0
BRDA:381,27,1,0
BRDA:381,28,0,0
BRDA:381,28,1,0
BRDA:381,29,0,0
BRDA:381,29,1,0
BRDA:381,30,0,0
BRDA:381,30,1,0
BRDA:392,31,0,0
BRDA:392,31,1,0
BRDA:401,32,0,0
BRDA:401,32,1,0
BRDA:453,33,0,0
BRDA:453,33,1,0
BRDA:457,34,0,0
BRDA:457,34,1,0
BRDA:467,35,0,0
BRDA:467,35,1,0
BRDA:475,36,0,0
BRDA:475,36,1,0
BRDA:490,37,0,0
BRDA:490,37,1,0
BRDA:503,38,0,0
BRDA:503,38,1,0
BRDA:511,39,0,0
BRDA:511,39,1,0
BRDA:514,40,0,0
BRDA:514,40,1,0
BRDA:514,41,0,0
BRDA:514,41,1,0
BRDA:526,42,0,0
BRDA:526,42,1,0
BRDA:548,43,0,0
BRDA:548,43,1,0
BRDA:550,44,0,0
BRDA:550,44,1,0
BRDA:568,45,0,0
BRDA:568,45,1,0
BRDA:594,46,0,0
BRDA:594,46,1,0
BRDA:599,47,0,0
BRDA:599,47,1,0
BRDA:619,48,0,3
BRDA:619,48,1,3
BRDA:628,49,0,0
BRDA:628,49,1,1
BRDA:628,49,2,2
BRDA:628,49,3,1
BRDA:628,49,4,0
BRDA:677,50,0,4
BRDA:677,50,1,39
BRF:107
BRH:36
end_of_record
TN:
SF:lib/contexts/TransactionContext.tsx
FN:63,TransactionProvider
FN:72,(anonymous_17)
FN:72,(anonymous_18)
FN:91,(anonymous_19)
FN:96,(anonymous_20)
FN:103,(anonymous_21)
FN:179,(anonymous_22)
FN:200,(anonymous_23)
FN:208,(anonymous_24)
FN:315,(anonymous_25)
FN:338,(anonymous_26)
FN:338,(anonymous_27)
FN:377,(anonymous_28)
FN:400,(anonymous_29)
FN:401,(anonymous_30)
FN:407,(anonymous_31)
FN:408,(anonymous_32)
FN:414,(anonymous_33)
FN:416,(anonymous_34)
FN:423,(anonymous_35)
FN:424,(anonymous_36)
FN:430,(anonymous_37)
FN:431,(anonymous_38)
FN:436,(anonymous_39)
FN:444,(anonymous_40)
FN:461,(anonymous_41)
FN:489,useTransactions
FNF:27
FNH:13
FNDA:24,TransactionProvider
FNDA:13,(anonymous_17)
FNDA:13,(anonymous_18)
FNDA:11,(anonymous_19)
FNDA:6,(anonymous_20)
FNDA:6,(anonymous_21)
FNDA:0,(anonymous_22)
FNDA:0,(anonymous_23)
FNDA:0,(anonymous_24)
FNDA:0,(anonymous_25)
FNDA:2,(anonymous_26)
FNDA:2,(anonymous_27)
FNDA:0,(anonymous_28)
FNDA:0,(anonymous_29)
FNDA:0,(anonymous_30)
FNDA:1,(anonymous_31)
FNDA:3,(anonymous_32)
FNDA:0,(anonymous_33)
FNDA:0,(anonymous_34)
FNDA:1,(anonymous_35)
FNDA:3,(anonymous_36)
FNDA:0,(anonymous_37)
FNDA:0,(anonymous_38)
FNDA:0,(anonymous_39)
FNDA:0,(anonymous_40)
FNDA:0,(anonymous_41)
FNDA:26,useTransactions
DA:1,1
DA:8,1
DA:9,1
DA:10,1
DA:11,1
DA:19,1
DA:59,1
DA:63,1
DA:68,24
DA:69,24
DA:70,24
DA:72,24
DA:73,13
DA:74,13
DA:75,13
DA:76,13
DA:77,13
DA:80,13
DA:82,0
DA:85,0
DA:87,13
DA:91,24
DA:92,11
DA:95,24
DA:103,6
DA:104,6
DA:106,6
DA:107,6
DA:108,6
DA:113,4
DA:116,4
DA:117,4
DA:119,3
DA:120,3
DA:123,3
DA:125,3
DA:127,3
DA:131,3
DA:132,1
DA:136,2
DA:140,2
DA:141,1
DA:144,1
DA:146,1
DA:149,1
DA:165,1
DA:171,1
DA:174,1
DA:177,1
DA:179,0
DA:182,2
DA:183,2
DA:186,5
DA:187,0
DA:188,0
DA:191,5
DA:192,5
DA:193,5
DA:199,24
DA:208,0
DA:209,0
DA:211,0
DA:212,0
DA:213,0
DA:214,0
DA:219,0
DA:222,0
DA:223,0
DA:225,0
DA:228,0
DA:230,0
DA:232,0
DA:236,0
DA:237,0
DA:241,0
DA:245,0
DA:246,0
DA:250,0
DA:254,0
DA:255,0
DA:258,0
DA:261,0
DA:263,0
DA:264,0
DA:271,0
DA:287,0
DA:288,0
DA:294,0
DA:298,0
DA:303,0
DA:307,0
DA:310,0
DA:313,0
DA:315,0
DA:318,0
DA:319,0
DA:322,0
DA:323,0
DA:324,0
DA:327,0
DA:330,0
DA:331,0
DA:337,24
DA:338,2
DA:339,2
DA:340,2
DA:341,2
DA:344,2
DA:346,2
DA:348,2
DA:352,2
DA:353,1
DA:357,1
DA:360,1
DA:361,1
DA:362,1
DA:369,1
DA:372,1
DA:375,1
DA:377,0
DA:380,1
DA:381,1
DA:384,1
DA:385,0
DA:386,0
DA:389,1
DA:392,1
DA:393,1
DA:399,24
DA:401,0
DA:406,24
DA:408,3
DA:413,24
DA:415,0
DA:416,0
DA:422,24
DA:424,3
DA:429,24
DA:431,0
DA:436,24
DA:437,0
DA:438,0
DA:439,0
DA:441,0
DA:442,0
DA:444,0
DA:445,0
DA:446,0
DA:450,0
DA:451,0
DA:453,0
DA:458,0
DA:461,24
DA:462,0
DA:465,24
DA:489,1
DA:490,26
DA:491,26
DA:492,4
DA:494,22
LF:160
LH:92
BRDA:80,0,0,13
BRDA:80,0,1,0
BRDA:83,1,0,0
BRDA:83,1,1,0
BRDA:131,2,0,1
BRDA:131,2,1,2
BRDA:140,3,0,1
BRDA:140,3,1,1
BRDA:146,4,0,0
BRDA:146,4,1,1
BRDA:186,5,0,0
BRDA:186,5,1,5
BRDA:191,6,0,5
BRDA:191,6,1,0
BRDA:236,7,0,0
BRDA:236,7,1,0
BRDA:245,8,0,0
BRDA:245,8,1,0
BRDA:254,9,0,0
BRDA:254,9,1,0
BRDA:261,10,0,0
BRDA:261,10,1,0
BRDA:263,11,0,0
BRDA:263,11,1,0
BRDA:287,12,0,0
BRDA:287,12,1,0
BRDA:298,13,0,0
BRDA:298,13,1,0
BRDA:299,14,0,0
BRDA:299,14,1,0
BRDA:299,14,2,0
BRDA:322,15,0,0
BRDA:322,15,1,0
BRDA:327,16,0,0
BRDA:327,16,1,0
BRDA:352,17,0,1
BRDA:352,17,1,1
BRDA:360,18,0,1
BRDA:360,18,1,0
BRDA:361,19,0,0
BRDA:361,19,1,1
BRDA:384,20,0,0
BRDA:384,20,1,1
BRDA:389,21,0,1
BRDA:389,21,1,0
BRDA:416,22,0,0
BRDA:416,22,1,0
BRDA:446,23,0,0
BRDA:446,23,1,0
BRDA:447,24,0,0
BRDA:447,24,1,0
BRDA:450,25,0,0
BRDA:450,25,1,0
BRDA:491,26,0,4
BRDA:491,26,1,22
BRF:55
BRH:16
end_of_record
TN:
SF:lib/contexts/UserContext.tsx
FN:31,UserProvider
FN:38,(anonymous_18)
FN:42,(anonymous_19)
FN:42,(anonymous_20)
FN:79,(anonymous_21)
FN:79,(anonymous_22)
FN:113,(anonymous_23)
FN:113,(anonymous_24)
FN:130,(anonymous_25)
FN:130,(anonymous_26)
FN:147,(anonymous_27)
FN:147,(anonymous_28)
FN:168,(anonymous_29)
FN:168,(anonymous_30)
FN:201,useUser
FNF:15
FNH:15
FNDA:27,UserProvider
FNDA:11,(anonymous_18)
FNDA:11,(anonymous_19)
FNDA:11,(anonymous_20)
FNDA:2,(anonymous_21)
FNDA:2,(anonymous_22)
FNDA:1,(anonymous_23)
FNDA:1,(anonymous_24)
FNDA:1,(anonymous_25)
FNDA:1,(anonymous_26)
FNDA:1,(anonymous_27)
FNDA:1,(anonymous_28)
FNDA:3,(anonymous_29)
FNDA:3,(anonymous_30)
FNDA:31,useUser
DA:1,1
DA:9,1
DA:10,1
DA:12,1
DA:13,1
DA:29,1
DA:31,1
DA:32,27
DA:33,27
DA:34,27
DA:35,27
DA:38,27
DA:39,11
DA:42,27
DA:43,11
DA:44,11
DA:47,11
DA:48,11
DA:50,11
DA:51,9
DA:52,9
DA:53,9
DA:57,2
DA:58,2
DA:63,2
DA:64,1
DA:65,1
DA:66,1
DA:69,1
DA:70,1
DA:73,0
DA:75,11
DA:79,27
DA:80,2
DA:81,2
DA:82,2
DA:85,2
DA:90,2
DA:92,1
DA:98,1
DA:105,2
DA:106,2
DA:108,0
DA:109,0
DA:113,27
DA:114,1
DA:115,1
DA:116,1
DA:118,1
DA:123,1
DA:125,0
DA:126,0
DA:130,27
DA:131,1
DA:132,1
DA:133,1
DA:135,1
DA:140,1
DA:142,0
DA:143,0
DA:147,27
DA:148,1
DA:149,1
DA:150,1
DA:153,1
DA:159,1
DA:161,1
DA:163,0
DA:164,0
DA:168,27
DA:169,3
DA:170,3
DA:171,3
DA:175,2
DA:177,1
DA:178,1
DA:182,27
DA:201,1
DA:202,31
DA:203,31
DA:204,4
DA:206,27
LF:82
LH:73
BRDA:50,0,0,9
BRDA:50,0,1,2
BRDA:63,1,0,1
BRDA:63,1,1,1
BRDA:90,2,0,1
BRDA:90,2,1,1
BRDA:175,3,0,2
BRDA:175,3,1,1
BRDA:203,4,0,4
BRDA:203,4,1,27
BRF:10
BRH:10
end_of_record
TN:
SF:lib/services/WidgetDataProvider.ts
FN:54,(anonymous_7)
FN:171,(anonymous_9)
FN:175,(anonymous_10)
FN:180,(anonymous_11)
FN:185,(anonymous_12)
FN:209,(anonymous_13)
FN:228,(anonymous_15)
FNF:7
FNH:0
FNDA:0,(anonymous_7)
FNDA:0,(anonymous_9)
FNDA:0,(anonymous_10)
FNDA:0,(anonymous_11)
FNDA:0,(anonymous_12)
FNDA:0,(anonymous_13)
FNDA:0,(anonymous_15)
DA:6,0
DA:7,0
DA:8,0
DA:50,0
DA:55,0
DA:56,0
DA:59,0
DA:60,0
DA:65,0
DA:76,0
DA:89,0
DA:99,0
DA:116,0
DA:125,0
DA:133,0
DA:153,0
DA:154,0
DA:155,0
DA:157,0
DA:167,0
DA:171,0
DA:175,0
DA:180,0
DA:185,0
DA:192,0
DA:194,0
DA:210,0
DA:211,0
DA:214,0
DA:215,0
DA:218,0
DA:221,0
DA:229,0
DA:230,0
DA:234,0
DA:238,0
DA:239,0
LF:37
LH:0
BRDA:153,0,0,0
BRDA:153,0,1,0
BRDA:153,1,0,0
BRDA:153,1,1,0
BRDA:153,2,0,0
BRDA:153,2,1,0
BRDA:153,3,0,0
BRDA:153,3,1,0
BRDA:154,4,0,0
BRDA:154,4,1,0
BRDA:154,5,0,0
BRDA:154,5,1,0
BRDA:154,6,0,0
BRDA:154,6,1,0
BRDA:154,7,0,0
BRDA:154,7,1,0
BRDA:155,8,0,0
BRDA:155,8,1,0
BRDA:155,9,0,0
BRDA:155,9,1,0
BRDA:155,10,0,0
BRDA:155,10,1,0
BRDA:155,11,0,0
BRDA:155,11,1,0
BRDA:187,12,0,0
BRDA:187,12,1,0
BRDA:187,13,0,0
BRDA:187,13,1,0
BRDA:210,14,0,0
BRDA:210,14,1,0
BRDA:229,15,0,0
BRDA:229,15,1,0
BRF:32
BRH:0
end_of_record
TN:
SF:lib/services/WidgetService.ts
FN:28,(anonymous_7)
FN:28,(anonymous_8)
FN:31,(anonymous_9)
FN:31,(anonymous_10)
FN:34,(anonymous_11)
FN:34,(anonymous_12)
FN:35,(anonymous_13)
FN:35,(anonymous_14)
FN:36,(anonymous_15)
FN:36,(anonymous_16)
FN:37,(anonymous_17)
FN:37,(anonymous_18)
FN:49,(anonymous_19)
FN:58,(anonymous_20)
FN:96,(anonymous_22)
FN:96,(anonymous_23)
FN:97,(anonymous_24)
FN:102,(anonymous_25)
FN:102,(anonymous_26)
FN:116,(anonymous_27)
FN:134,(anonymous_29)
FN:155,(anonymous_31)
FN:155,(anonymous_32)
FN:172,(anonymous_33)
FN:187,(anonymous_35)
FN:203,(anonymous_37)
FN:223,(anonymous_39)
FNF:27
FNH:0
FNDA:0,(anonymous_7)
FNDA:0,(anonymous_8)
FNDA:0,(anonymous_9)
FNDA:0,(anonymous_10)
FNDA:0,(anonymous_11)
FNDA:0,(anonymous_12)
FNDA:0,(anonymous_13)
FNDA:0,(anonymous_14)
FNDA:0,(anonymous_15)
FNDA:0,(anonymous_16)
FNDA:0,(anonymous_17)
FNDA:0,(anonymous_18)
FNDA:0,(anonymous_19)
FNDA:0,(anonymous_20)
FNDA:0,(anonymous_22)
FNDA:0,(anonymous_23)
FNDA:0,(anonymous_24)
FNDA:0,(anonymous_25)
FNDA:0,(anonymous_26)
FNDA:0,(anonymous_27)
FNDA:0,(anonymous_29)
FNDA:0,(anonymous_31)
FNDA:0,(anonymous_32)
FNDA:0,(anonymous_33)
FNDA:0,(anonymous_35)
FNDA:0,(anonymous_37)
FNDA:0,(anonymous_39)
DA:6,0
DA:7,0
DA:24,0
DA:27,0
DA:28,0
DA:29,0
DA:31,0
DA:32,0
DA:34,0
DA:35,0
DA:36,0
DA:37,0
DA:41,0
DA:50,0
DA:51,0
DA:52,0
DA:60,0
DA:61,0
DA:62,0
DA:66,0
DA:67,0
DA:68,0
DA:72,0
DA:73,0
DA:75,0
DA:76,0
DA:79,0
DA:80,0
DA:81,0
DA:82,0
DA:85,0
DA:86,0
DA:88,0
DA:96,0
DA:97,0
DA:98,0
DA:99,0
DA:102,0
DA:103,0
DA:104,0
DA:110,0
DA:117,0
DA:118,0
DA:121,0
DA:122,0
DA:124,0
DA:125,0
DA:135,0
DA:136,0
DA:139,0
DA:140,0
DA:143,0
DA:144,0
DA:147,0
DA:155,0
DA:156,0
DA:157,0
DA:160,0
DA:161,0
DA:163,0
DA:173,0
DA:174,0
DA:177,0
DA:178,0
DA:180,0
DA:188,0
DA:189,0
DA:192,0
DA:193,0
DA:195,0
DA:196,0
DA:209,0
DA:210,0
DA:213,0
DA:214,0
DA:216,0
DA:224,0
DA:225,0
DA:228,0
DA:229,0
DA:231,0
DA:236,0
DA:237,0
LF:83
LH:0
BRDA:41,0,0,0
BRDA:41,0,1,0
BRDA:60,1,0,0
BRDA:60,1,1,0
BRDA:66,2,0,0
BRDA:66,2,1,0
BRDA:79,3,0,0
BRDA:79,3,1,0
BRDA:96,4,0,0
BRDA:98,5,0,0
BRDA:98,5,1,0
BRDA:117,6,0,0
BRDA:117,6,1,0
BRDA:135,7,0,0
BRDA:135,7,1,0
BRDA:139,8,0,0
BRDA:139,8,1,0
BRDA:155,9,0,0
BRDA:156,10,0,0
BRDA:156,10,1,0
BRDA:156,11,0,0
BRDA:156,11,1,0
BRDA:173,12,0,0
BRDA:173,12,1,0
BRDA:173,13,0,0
BRDA:173,13,1,0
BRDA:188,14,0,0
BRDA:188,14,1,0
BRDA:188,15,0,0
BRDA:188,15,1,0
BRDA:209,16,0,0
BRDA:209,16,1,0
BRDA:209,17,0,0
BRDA:209,17,1,0
BRDA:224,18,0,0
BRDA:224,18,1,0
BRDA:224,19,0,0
BRDA:224,19,1,0
BRF:38
BRH:0
end_of_record
TN:
SF:lib/utils/currencyHelpers.ts
FN:7,groupAccountsByCurrency
FN:11,(anonymous_1)
FN:25,getTotalBalanceByCurrency
FN:29,(anonymous_3)
FN:40,getMonthlyStatsByCurrency
FN:50,(anonymous_5)
FN:57,(anonymous_6)
FN:80,filterTransactionsByCurrency
FN:84,(anonymous_8)
FN:90,getUniqueCurrencies
FN:91,(anonymous_10)
FN:98,getUniqueCurrenciesFromAccounts
FN:99,(anonymous_12)
FN:106,formatCurrencyAmount
FN:126,groupBudgetsByCurrency
FN:130,(anonymous_15)
FN:144,groupGoalsByCurrency
FN:146,(anonymous_17)
FN:160,groupSubscriptionsByCurrency
FN:164,(anonymous_19)
FN:178,getSubscriptionTotalByCurrency
FN:183,(anonymous_21)
FN:185,(anonymous_22)
FN:226,getCurrencyDisplay
FN:235,sortCurrencies
FN:239,(anonymous_25)
FNF:26
FNH:26
FNDA:3,groupAccountsByCurrency
FNDA:4,(anonymous_1)
FNDA:3,getTotalBalanceByCurrency
FNDA:5,(anonymous_3)
FNDA:3,getMonthlyStatsByCurrency
FNDA:6,(anonymous_5)
FNDA:5,(anonymous_6)
FNDA:2,filterTransactionsByCurrency
FNDA:4,(anonymous_8)
FNDA:2,getUniqueCurrencies
FNDA:3,(anonymous_10)
FNDA:1,getUniqueCurrenciesFromAccounts
FNDA:3,(anonymous_12)
FNDA:2,formatCurrencyAmount
FNDA:1,groupBudgetsByCurrency
FNDA:2,(anonymous_15)
FNDA:1,groupGoalsByCurrency
FNDA:2,(anonymous_17)
FNDA:1,groupSubscriptionsByCurrency
FNDA:2,(anonymous_19)
FNDA:7,getSubscriptionTotalByCurrency
FNDA:9,(anonymous_21)
FNDA:8,(anonymous_22)
FNDA:2,getCurrencyDisplay
FNDA:4,sortCurrencies
FNDA:9,(anonymous_25)
DA:2,1
DA:7,1
DA:10,3
DA:12,4
DA:13,3
DA:15,4
DA:16,4
DA:25,1
DA:28,3
DA:30,5
DA:31,5
DA:40,1
DA:45,3
DA:46,3
DA:47,3
DA:49,3
DA:51,6
DA:52,6
DA:58,5
DA:59,3
DA:61,5
DA:62,1
DA:64,4
DA:66,5
DA:68,5
DA:80,1
DA:84,4
DA:90,1
DA:91,3
DA:92,2
DA:98,1
DA:99,3
DA:100,1
DA:106,1
DA:110,2
DA:111,2
DA:112,1
DA:115,1
DA:120,1
DA:126,1
DA:129,1
DA:131,2
DA:132,2
DA:134,2
DA:135,2
DA:144,1
DA:145,1
DA:147,2
DA:148,2
DA:150,2
DA:151,2
DA:160,1
DA:163,1
DA:165,2
DA:166,2
DA:168,2
DA:169,2
DA:178,1
DA:182,7
DA:183,9
DA:186,8
DA:189,8
DA:191,1
DA:192,1
DA:194,1
DA:195,1
DA:197,1
DA:198,1
DA:203,8
DA:205,0
DA:206,0
DA:208,0
DA:209,0
DA:211,1
DA:212,1
DA:216,8
DA:217,8
DA:226,1
DA:227,2
DA:228,2
DA:229,1
DA:235,1
DA:239,4
DA:240,9
DA:241,7
DA:242,4
LF:86
LH:82
BRDA:12,0,0,3
BRDA:12,0,1,1
BRDA:30,1,0,5
BRDA:30,1,1,3
BRDA:46,2,0,3
BRDA:46,2,1,0
BRDA:47,3,0,3
BRDA:47,3,1,0
BRDA:53,4,0,6
BRDA:53,4,1,5
BRDA:58,5,0,3
BRDA:58,5,1,2
BRDA:61,6,0,1
BRDA:61,6,1,4
BRDA:111,7,0,1
BRDA:111,7,1,1
BRDA:131,8,0,2
BRDA:131,8,1,0
BRDA:147,9,0,2
BRDA:147,9,1,0
BRDA:165,10,0,2
BRDA:165,10,1,0
BRDA:180,11,0,1
BRDA:189,12,0,1
BRDA:189,12,1,1
BRDA:189,12,2,1
BRDA:203,13,0,0
BRDA:203,13,1,0
BRDA:203,13,2,1
BRDA:216,14,0,8
BRDA:216,14,1,7
BRDA:228,15,0,1
BRDA:228,15,1,1
BRDA:229,16,0,1
BRDA:229,16,1,0
BRDA:240,17,0,2
BRDA:240,17,1,7
BRDA:241,18,0,3
BRDA:241,18,1,4
BRF:39
BRH:31
end_of_record
TN:
SF:lib/utils/periodCalculations.ts
FN:16,getCurrentPeriod
FN:61,getPreviousPeriod
FN:78,getNextPeriod
FN:95,getPeriodHistory
FN:119,isDateInPeriod
FN:126,formatPeriod
FN:146,getPeriodLabel
FN:165,getDaysRemainingInPeriod
FN:178,getPeriodProgress
FN:192,getPeriodForDate
FN:203,needsPeriodTransition
FNF:11
FNH:11
FNDA:57,getCurrentPeriod
FNDA:7,getPreviousPeriod
FNDA:2,getNextPeriod
FNDA:4,getPeriodHistory
FNDA:5,isDateInPeriod
FNDA:3,formatPeriod
FNDA:3,getPeriodLabel
FNDA:2,getDaysRemainingInPeriod
FNDA:3,getPeriodProgress
FNDA:2,getPeriodForDate
FNDA:3,needsPeriodTransition
DA:16,1
DA:21,57
DA:23,57
DA:24,57
DA:25,57
DA:30,57
DA:32,53
DA:34,53
DA:35,53
DA:38,4
DA:40,4
DA:49,4
DA:52,57
DA:61,1
DA:65,7
DA:66,7
DA:69,7
DA:70,7
DA:72,7
DA:78,1
DA:82,2
DA:83,2
DA:86,2
DA:87,2
DA:89,2
DA:95,1
DA:100,4
DA:101,4
DA:103,4
DA:104,14
DA:105,14
DA:108,14
DA:109,14
DA:110,14
DA:113,4
DA:119,1
DA:120,5
DA:126,1
DA:127,3
DA:128,3
DA:130,3
DA:131,3
DA:132,3
DA:133,3
DA:134,3
DA:136,3
DA:137,2
DA:139,1
DA:146,1
DA:150,3
DA:151,3
DA:153,3
DA:154,1
DA:155,2
DA:156,1
DA:158,1
DA:165,1
DA:169,2
DA:170,2
DA:171,2
DA:172,2
DA:178,1
DA:182,3
DA:183,3
DA:184,3
DA:185,3
DA:186,3
DA:192,1
DA:196,2
DA:203,1
DA:207,3
DA:208,2
DA:209,2
LF:73
LH:73
BRDA:17,0,0,0
BRDA:18,1,0,4
BRDA:30,2,0,53
BRDA:30,2,1,4
BRDA:62,3,0,0
BRDA:63,4,0,4
BRDA:79,5,0,0
BRDA:80,6,0,0
BRDA:96,7,0,0
BRDA:97,8,0,0
BRDA:98,9,0,0
BRDA:120,10,0,5
BRDA:120,10,1,4
BRDA:136,11,0,2
BRDA:136,11,1,1
BRDA:148,12,0,0
BRDA:153,13,0,1
BRDA:153,13,1,2
BRDA:153,14,0,3
BRDA:153,14,1,1
BRDA:155,15,0,1
BRDA:155,15,1,1
BRDA:155,16,0,2
BRDA:155,16,1,1
BRDA:166,17,0,0
BRDA:167,18,0,0
BRDA:179,19,0,0
BRDA:180,20,0,0
BRDA:194,21,0,0
BRDA:205,22,0,3
BRDA:207,23,0,1
BRDA:207,23,1,2
BRF:32
BRH:19
end_of_record
TN:
SF:lib/utils/validation.ts
FN:7,(anonymous_0)
FN:17,(anonymous_1)
FN:86,(anonymous_2)
FN:137,(anonymous_3)
FN:174,(anonymous_4)
FN:193,(anonymous_5)
FN:204,(anonymous_6)
FN:217,(anonymous_7)
FN:228,(anonymous_8)
FNF:9
FNH:9
FNDA:45,(anonymous_0)
FNDA:21,(anonymous_1)
FNDA:20,(anonymous_2)
FNDA:11,(anonymous_3)
FNDA:7,(anonymous_4)
FNDA:5,(anonymous_5)
FNDA:5,(anonymous_6)
FNDA:4,(anonymous_7)
FNDA:7,(anonymous_8)
DA:6,1
DA:9,45
DA:10,45
DA:12,45
DA:13,45
DA:17,1
DA:28,21
DA:29,6
DA:37,15
DA:38,1
DA:41,14
DA:42,2
DA:50,12
DA:51,1
DA:55,11
DA:56,1
DA:64,10
DA:65,10
DA:67,10
DA:68,2
DA:75,8
DA:76,2
DA:83,6
DA:86,1
DA:96,20
DA:97,3
DA:104,17
DA:106,17
DA:107,3
DA:110,14
DA:111,1
DA:118,13
DA:119,2
DA:126,11
DA:127,1
DA:134,10
DA:137,1
DA:143,11
DA:144,6
DA:145,5
DA:146,2
DA:148,3
DA:155,8
DA:156,2
DA:160,6
DA:161,6
DA:163,6
DA:164,2
DA:171,4
DA:174,1
DA:175,7
DA:182,4
DA:183,2
DA:190,2
DA:193,1
DA:194,5
DA:195,3
DA:201,2
DA:204,1
DA:207,5
DA:208,2
DA:214,3
DA:217,1
DA:218,4
DA:219,2
DA:225,2
DA:228,1
DA:231,7
DA:237,3
DA:243,4
LF:70
LH:70
BRDA:19,0,0,16
BRDA:20,1,0,17
BRDA:28,2,0,6
BRDA:28,2,1,15
BRDA:37,3,0,1
BRDA:37,3,1,14
BRDA:41,4,0,2
BRDA:41,4,1,12
BRDA:50,5,0,1
BRDA:50,5,1,11
BRDA:50,6,0,12
BRDA:50,6,1,11
BRDA:55,7,0,1
BRDA:55,7,1,10
BRDA:55,8,0,11
BRDA:55,8,1,10
BRDA:64,9,0,3
BRDA:64,9,1,7
BRDA:64,10,0,10
BRDA:64,10,1,10
BRDA:65,11,0,1
BRDA:65,11,1,9
BRDA:65,12,0,10
BRDA:65,12,1,10
BRDA:67,13,0,2
BRDA:67,13,1,8
BRDA:75,14,0,2
BRDA:75,14,1,6
BRDA:89,15,0,5
BRDA:96,16,0,3
BRDA:96,16,1,17
BRDA:106,17,0,3
BRDA:106,17,1,14
BRDA:106,18,0,17
BRDA:106,18,1,8
BRDA:110,19,0,1
BRDA:110,19,1,13
BRDA:110,20,0,14
BRDA:110,20,1,7
BRDA:118,21,0,2
BRDA:118,21,1,11
BRDA:118,22,0,13
BRDA:118,22,1,7
BRDA:126,23,0,1
BRDA:126,23,1,10
BRDA:126,24,0,11
BRDA:126,24,1,2
BRDA:139,25,0,10
BRDA:143,26,0,6
BRDA:143,26,1,5
BRDA:145,27,0,2
BRDA:145,27,1,3
BRDA:155,28,0,2
BRDA:155,28,1,6
BRDA:155,29,0,8
BRDA:155,29,1,6
BRDA:163,30,0,2
BRDA:163,30,1,4
BRDA:163,31,0,6
BRDA:163,31,1,5
BRDA:182,32,0,2
BRDA:182,32,1,2
BRDA:194,33,0,3
BRDA:194,33,1,2
BRDA:194,34,0,5
BRDA:194,34,1,4
BRDA:207,35,0,2
BRDA:207,35,1,3
BRDA:207,36,0,5
BRDA:207,36,1,4
BRDA:207,36,2,3
BRDA:218,37,0,2
BRDA:218,37,1,2
BRDA:218,38,0,4
BRDA:218,38,1,3
BRDA:231,39,0,3
BRDA:231,39,1,4
BRDA:232,40,0,7
BRDA:232,40,1,6
BRDA:232,40,2,5
BRDA:232,40,3,4
BRF:81
BRH:81
end_of_record
